TTests
v7
r0
t305013743.574094
cCheck dependencies
cProcessInfoPlistFile /Users/gabe/Projects/gh-unit/Project/build/Release/Tests.app/Contents/Info.plist Tests-Info.plist
cCpResource build/Release/Tests.app/Contents/Resources/example.json ../Tests/Data/example.json
cProcessPCH /var/folders/Ex/ExrV3443Gey7aKvtaJPTTk++-FA/-Caches-/com.apple.Xcode.1299/SharedPrecompiledHeaders/Tests_Prefix-hghlcfcnwzzklmaigqxkonckwzhp/Tests_Prefix.pch.gch Tests_Prefix.pch normal i386 objective-c com.apple.compilers.gcc.4_2
cProcessPCH /var/folders/Ex/ExrV3443Gey7aKvtaJPTTk++-FA/-Caches-/com.apple.Xcode.1299/SharedPrecompiledHeaders/Tests_Prefix-evvyfngimdqbfgcnixrnsubjzysr/Tests_Prefix.pch.gch Tests_Prefix.pch normal ppc objective-c com.apple.compilers.gcc.4_2
cCompileC build/GHUnit.build/Release/Tests.build/Objects-normal/i386/GHSenTestingTest.o /Users/gabe/Projects/gh-unit/Project/../Tests/GHSenTestingTest.m normal i386 objective-c com.apple.compilers.gcc.4_2
cCompileC build/GHUnit.build/Release/Tests.build/Objects-normal/i386/GHSetUpTearDownTest.o /Users/gabe/Projects/gh-unit/Project/../Tests/GHSetUpTearDownTest.m normal i386 objective-c com.apple.compilers.gcc.4_2
cCompileC build/GHUnit.build/Release/Tests.build/Objects-normal/i386/GHSlowTest.o /Users/gabe/Projects/gh-unit/Project/../Tests/GHSlowTest.m normal i386 objective-c com.apple.compilers.gcc.4_2
cCompileC build/GHUnit.build/Release/Tests.build/Objects-normal/i386/GTMSenTestCase.o /Users/gabe/Projects/gh-unit/Project/../Tests/GTM/GTMSenTestCase.m normal i386 objective-c com.apple.compilers.gcc.4_2
cCompileC build/GHUnit.build/Release/Tests.build/Objects-normal/i386/GHGTMTestCaseTest.o /Users/gabe/Projects/gh-unit/Project/../Tests/GHGTMTestCaseTest.m normal i386 objective-c com.apple.compilers.gcc.4_2
cCompileC build/GHUnit.build/Release/Tests.build/Objects-normal/i386/GHRegisterTestCaseClassTest.o /Users/gabe/Projects/gh-unit/Project/../Tests/GHRegisterTestCaseClassTest.m normal i386 objective-c com.apple.compilers.gcc.4_2
cCompileC build/GHUnit.build/Release/Tests.build/Objects-normal/i386/GHSpecialTestCase.o /Users/gabe/Projects/gh-unit/Project/../Tests/GHSpecialTestCase.m normal i386 objective-c com.apple.compilers.gcc.4_2
cCompileC build/GHUnit.build/Release/Tests.build/Objects-normal/i386/GHUnitTestMain.o /Users/gabe/Projects/gh-unit/Project/../Classes-MacOSX/GHUnitTestMain.m normal i386 objective-c com.apple.compilers.gcc.4_2
cCompileC build/GHUnit.build/Release/Tests.build/Objects-normal/i386/GHMockNSURLConnectionTest.o /Users/gabe/Projects/gh-unit/Project/../Tests/GHMockNSURLConnectionTest.m normal i386 objective-c com.apple.compilers.gcc.4_2
cCompileC build/GHUnit.build/Release/Tests.build/Objects-normal/i386/GHNSLocaleMockTest.o /Users/gabe/Projects/gh-unit/Project/../Tests/GHNSLocaleMockTest.m normal i386 objective-c com.apple.compilers.gcc.4_2
cCompileC build/GHUnit.build/Release/Tests.build/Objects-normal/i386/GHAsyncTestCaseTest.o /Users/gabe/Projects/gh-unit/Project/../Tests/GHAsyncTestCaseTest.m normal i386 objective-c com.apple.compilers.gcc.4_2
cCompileC build/GHUnit.build/Release/Tests.build/Objects-normal/i386/GHTestFail.o /Users/gabe/Projects/gh-unit/Project/../Tests/GHTestFail.m normal i386 objective-c com.apple.compilers.gcc.4_2
cCompileC build/GHUnit.build/Release/Tests.build/Objects-normal/i386/GHTestOnMainThread.o /Users/gabe/Projects/gh-unit/Project/../Tests/GHTestOnMainThread.m normal i386 objective-c com.apple.compilers.gcc.4_2
cCompileC build/GHUnit.build/Release/Tests.build/Objects-normal/i386/GHTestMacrosTest.o /Users/gabe/Projects/gh-unit/Project/../Tests/GHTestMacrosTest.m normal i386 objective-c com.apple.compilers.gcc.4_2
cCompileC build/GHUnit.build/Release/Tests.build/Objects-normal/i386/GHTestLogTest.o /Users/gabe/Projects/gh-unit/Project/../Tests/GHTestLogTest.m normal i386 objective-c com.apple.compilers.gcc.4_2
cLd /Users/gabe/Projects/gh-unit/Project/build/GHUnit.build/Release/Tests.build/Objects-normal/i386/Tests normal i386
cCompileC build/GHUnit.build/Release/Tests.build/Objects-normal/ppc/GHSenTestingTest.o /Users/gabe/Projects/gh-unit/Project/../Tests/GHSenTestingTest.m normal ppc objective-c com.apple.compilers.gcc.4_2
cCompileC build/GHUnit.build/Release/Tests.build/Objects-normal/ppc/GHSetUpTearDownTest.o /Users/gabe/Projects/gh-unit/Project/../Tests/GHSetUpTearDownTest.m normal ppc objective-c com.apple.compilers.gcc.4_2
cCompileC build/GHUnit.build/Release/Tests.build/Objects-normal/ppc/GHSlowTest.o /Users/gabe/Projects/gh-unit/Project/../Tests/GHSlowTest.m normal ppc objective-c com.apple.compilers.gcc.4_2
cCompileC build/GHUnit.build/Release/Tests.build/Objects-normal/ppc/GTMSenTestCase.o /Users/gabe/Projects/gh-unit/Project/../Tests/GTM/GTMSenTestCase.m normal ppc objective-c com.apple.compilers.gcc.4_2
cCompileC build/GHUnit.build/Release/Tests.build/Objects-normal/ppc/GHGTMTestCaseTest.o /Users/gabe/Projects/gh-unit/Project/../Tests/GHGTMTestCaseTest.m normal ppc objective-c com.apple.compilers.gcc.4_2
cCompileC build/GHUnit.build/Release/Tests.build/Objects-normal/ppc/GHRegisterTestCaseClassTest.o /Users/gabe/Projects/gh-unit/Project/../Tests/GHRegisterTestCaseClassTest.m normal ppc objective-c com.apple.compilers.gcc.4_2
cCompileC build/GHUnit.build/Release/Tests.build/Objects-normal/ppc/GHSpecialTestCase.o /Users/gabe/Projects/gh-unit/Project/../Tests/GHSpecialTestCase.m normal ppc objective-c com.apple.compilers.gcc.4_2
cCompileC build/GHUnit.build/Release/Tests.build/Objects-normal/ppc/GHUnitTestMain.o /Users/gabe/Projects/gh-unit/Project/../Classes-MacOSX/GHUnitTestMain.m normal ppc objective-c com.apple.compilers.gcc.4_2
cCompileC build/GHUnit.build/Release/Tests.build/Objects-normal/ppc/GHMockNSURLConnectionTest.o /Users/gabe/Projects/gh-unit/Project/../Tests/GHMockNSURLConnectionTest.m normal ppc objective-c com.apple.compilers.gcc.4_2
cCompileC build/GHUnit.build/Release/Tests.build/Objects-normal/ppc/GHNSLocaleMockTest.o /Users/gabe/Projects/gh-unit/Project/../Tests/GHNSLocaleMockTest.m normal ppc objective-c com.apple.compilers.gcc.4_2
cCompileC build/GHUnit.build/Release/Tests.build/Objects-normal/ppc/GHAsyncTestCaseTest.o /Users/gabe/Projects/gh-unit/Project/../Tests/GHAsyncTestCaseTest.m normal ppc objective-c com.apple.compilers.gcc.4_2
cCompileC build/GHUnit.build/Release/Tests.build/Objects-normal/ppc/GHTestFail.o /Users/gabe/Projects/gh-unit/Project/../Tests/GHTestFail.m normal ppc objective-c com.apple.compilers.gcc.4_2
cCompileC build/GHUnit.build/Release/Tests.build/Objects-normal/ppc/GHTestOnMainThread.o /Users/gabe/Projects/gh-unit/Project/../Tests/GHTestOnMainThread.m normal ppc objective-c com.apple.compilers.gcc.4_2
cCompileC build/GHUnit.build/Release/Tests.build/Objects-normal/ppc/GHTestMacrosTest.o /Users/gabe/Projects/gh-unit/Project/../Tests/GHTestMacrosTest.m normal ppc objective-c com.apple.compilers.gcc.4_2
cCompileC build/GHUnit.build/Release/Tests.build/Objects-normal/ppc/GHTestLogTest.o /Users/gabe/Projects/gh-unit/Project/../Tests/GHTestLogTest.m normal ppc objective-c com.apple.compilers.gcc.4_2
cLd /Users/gabe/Projects/gh-unit/Project/build/GHUnit.build/Release/Tests.build/Objects-normal/ppc/Tests normal ppc
cCreateUniversalBinary /Users/gabe/Projects/gh-unit/Project/build/Release/Tests.app/Contents/MacOS/Tests normal "i386 ppc"
cGenerateDSYMFile /Users/gabe/Projects/gh-unit/Project/build/Release/Tests.app.dSYM /Users/gabe/Projects/gh-unit/Project/build/Release/Tests.app/Contents/MacOS/Tests
cPBXCp build/Release/SenTestingKit.framework /Developer-3.2.4/Library/Frameworks/SenTestingKit.framework
cPhaseScriptExecution "Run Script" /Users/gabe/Projects/gh-unit/Project/build/GHUnit.build/Release/Tests.build/Script-00C1A2DC0F5284E700FCCA14.sh
cTouch /Users/gabe/Projects/gh-unit/Project/build/Release/Tests.app

N/Developer-3.2.4/Library/Frameworks/SenTestingKit.framework
c000000004C58A5FD00000000000000EE
t1280878077
s238

N/Developer-3.2.4/Library/Frameworks/SenTestingKit.framework/SenTestingKit
c000000004C46C3F00000000000044BD0
t1279706096
s281552

N/Developer-3.2.4/SDKs/MacOSX10.5.sdk
c000000004C445C5F00000000000000EE
t1279548511
s238

N/Developer-3.2.4/SDKs/MacOSX10.5.sdk/System/Library/Frameworks/Cocoa.framework/Headers/Cocoa.h
c0000000040C4AA6800000000000001E5
t1086630504
s485

N/Developer-3.2.4/SDKs/MacOSX10.5.sdk/System/Library/Frameworks/Foundation.framework/Headers/Foundation.h
c000000004864A1C900000000000012EE
t1214554569
s4846

N/Developer-3.2.4/SDKs/MacOSX10.5.sdk/System/Library/Frameworks/Foundation.framework/Headers/NSObject.h
c000000004864A1CB0000000000000CD5
t1214554571
s3285

N/Developer-3.2.4/SDKs/MacOSX10.5.sdk/usr/include/AvailabilityMacros.h
c000000004817F968000000000000506E
t1209530728
s20590

N/Developer-3.2.4/SDKs/MacOSX10.5.sdk/usr/include/TargetConditionals.h
c000000004817F9680000000000002778
t1209530728
s10104

N/Developer-3.2.4/SDKs/MacOSX10.5.sdk/usr/include/unistd.h
c0000000047BA993200000000000053FF
t1203411250
s21503

N/Developer-3.2.4/SDKs/MacOSX10.5.sdk/usr/lib/gcc/powerpc-apple-darwin10/4.2.1/include/stdarg.h
c000000004AC59DA000000000000010DD
t1254464928
s4317

N/Users/gabe/Projects/gh-unit/Classes-MacOSX/UI/GHTestOutlineViewModel.h
c000000004C7DE71000000000000002CA
t1283319568
s714
i"GHTestViewModel.h"

N/Users/gabe/Projects/gh-unit/Classes-MacOSX/UI/GHTestViewController.h
c000000004C6192F40000000000000C40
t1281463028
s3136
i"GHTestViewModel.h"
i"GHTestGroup.h"
i"GHTestOutlineViewModel.h"
i"BWSplitView.h"

N/Users/gabe/Projects/gh-unit/Classes-MacOSX/UI/GHTestWindowController.h
c000000004C6192F400000000000005EC
t1281463028
s1516
i"GHTestViewController.h"

N/Users/gabe/Projects/gh-unit/Classes/GHAsyncTestCase.h
c000000004C7DEAE200000000000010C3
t1283320546
s4291
i"GHTestCase.h"

N/Users/gabe/Projects/gh-unit/Classes/GHTest/GHTest.h
c000000004C6192F30000000000001553
t1281463027
s5459

N/Users/gabe/Projects/gh-unit/Classes/GHTest/GHTestGroup.h
c000000004C6192F30000000000001311
t1281463027
s4881
i"GHTest.h"
i"GHTestCase.h"

N/Users/gabe/Projects/gh-unit/Classes/GHTest/GHTestSuite.h
c000000004C6192F30000000000000E73
t1281463027
s3699
i"GHTestGroup.h"

N/Users/gabe/Projects/gh-unit/Classes/GHTestCase.h
c000000004C6192F30000000000001095
t1281463027
s4245
i"GHTestMacros.h"
i"GHTest.h"

N/Users/gabe/Projects/gh-unit/Classes/GHTestMacros.h
c000000004C7DE4880000000000009E8F
t1283318920
s40591
i"NSException+GHTestFailureExceptions.h"
i"NSValue+GHValueFormatter.h"

N/Users/gabe/Projects/gh-unit/Classes/Mock/GHNSLocale+Mock.h
c000000004C6192F300000000000007D4
t1281463027
s2004
i"GHNSLocale+Mock.h"

N/Users/gabe/Projects/gh-unit/Project/../Classes-MacOSX/GHUnitTestMain.m
c000000004C6192F40000000000000D52
t1281463028
s3410
i<Foundation/Foundation.h>
i<GHUnit/GHUnit.h>
i<GHUnit/GHTestApp.h>

N/Users/gabe/Projects/gh-unit/Project/../Classes-MacOSX/UI/GHTestApp.h
c000000004C6192F4000000000000016F
t1281463028
s367
i"GHTestWindowController.h"

N/Users/gabe/Projects/gh-unit/Project/../Classes/GHTest/GHTest+JUnitXML.h
c000000004C6192F3000000000000059E
t1281463027
s1438
i"GHTest.h"

N/Users/gabe/Projects/gh-unit/Project/../Classes/GHTest/GHTest.h
c000000004C6192F30000000000001553
t1281463027
s5459

N/Users/gabe/Projects/gh-unit/Project/../Classes/GHTest/GHTestGroup+JUnitXML.h
c000000004C6192F3000000000000057C
t1281463027
s1404
i"GHTestGroup.h"

N/Users/gabe/Projects/gh-unit/Project/../Classes/GHTest/GHTestGroup.h
c000000004C6192F30000000000001311
t1281463027
s4881
i"GHTest.h"
i"GHTestCase.h"

N/Users/gabe/Projects/gh-unit/Project/../Classes/GHTest/GHTestOperation.h
c000000004C6192F300000000000005C8
t1281463027
s1480
i"GHTest.h"

N/Users/gabe/Projects/gh-unit/Project/../Classes/GHTest/GHTestRunner.h
c000000004C6192F30000000000001362
t1281463027
s4962
i"GHTestGroup.h"
i"GHTestSuite.h"

N/Users/gabe/Projects/gh-unit/Project/../Classes/GHTest/GHTestSuite.h
c000000004C6192F30000000000000E73
t1281463027
s3699
i"GHTestGroup.h"

N/Users/gabe/Projects/gh-unit/Project/../Classes/GHTest/GHTesting.h
c000000004C6192F30000000000001044
t1281463027
s4164

N/Users/gabe/Projects/gh-unit/Project/../Classes/GHTest/NSException+GHTestFailureExceptions.h
c000000004C6192F30000000000000F3E
t1281463027
s3902
i<Foundation/Foundation.h>

N/Users/gabe/Projects/gh-unit/Project/../Classes/GHTest/NSValue+GHValueFormatter.h
c000000004C6192F30000000000000BDB
t1281463027
s3035
i<Foundation/Foundation.h>

N/Users/gabe/Projects/gh-unit/Project/../Classes/GHUnit.h
c000000004C6192F30000000000000711
t1281463027
s1809
i"GHTestCase.h"
i"GHAsyncTestCase.h"
i"GHTestSuite.h"
i"GHTestMacros.h"
i"GHTestRunner.h"
i"GHTest.h"
i"GHTesting.h"
i"GHTestOperation.h"
i"GHTestGroup.h"
i"GHTest+JUnitXML.h"
i"GHTestGroup+JUnitXML.h"
i"NSException+GHTestFailureExceptions.h"
i"NSValue+GHValueFormatter.h"

N/Users/gabe/Projects/gh-unit/Project/../Classes/Mock/GHMockNSURLConnection.h
c000000004C6192F30000000000001723
t1281463027
s5923
i<Foundation/Foundation.h>

N/Users/gabe/Projects/gh-unit/Project/../Classes/Mock/GHNSLocale+Mock.h
c000000004C6192F300000000000007D4
t1281463027
s2004
i"GHNSLocale+Mock.h"

N/Users/gabe/Projects/gh-unit/Project/../Classes/SharedUI/GHTestViewModel.h
c000000004C6192F30000000000001104
t1281463027
s4356
i"GHTestGroup.h"

N/Users/gabe/Projects/gh-unit/Project/../Libraries-MaxOSX/BWToolkitFramework/BWSplitView.h
c000000004C7DE7370000000000000636
t1283319607
s1590
i<Cocoa/Cocoa.h>

N/Users/gabe/Projects/gh-unit/Project/../Libraries/GTM/GTMDefines.h
c000000004C6192F50000000000002645
t1281463029
s9797
i<AvailabilityMacros.h>
i<TargetConditionals.h>

N/Users/gabe/Projects/gh-unit/Project/../Tests/Data/example.json
c000000004C6192FA0000000000000010
t1281463034
s16

N/Users/gabe/Projects/gh-unit/Project/../Tests/GHAsyncTestCaseTest.m
c000000004C6192FA0000000000000C65
t1281463034
s3173
i"GHAsyncTestCase.h"

N/Users/gabe/Projects/gh-unit/Project/../Tests/GHGTMTestCaseTest.m
c000000004C6192FA0000000000000150
t1281463034
s336
i"GTMSenTestCase.h"

N/Users/gabe/Projects/gh-unit/Project/../Tests/GHMockNSURLConnectionTest.m
c000000004C6192FA0000000000000D5E
t1281463034
s3422
i"GHAsyncTestCase.h"
i"GHMockNSURLConnection.h"

N/Users/gabe/Projects/gh-unit/Project/../Tests/GHNSLocaleMockTest.m
c000000004C6192FA00000000000001E2
t1281463034
s482
i"GHTestCase.h"
i"GHNSLocale+Mock.h"

N/Users/gabe/Projects/gh-unit/Project/../Tests/GHRegisterTestCaseClassTest.m
c000000004C6192FA0000000000000134
t1281463034
s308
i"GHSpecialTestCase.h"

N/Users/gabe/Projects/gh-unit/Project/../Tests/GHSenTestingTest.m
c000000004C7DEC0D0000000000000400
t1283320845
s1024
i<SenTestingKit/SenTestingKit.h>

N/Users/gabe/Projects/gh-unit/Project/../Tests/GHSetUpTearDownTest.m
c000000004C6192FA00000000000006CE
t1281463034
s1742
i"GHTestCase.h"

N/Users/gabe/Projects/gh-unit/Project/../Tests/GHSlowTest.m
c000000004C6192FA0000000000000121
t1281463034
s289
i"GHTestCase.h"

N/Users/gabe/Projects/gh-unit/Project/../Tests/GHSpecialTestCase.m
c000000004C6192FA00000000000000CA
t1281463034
s202
i"GHSpecialTestCase.h"

N/Users/gabe/Projects/gh-unit/Project/../Tests/GHTestFail.m
c000000004C6192FA00000000000003CD
t1281463034
s973
i"GHTestCase.h"

N/Users/gabe/Projects/gh-unit/Project/../Tests/GHTestLogTest.m
c000000004C6192FA000000000000021E
t1281463034
s542
i"GHTestCase.h"

N/Users/gabe/Projects/gh-unit/Project/../Tests/GHTestMacrosTest.m
c000000004C7DE33D000000000000021D
t1283318589
s541
i"GHTestCase.h"

N/Users/gabe/Projects/gh-unit/Project/../Tests/GHTestOnMainThread.m
c000000004C6192FA00000000000004D3
t1281463034
s1235
i"GHTestCase.h"

N/Users/gabe/Projects/gh-unit/Project/../Tests/GTM/GTMSenTestCase.m
c000000004C6192FA0000000000002C4E
t1281463034
s11342
i"GTMSenTestCase.h"
i<unistd.h>
i<stdarg.h>

N/Users/gabe/Projects/gh-unit/Project/Tests_Prefix.pch
c000000004C6192F800000000000000A6
t1281463032
s166
i<Cocoa/Cocoa.h>
i<GHUnit/GHUnit.h>

N/Users/gabe/Projects/gh-unit/Project/build/GHUnit.build/Release/Tests.build/Objects-normal/i386/GHAsyncTestCaseTest.o
t1283320709
s17588

N/Users/gabe/Projects/gh-unit/Project/build/GHUnit.build/Release/Tests.build/Objects-normal/i386/GHGTMTestCaseTest.o
t1283320850
s7504

N/Users/gabe/Projects/gh-unit/Project/build/GHUnit.build/Release/Tests.build/Objects-normal/i386/GHMockNSURLConnectionTest.o
t1283320709
s24924

N/Users/gabe/Projects/gh-unit/Project/build/GHUnit.build/Release/Tests.build/Objects-normal/i386/GHNSLocaleMockTest.o
t1283320709
s8956

N/Users/gabe/Projects/gh-unit/Project/build/GHUnit.build/Release/Tests.build/Objects-normal/i386/GHRegisterTestCaseClassTest.o
t1283320709
s5764

N/Users/gabe/Projects/gh-unit/Project/build/GHUnit.build/Release/Tests.build/Objects-normal/i386/GHSenTestingTest.o
t1283320850
s4404

N/Users/gabe/Projects/gh-unit/Project/build/GHUnit.build/Release/Tests.build/Objects-normal/i386/GHSetUpTearDownTest.o
t1283320709
s13872

N/Users/gabe/Projects/gh-unit/Project/build/GHUnit.build/Release/Tests.build/Objects-normal/i386/GHSlowTest.o
t1283320709
s6316

N/Users/gabe/Projects/gh-unit/Project/build/GHUnit.build/Release/Tests.build/Objects-normal/i386/GHSpecialTestCase.o
t1283320709
s4828

N/Users/gabe/Projects/gh-unit/Project/build/GHUnit.build/Release/Tests.build/Objects-normal/i386/GHTestFail.o
t1283320709
s10452

N/Users/gabe/Projects/gh-unit/Project/build/GHUnit.build/Release/Tests.build/Objects-normal/i386/GHTestLogTest.o
t1283320709
s8824

N/Users/gabe/Projects/gh-unit/Project/build/GHUnit.build/Release/Tests.build/Objects-normal/i386/GHTestMacrosTest.o
t1283320710
s10568

N/Users/gabe/Projects/gh-unit/Project/build/GHUnit.build/Release/Tests.build/Objects-normal/i386/GHTestOnMainThread.o
t1283320709
s14124

N/Users/gabe/Projects/gh-unit/Project/build/GHUnit.build/Release/Tests.build/Objects-normal/i386/GHUnitTestMain.o
t1283320709
s28196

N/Users/gabe/Projects/gh-unit/Project/build/GHUnit.build/Release/Tests.build/Objects-normal/i386/GTMSenTestCase.o
t1283320850
s13352

N/Users/gabe/Projects/gh-unit/Project/build/GHUnit.build/Release/Tests.build/Objects-normal/i386/Tests
t1283320941
s50568

N/Users/gabe/Projects/gh-unit/Project/build/GHUnit.build/Release/Tests.build/Objects-normal/i386/Tests.LinkFileList
c000000004C7DEB7C00000000000006CA
t1283320700
s1738

N/Users/gabe/Projects/gh-unit/Project/build/GHUnit.build/Release/Tests.build/Objects-normal/ppc/GHAsyncTestCaseTest.o
t1283320851
s19532

N/Users/gabe/Projects/gh-unit/Project/build/GHUnit.build/Release/Tests.build/Objects-normal/ppc/GHGTMTestCaseTest.o
t1283320851
s7500

N/Users/gabe/Projects/gh-unit/Project/build/GHUnit.build/Release/Tests.build/Objects-normal/ppc/GHMockNSURLConnectionTest.o
t1283320851
s28272

N/Users/gabe/Projects/gh-unit/Project/build/GHUnit.build/Release/Tests.build/Objects-normal/ppc/GHNSLocaleMockTest.o
t1283320851
s9596

N/Users/gabe/Projects/gh-unit/Project/build/GHUnit.build/Release/Tests.build/Objects-normal/ppc/GHRegisterTestCaseClassTest.o
t1283320851
s5756

N/Users/gabe/Projects/gh-unit/Project/build/GHUnit.build/Release/Tests.build/Objects-normal/ppc/GHSenTestingTest.o
t1283320850
s4472

N/Users/gabe/Projects/gh-unit/Project/build/GHUnit.build/Release/Tests.build/Objects-normal/ppc/GHSetUpTearDownTest.o
t1283320851
s15472

N/Users/gabe/Projects/gh-unit/Project/build/GHUnit.build/Release/Tests.build/Objects-normal/ppc/GHSlowTest.o
t1283320850
s6456

N/Users/gabe/Projects/gh-unit/Project/build/GHUnit.build/Release/Tests.build/Objects-normal/ppc/GHSpecialTestCase.o
t1283320851
s4896

N/Users/gabe/Projects/gh-unit/Project/build/GHUnit.build/Release/Tests.build/Objects-normal/ppc/GHTestFail.o
t1283320851
s11320

N/Users/gabe/Projects/gh-unit/Project/build/GHUnit.build/Release/Tests.build/Objects-normal/ppc/GHTestLogTest.o
t1283320851
s9180

N/Users/gabe/Projects/gh-unit/Project/build/GHUnit.build/Release/Tests.build/Objects-normal/ppc/GHTestMacrosTest.o
t1283320851
s11616

N/Users/gabe/Projects/gh-unit/Project/build/GHUnit.build/Release/Tests.build/Objects-normal/ppc/GHTestOnMainThread.o
t1283320851
s16520

N/Users/gabe/Projects/gh-unit/Project/build/GHUnit.build/Release/Tests.build/Objects-normal/ppc/GHUnitTestMain.o
t1283320851
s28584

N/Users/gabe/Projects/gh-unit/Project/build/GHUnit.build/Release/Tests.build/Objects-normal/ppc/GTMSenTestCase.o
t1283320851
s14316

N/Users/gabe/Projects/gh-unit/Project/build/GHUnit.build/Release/Tests.build/Objects-normal/ppc/Tests
t1283320941
s49160

N/Users/gabe/Projects/gh-unit/Project/build/GHUnit.build/Release/Tests.build/Objects-normal/ppc/Tests.LinkFileList
c000000004C7DEB7C00000000000006BB
t1283320700
s1723

N/Users/gabe/Projects/gh-unit/Project/build/GHUnit.build/Release/Tests.build/Objects-normal/x86_64/GHAsyncTestCaseTest.o
t1283320708
s27340

N/Users/gabe/Projects/gh-unit/Project/build/GHUnit.build/Release/Tests.build/Objects-normal/x86_64/GHGTMTestCaseTest.o
t2
s0

N/Users/gabe/Projects/gh-unit/Project/build/GHUnit.build/Release/Tests.build/Objects-normal/x86_64/GHMockNSURLConnectionTest.o
t1283320708
s37340

N/Users/gabe/Projects/gh-unit/Project/build/GHUnit.build/Release/Tests.build/Objects-normal/x86_64/GHNSLocaleMockTest.o
t1283320708
s12428

N/Users/gabe/Projects/gh-unit/Project/build/GHUnit.build/Release/Tests.build/Objects-normal/x86_64/GHRegisterTestCaseClassTest.o
t1283320708
s6972

N/Users/gabe/Projects/gh-unit/Project/build/GHUnit.build/Release/Tests.build/Objects-normal/x86_64/GHSenTestingTest.o
t2
s0

N/Users/gabe/Projects/gh-unit/Project/build/GHUnit.build/Release/Tests.build/Objects-normal/x86_64/GHSetUpTearDownTest.o
t1283320708
s20904

N/Users/gabe/Projects/gh-unit/Project/build/GHUnit.build/Release/Tests.build/Objects-normal/x86_64/GHSlowTest.o
t1283320708
s8048

N/Users/gabe/Projects/gh-unit/Project/build/GHUnit.build/Release/Tests.build/Objects-normal/x86_64/GHSpecialTestCase.o
t1283320708
s5536

N/Users/gabe/Projects/gh-unit/Project/build/GHUnit.build/Release/Tests.build/Objects-normal/x86_64/GHTestFail.o
t1283320708
s16088

N/Users/gabe/Projects/gh-unit/Project/build/GHUnit.build/Release/Tests.build/Objects-normal/x86_64/GHTestLogTest.o
t1283320709
s11332

N/Users/gabe/Projects/gh-unit/Project/build/GHUnit.build/Release/Tests.build/Objects-normal/x86_64/GHTestMacrosTest.o
t1283320708
s13608

N/Users/gabe/Projects/gh-unit/Project/build/GHUnit.build/Release/Tests.build/Objects-normal/x86_64/GHTestOnMainThread.o
t1283320709
s20920

N/Users/gabe/Projects/gh-unit/Project/build/GHUnit.build/Release/Tests.build/Objects-normal/x86_64/GHUnitTestMain.o
t1283320708
s29920

N/Users/gabe/Projects/gh-unit/Project/build/GHUnit.build/Release/Tests.build/Objects-normal/x86_64/GTMSenTestCase.o
t2
s0

N/Users/gabe/Projects/gh-unit/Project/build/GHUnit.build/Release/Tests.build/Objects-normal/x86_64/Tests
t2
s0

N/Users/gabe/Projects/gh-unit/Project/build/GHUnit.build/Release/Tests.build/Objects-normal/x86_64/Tests.LinkFileList
c000000004C7DEB7C00000000000006E8
t1283320700
s1768

N/Users/gabe/Projects/gh-unit/Project/build/GHUnit.build/Release/Tests.build/Script-00C1A2DC0F5284E700FCCA14.sh
c000000004C7DEB7C0000000000000021
t1283320700
s33

N/Users/gabe/Projects/gh-unit/Project/build/Release/GHUnit.framework/GHUnit
c000000004C7DEB7C00000000000A9650
t1283320700
s693840

N/Users/gabe/Projects/gh-unit/Project/build/Release/SenTestingKit.framework
t1283320711
s238

N/Users/gabe/Projects/gh-unit/Project/build/Release/SenTestingKit.framework/Headers/NSException_SenTestFailure.h
c000000004C7DEB870000000000000E25
t1283320711
s3621
i<Foundation/Foundation.h>
i<SenTestingKit/SenTestDefines.h>

N/Users/gabe/Projects/gh-unit/Project/build/Release/SenTestingKit.framework/Headers/SenInterfaceTestCase.h
c000000004C7DEB870000000000000701
t1283320711
s1793
i<Foundation/Foundation.h>
i<SenTestingKit/SenTestCase.h>

N/Users/gabe/Projects/gh-unit/Project/build/Release/SenTestingKit.framework/Headers/SenTest.h
c000000004C7DEB87000000000000084C
t1283320711
s2124
i<Foundation/Foundation.h>

N/Users/gabe/Projects/gh-unit/Project/build/Release/SenTestingKit.framework/Headers/SenTestCase.h
c000000004C7DEB87000000000000167B
t1283320711
s5755
i<Foundation/NSObject.h>
i<SenTestingKit/SenTest.h>
i<SenTestingKit/SenTestCase_Macros.h>
i<SenTestingKit/NSException_SenTestFailure.h>

N/Users/gabe/Projects/gh-unit/Project/build/Release/SenTestingKit.framework/Headers/SenTestCaseRun.h
c000000004C7DEB870000000000000860
t1283320711
s2144
i<SenTestingKit/SenTestRun.h>
i<SenTestingKit/SenTestDefines.h>

N/Users/gabe/Projects/gh-unit/Project/build/Release/SenTestingKit.framework/Headers/SenTestCase_Macros.h
c000000004C7DEB870000000000007F41
t1283320711
s32577
i<SenTestingKit/SenTestingUtilities.h>

N/Users/gabe/Projects/gh-unit/Project/build/Release/SenTestingKit.framework/Headers/SenTestDefines.h
c000000004C7DEB870000000000000947
t1283320711
s2375

N/Users/gabe/Projects/gh-unit/Project/build/Release/SenTestingKit.framework/Headers/SenTestDistributedNotifier.h
c000000004C7DEB8700000000000006F0
t1283320711
s1776
i<Foundation/Foundation.h>
i<SenTestingKit/SenTestObserver.h>

N/Users/gabe/Projects/gh-unit/Project/build/Release/SenTestingKit.framework/Headers/SenTestLog.h
c000000004C7DEB8700000000000006D0
t1283320711
s1744
i<Foundation/Foundation.h>
i<SenTestingKit/SenTestObserver.h>

N/Users/gabe/Projects/gh-unit/Project/build/Release/SenTestingKit.framework/Headers/SenTestObserver.h
c000000004C7DEB8700000000000009CF
t1283320711
s2511
i<Foundation/Foundation.h>
i<SenTestingKit/SenTestDefines.h>

N/Users/gabe/Projects/gh-unit/Project/build/Release/SenTestingKit.framework/Headers/SenTestProbe.h
c000000004C7DEB870000000000000958
t1283320711
s2392
i<Foundation/Foundation.h>
i<SenTestingKit/SenTestDefines.h>

N/Users/gabe/Projects/gh-unit/Project/build/Release/SenTestingKit.framework/Headers/SenTestRun.h
c000000004C7DEB870000000000000A79
t1283320711
s2681
i<Foundation/NSObject.h>
i<SenTestingKit/SenTest.h>

N/Users/gabe/Projects/gh-unit/Project/build/Release/SenTestingKit.framework/Headers/SenTestSuite.h
c000000004C7DEB870000000000000CCF
t1283320711
s3279
i<SenTestingKit/SenTest.h>
i<SenTestingKit/SenTestCase.h>
i<Foundation/Foundation.h>

N/Users/gabe/Projects/gh-unit/Project/build/Release/SenTestingKit.framework/Headers/SenTestSuiteRun.h
c000000004C7DEB8700000000000007D3
t1283320711
s2003
i<SenTestingKit/SenTestRun.h>
i<SenTestingKit/SenTestDefines.h>

N/Users/gabe/Projects/gh-unit/Project/build/Release/SenTestingKit.framework/Headers/SenTestingKit.h
c000000004C7DEB8700000000000008A5
t1283320711
s2213
i<SenTestingKit/SenTestDefines.h>
i<SenTestingKit/SenTest.h>
i<SenTestingKit/SenTestCase.h>
i<SenTestingKit/SenTestSuite.h>
i<SenTestingKit/SenTestObserver.h>
i<SenTestingKit/NSException_SenTestFailure.h>
i<SenTestingKit/SenTestLog.h>
i<SenTestingKit/SenTestDistributedNotifier.h>
i<SenTestingKit/SenTestRun.h>
i<SenTestingKit/SenTestSuiteRun.h>
i<SenTestingKit/SenTestCaseRun.h>
i<SenTestingKit/SenInterfaceTestCase.h>
i<SenTestingKit/SenTestProbe.h>
i<SenTestingKit/SenTestingUtilities.h>

N/Users/gabe/Projects/gh-unit/Project/build/Release/SenTestingKit.framework/Headers/SenTestingUtilities.h
c000000004C7DEB870000000000000C37
t1283320711
s3127
i<Foundation/Foundation.h>

N/Users/gabe/Projects/gh-unit/Project/build/Release/Tests.app
t1283320941
s102

N/Users/gabe/Projects/gh-unit/Project/build/Release/Tests.app.dSYM
t1283320941
s102

N/Users/gabe/Projects/gh-unit/Project/build/Release/Tests.app/Contents/Info.plist
t1283320866
s652

N/Users/gabe/Projects/gh-unit/Project/build/Release/Tests.app/Contents/MacOS/Tests
t1283320941
s106504

N/Users/gabe/Projects/gh-unit/Project/build/Release/Tests.app/Contents/PkgInfo
t1283320866
s8

N/Users/gabe/Projects/gh-unit/Project/build/Release/Tests.app/Contents/Resources/example.json
t1283320700
s16

N/Users/gabe/Projects/gh-unit/Tests/GHSpecialTestCase.h
c000000004C6192FA00000000000000B5
t1281463034
s181

N/Users/gabe/Projects/gh-unit/Tests/GTM/GTMSenTestCase.h
c000000004C7DE1F6000000000000C38C
t1283318262
s50060
i"GTMDefines.h"
i<SenTestingKit/SenTestingKit.h>
i<Foundation/Foundation.h>

N/var/folders/Ex/ExrV3443Gey7aKvtaJPTTk++-FA/-Caches-/com.apple.Xcode.1299/SharedPrecompiledHeaders/Tests_Prefix-dluzdvmotkpjhaboufagezukcfrf/Tests_Prefix.pch.gch
t1283320707
s50250480

N/var/folders/Ex/ExrV3443Gey7aKvtaJPTTk++-FA/-Caches-/com.apple.Xcode.1299/SharedPrecompiledHeaders/Tests_Prefix-evvyfngimdqbfgcnixrnsubjzysr/Tests_Prefix.pch.gch
t1283320850
s50418352

N/var/folders/Ex/ExrV3443Gey7aKvtaJPTTk++-FA/-Caches-/com.apple.Xcode.1299/SharedPrecompiledHeaders/Tests_Prefix-fstlyidtcbodrndbqcuhrfiovrzo/Tests_Prefix.pch.gch
t1283320707
s50418352

N/var/folders/Ex/ExrV3443Gey7aKvtaJPTTk++-FA/-Caches-/com.apple.Xcode.1299/SharedPrecompiledHeaders/Tests_Prefix-hghlcfcnwzzklmaigqxkonckwzhp/Tests_Prefix.pch.gch
t1283320707
s53195632

NTest-Info.plist
c00000000000000000000000000000000
t2
s0

NTests-Info.plist
c000000004C6192F800000000000002DB
t1281463032
s731

CCheck dependencies
r0
lSLF07#2@18"Check dependencies305013743#305013743#0(0"0(0#1#0"8674340800#0"0#

CCompileC build/GHUnit.build/Release/Tests.build/Objects-normal/i386/GHAsyncTestCaseTest.o /Users/gabe/Projects/gh-unit/Project/../Tests/GHAsyncTestCaseTest.m normal i386 objective-c com.apple.compilers.gcc.4_2
s305013509.418913
e305013509.750203
r1
xCompileC
xbuild/GHUnit.build/Release/Tests.build/Objects-normal/i386/GHAsyncTestCaseTest.o
x/Users/gabe/Projects/gh-unit/Project/../Tests/GHAsyncTestCaseTest.m
xnormal
xi386
xobjective-c
xcom.apple.compilers.gcc.4_2
lSLF07#2@75"Compile /Users/gabe/Projects/gh-unit/Project/../Tests/GHAsyncTestCaseTest.m305013509#305013509#0(0"0(0#0#67"/Users/gabe/Projects/gh-unit/Project/../Tests/GHAsyncTestCaseTest.m8698917152#1475"    cd /Users/gabe/Projects/gh-unit/Project    setenv LANG en_US.US-ASCII    /Developer-3.2.4/usr/bin/gcc-4.2 -x objective-c -arch i386 -fmessage-length=0 -pipe -std=c99 -Wno-trigraphs -fpascal-strings -fasm-blocks -Os -mdynamic-no-pic -Wreturn-type -Wunused-variable -isysroot /Developer-3.2.4/SDKs/MacOSX10.5.sdk -fvisibility=hidden -mmacosx-version-min=10.5 -gdwarf-2 -iquote /Users/gabe/Projects/gh-unit/Project/build/GHUnit.build/Release/Tests.build/Tests-generated-files.hmap -I/Users/gabe/Projects/gh-unit/Project/build/GHUnit.build/Release/Tests.build/Tests-own-target-headers.hmap -I/Users/gabe/Projects/gh-unit/Project/build/GHUnit.build/Release/Tests.build/Tests-all-target-headers.hmap -iquote /Users/gabe/Projects/gh-unit/Project/build/GHUnit.build/Release/Tests.build/Tests-project-headers.hmap -F/Users/gabe/Projects/gh-unit/Project/build/Release -I/Users/gabe/Projects/gh-unit/Project/build/Release/include -I/Users/gabe/Projects/gh-unit/Project/build/GHUnit.build/Release/Tests.build/DerivedSources/i386 -I/Users/gabe/Projects/gh-unit/Project/build/GHUnit.build/Release/Tests.build/DerivedSources -include /var/folders/Ex/ExrV3443Gey7aKvtaJPTTk++-FA/-Caches-/com.apple.Xcode.1299/SharedPrecompiledHeaders/Tests_Prefix-hghlcfcnwzzklmaigqxkonckwzhp/Tests_Prefix.pch -c /Users/gabe/Projects/gh-unit/Project/../Tests/GHAsyncTestCaseTest.m -o /Users/gabe/Projects/gh-unit/Project/build/GHUnit.build/Release/Tests.build/Objects-normal/i386/GHAsyncTestCaseTest.o0#

CCompileC build/GHUnit.build/Release/Tests.build/Objects-normal/i386/GHGTMTestCaseTest.o /Users/gabe/Projects/gh-unit/Project/../Tests/GHGTMTestCaseTest.m normal i386 objective-c com.apple.compilers.gcc.4_2
s305013650.555619
e305013650.759302
r1
xCompileC
xbuild/GHUnit.build/Release/Tests.build/Objects-normal/i386/GHGTMTestCaseTest.o
x/Users/gabe/Projects/gh-unit/Project/../Tests/GHGTMTestCaseTest.m
xnormal
xi386
xobjective-c
xcom.apple.compilers.gcc.4_2
lSLF07#2@73"Compile /Users/gabe/Projects/gh-unit/Project/../Tests/GHGTMTestCaseTest.m305013650#305013650#0(0"0(0#0#65"/Users/gabe/Projects/gh-unit/Project/../Tests/GHGTMTestCaseTest.m8755766816#1471"    cd /Users/gabe/Projects/gh-unit/Project    setenv LANG en_US.US-ASCII    /Developer-3.2.4/usr/bin/gcc-4.2 -x objective-c -arch i386 -fmessage-length=0 -pipe -std=c99 -Wno-trigraphs -fpascal-strings -fasm-blocks -Os -mdynamic-no-pic -Wreturn-type -Wunused-variable -isysroot /Developer-3.2.4/SDKs/MacOSX10.5.sdk -fvisibility=hidden -mmacosx-version-min=10.5 -gdwarf-2 -iquote /Users/gabe/Projects/gh-unit/Project/build/GHUnit.build/Release/Tests.build/Tests-generated-files.hmap -I/Users/gabe/Projects/gh-unit/Project/build/GHUnit.build/Release/Tests.build/Tests-own-target-headers.hmap -I/Users/gabe/Projects/gh-unit/Project/build/GHUnit.build/Release/Tests.build/Tests-all-target-headers.hmap -iquote /Users/gabe/Projects/gh-unit/Project/build/GHUnit.build/Release/Tests.build/Tests-project-headers.hmap -F/Users/gabe/Projects/gh-unit/Project/build/Release -I/Users/gabe/Projects/gh-unit/Project/build/Release/include -I/Users/gabe/Projects/gh-unit/Project/build/GHUnit.build/Release/Tests.build/DerivedSources/i386 -I/Users/gabe/Projects/gh-unit/Project/build/GHUnit.build/Release/Tests.build/DerivedSources -include /var/folders/Ex/ExrV3443Gey7aKvtaJPTTk++-FA/-Caches-/com.apple.Xcode.1299/SharedPrecompiledHeaders/Tests_Prefix-hghlcfcnwzzklmaigqxkonckwzhp/Tests_Prefix.pch -c /Users/gabe/Projects/gh-unit/Project/../Tests/GHGTMTestCaseTest.m -o /Users/gabe/Projects/gh-unit/Project/build/GHUnit.build/Release/Tests.build/Objects-normal/i386/GHGTMTestCaseTest.o0#

CCompileC build/GHUnit.build/Release/Tests.build/Objects-normal/i386/GHMockNSURLConnectionTest.o /Users/gabe/Projects/gh-unit/Project/../Tests/GHMockNSURLConnectionTest.m normal i386 objective-c com.apple.compilers.gcc.4_2
s305013509.324792
e305013509.765288
r1
xCompileC
xbuild/GHUnit.build/Release/Tests.build/Objects-normal/i386/GHMockNSURLConnectionTest.o
x/Users/gabe/Projects/gh-unit/Project/../Tests/GHMockNSURLConnectionTest.m
xnormal
xi386
xobjective-c
xcom.apple.compilers.gcc.4_2
lSLF07#2@81"Compile /Users/gabe/Projects/gh-unit/Project/../Tests/GHMockNSURLConnectionTest.m305013509#305013509#0(0"0(0#0#73"/Users/gabe/Projects/gh-unit/Project/../Tests/GHMockNSURLConnectionTest.m8700839008#1487"    cd /Users/gabe/Projects/gh-unit/Project    setenv LANG en_US.US-ASCII    /Developer-3.2.4/usr/bin/gcc-4.2 -x objective-c -arch i386 -fmessage-length=0 -pipe -std=c99 -Wno-trigraphs -fpascal-strings -fasm-blocks -Os -mdynamic-no-pic -Wreturn-type -Wunused-variable -isysroot /Developer-3.2.4/SDKs/MacOSX10.5.sdk -fvisibility=hidden -mmacosx-version-min=10.5 -gdwarf-2 -iquote /Users/gabe/Projects/gh-unit/Project/build/GHUnit.build/Release/Tests.build/Tests-generated-files.hmap -I/Users/gabe/Projects/gh-unit/Project/build/GHUnit.build/Release/Tests.build/Tests-own-target-headers.hmap -I/Users/gabe/Projects/gh-unit/Project/build/GHUnit.build/Release/Tests.build/Tests-all-target-headers.hmap -iquote /Users/gabe/Projects/gh-unit/Project/build/GHUnit.build/Release/Tests.build/Tests-project-headers.hmap -F/Users/gabe/Projects/gh-unit/Project/build/Release -I/Users/gabe/Projects/gh-unit/Project/build/Release/include -I/Users/gabe/Projects/gh-unit/Project/build/GHUnit.build/Release/Tests.build/DerivedSources/i386 -I/Users/gabe/Projects/gh-unit/Project/build/GHUnit.build/Release/Tests.build/DerivedSources -include /var/folders/Ex/ExrV3443Gey7aKvtaJPTTk++-FA/-Caches-/com.apple.Xcode.1299/SharedPrecompiledHeaders/Tests_Prefix-hghlcfcnwzzklmaigqxkonckwzhp/Tests_Prefix.pch -c /Users/gabe/Projects/gh-unit/Project/../Tests/GHMockNSURLConnectionTest.m -o /Users/gabe/Projects/gh-unit/Project/build/GHUnit.build/Release/Tests.build/Objects-normal/i386/GHMockNSURLConnectionTest.o0#

CCompileC build/GHUnit.build/Release/Tests.build/Objects-normal/i386/GHNSLocaleMockTest.o /Users/gabe/Projects/gh-unit/Project/../Tests/GHNSLocaleMockTest.m normal i386 objective-c com.apple.compilers.gcc.4_2
s305013509.390599
e305013509.621233
r1
xCompileC
xbuild/GHUnit.build/Release/Tests.build/Objects-normal/i386/GHNSLocaleMockTest.o
x/Users/gabe/Projects/gh-unit/Project/../Tests/GHNSLocaleMockTest.m
xnormal
xi386
xobjective-c
xcom.apple.compilers.gcc.4_2
lSLF07#2@74"Compile /Users/gabe/Projects/gh-unit/Project/../Tests/GHNSLocaleMockTest.m305013509#305013509#0(0"0(0#0#66"/Users/gabe/Projects/gh-unit/Project/../Tests/GHNSLocaleMockTest.m8700265600#1473"    cd /Users/gabe/Projects/gh-unit/Project    setenv LANG en_US.US-ASCII    /Developer-3.2.4/usr/bin/gcc-4.2 -x objective-c -arch i386 -fmessage-length=0 -pipe -std=c99 -Wno-trigraphs -fpascal-strings -fasm-blocks -Os -mdynamic-no-pic -Wreturn-type -Wunused-variable -isysroot /Developer-3.2.4/SDKs/MacOSX10.5.sdk -fvisibility=hidden -mmacosx-version-min=10.5 -gdwarf-2 -iquote /Users/gabe/Projects/gh-unit/Project/build/GHUnit.build/Release/Tests.build/Tests-generated-files.hmap -I/Users/gabe/Projects/gh-unit/Project/build/GHUnit.build/Release/Tests.build/Tests-own-target-headers.hmap -I/Users/gabe/Projects/gh-unit/Project/build/GHUnit.build/Release/Tests.build/Tests-all-target-headers.hmap -iquote /Users/gabe/Projects/gh-unit/Project/build/GHUnit.build/Release/Tests.build/Tests-project-headers.hmap -F/Users/gabe/Projects/gh-unit/Project/build/Release -I/Users/gabe/Projects/gh-unit/Project/build/Release/include -I/Users/gabe/Projects/gh-unit/Project/build/GHUnit.build/Release/Tests.build/DerivedSources/i386 -I/Users/gabe/Projects/gh-unit/Project/build/GHUnit.build/Release/Tests.build/DerivedSources -include /var/folders/Ex/ExrV3443Gey7aKvtaJPTTk++-FA/-Caches-/com.apple.Xcode.1299/SharedPrecompiledHeaders/Tests_Prefix-hghlcfcnwzzklmaigqxkonckwzhp/Tests_Prefix.pch -c /Users/gabe/Projects/gh-unit/Project/../Tests/GHNSLocaleMockTest.m -o /Users/gabe/Projects/gh-unit/Project/build/GHUnit.build/Release/Tests.build/Objects-normal/i386/GHNSLocaleMockTest.o0#

CCompileC build/GHUnit.build/Release/Tests.build/Objects-normal/i386/GHRegisterTestCaseClassTest.o /Users/gabe/Projects/gh-unit/Project/../Tests/GHRegisterTestCaseClassTest.m normal i386 objective-c com.apple.compilers.gcc.4_2
s305013509.176610
e305013509.390438
r1
xCompileC
xbuild/GHUnit.build/Release/Tests.build/Objects-normal/i386/GHRegisterTestCaseClassTest.o
x/Users/gabe/Projects/gh-unit/Project/../Tests/GHRegisterTestCaseClassTest.m
xnormal
xi386
xobjective-c
xcom.apple.compilers.gcc.4_2
lSLF07#2@83"Compile /Users/gabe/Projects/gh-unit/Project/../Tests/GHRegisterTestCaseClassTest.m305013509#305013509#0(0"0(0#0#75"/Users/gabe/Projects/gh-unit/Project/../Tests/GHRegisterTestCaseClassTest.m8680162016#1491"    cd /Users/gabe/Projects/gh-unit/Project    setenv LANG en_US.US-ASCII    /Developer-3.2.4/usr/bin/gcc-4.2 -x objective-c -arch i386 -fmessage-length=0 -pipe -std=c99 -Wno-trigraphs -fpascal-strings -fasm-blocks -Os -mdynamic-no-pic -Wreturn-type -Wunused-variable -isysroot /Developer-3.2.4/SDKs/MacOSX10.5.sdk -fvisibility=hidden -mmacosx-version-min=10.5 -gdwarf-2 -iquote /Users/gabe/Projects/gh-unit/Project/build/GHUnit.build/Release/Tests.build/Tests-generated-files.hmap -I/Users/gabe/Projects/gh-unit/Project/build/GHUnit.build/Release/Tests.build/Tests-own-target-headers.hmap -I/Users/gabe/Projects/gh-unit/Project/build/GHUnit.build/Release/Tests.build/Tests-all-target-headers.hmap -iquote /Users/gabe/Projects/gh-unit/Project/build/GHUnit.build/Release/Tests.build/Tests-project-headers.hmap -F/Users/gabe/Projects/gh-unit/Project/build/Release -I/Users/gabe/Projects/gh-unit/Project/build/Release/include -I/Users/gabe/Projects/gh-unit/Project/build/GHUnit.build/Release/Tests.build/DerivedSources/i386 -I/Users/gabe/Projects/gh-unit/Project/build/GHUnit.build/Release/Tests.build/DerivedSources -include /var/folders/Ex/ExrV3443Gey7aKvtaJPTTk++-FA/-Caches-/com.apple.Xcode.1299/SharedPrecompiledHeaders/Tests_Prefix-hghlcfcnwzzklmaigqxkonckwzhp/Tests_Prefix.pch -c /Users/gabe/Projects/gh-unit/Project/../Tests/GHRegisterTestCaseClassTest.m -o /Users/gabe/Projects/gh-unit/Project/build/GHUnit.build/Release/Tests.build/Objects-normal/i386/GHRegisterTestCaseClassTest.o0#

CCompileC build/GHUnit.build/Release/Tests.build/Objects-normal/i386/GHSenTestingTest.o /Users/gabe/Projects/gh-unit/Project/../Tests/GHSenTestingTest.m normal i386 objective-c com.apple.compilers.gcc.4_2
s305013650.383729
e305013650.737728
r1
xCompileC
xbuild/GHUnit.build/Release/Tests.build/Objects-normal/i386/GHSenTestingTest.o
x/Users/gabe/Projects/gh-unit/Project/../Tests/GHSenTestingTest.m
xnormal
xi386
xobjective-c
xcom.apple.compilers.gcc.4_2
lSLF07#2@72"Compile /Users/gabe/Projects/gh-unit/Project/../Tests/GHSenTestingTest.m305013650#305013650#0(0"0(0#0#64"/Users/gabe/Projects/gh-unit/Project/../Tests/GHSenTestingTest.m8762542944#1469"    cd /Users/gabe/Projects/gh-unit/Project    setenv LANG en_US.US-ASCII    /Developer-3.2.4/usr/bin/gcc-4.2 -x objective-c -arch i386 -fmessage-length=0 -pipe -std=c99 -Wno-trigraphs -fpascal-strings -fasm-blocks -Os -mdynamic-no-pic -Wreturn-type -Wunused-variable -isysroot /Developer-3.2.4/SDKs/MacOSX10.5.sdk -fvisibility=hidden -mmacosx-version-min=10.5 -gdwarf-2 -iquote /Users/gabe/Projects/gh-unit/Project/build/GHUnit.build/Release/Tests.build/Tests-generated-files.hmap -I/Users/gabe/Projects/gh-unit/Project/build/GHUnit.build/Release/Tests.build/Tests-own-target-headers.hmap -I/Users/gabe/Projects/gh-unit/Project/build/GHUnit.build/Release/Tests.build/Tests-all-target-headers.hmap -iquote /Users/gabe/Projects/gh-unit/Project/build/GHUnit.build/Release/Tests.build/Tests-project-headers.hmap -F/Users/gabe/Projects/gh-unit/Project/build/Release -I/Users/gabe/Projects/gh-unit/Project/build/Release/include -I/Users/gabe/Projects/gh-unit/Project/build/GHUnit.build/Release/Tests.build/DerivedSources/i386 -I/Users/gabe/Projects/gh-unit/Project/build/GHUnit.build/Release/Tests.build/DerivedSources -include /var/folders/Ex/ExrV3443Gey7aKvtaJPTTk++-FA/-Caches-/com.apple.Xcode.1299/SharedPrecompiledHeaders/Tests_Prefix-hghlcfcnwzzklmaigqxkonckwzhp/Tests_Prefix.pch -c /Users/gabe/Projects/gh-unit/Project/../Tests/GHSenTestingTest.m -o /Users/gabe/Projects/gh-unit/Project/build/GHUnit.build/Release/Tests.build/Objects-normal/i386/GHSenTestingTest.o0#

CCompileC build/GHUnit.build/Release/Tests.build/Objects-normal/i386/GHSetUpTearDownTest.o /Users/gabe/Projects/gh-unit/Project/../Tests/GHSetUpTearDownTest.m normal i386 objective-c com.apple.compilers.gcc.4_2
s305013508.989769
e305013509.324623
r1
xCompileC
xbuild/GHUnit.build/Release/Tests.build/Objects-normal/i386/GHSetUpTearDownTest.o
x/Users/gabe/Projects/gh-unit/Project/../Tests/GHSetUpTearDownTest.m
xnormal
xi386
xobjective-c
xcom.apple.compilers.gcc.4_2
lSLF07#2@75"Compile /Users/gabe/Projects/gh-unit/Project/../Tests/GHSetUpTearDownTest.m305013508#305013509#0(0"0(0#0#67"/Users/gabe/Projects/gh-unit/Project/../Tests/GHSetUpTearDownTest.m8735195136#1475"    cd /Users/gabe/Projects/gh-unit/Project    setenv LANG en_US.US-ASCII    /Developer-3.2.4/usr/bin/gcc-4.2 -x objective-c -arch i386 -fmessage-length=0 -pipe -std=c99 -Wno-trigraphs -fpascal-strings -fasm-blocks -Os -mdynamic-no-pic -Wreturn-type -Wunused-variable -isysroot /Developer-3.2.4/SDKs/MacOSX10.5.sdk -fvisibility=hidden -mmacosx-version-min=10.5 -gdwarf-2 -iquote /Users/gabe/Projects/gh-unit/Project/build/GHUnit.build/Release/Tests.build/Tests-generated-files.hmap -I/Users/gabe/Projects/gh-unit/Project/build/GHUnit.build/Release/Tests.build/Tests-own-target-headers.hmap -I/Users/gabe/Projects/gh-unit/Project/build/GHUnit.build/Release/Tests.build/Tests-all-target-headers.hmap -iquote /Users/gabe/Projects/gh-unit/Project/build/GHUnit.build/Release/Tests.build/Tests-project-headers.hmap -F/Users/gabe/Projects/gh-unit/Project/build/Release -I/Users/gabe/Projects/gh-unit/Project/build/Release/include -I/Users/gabe/Projects/gh-unit/Project/build/GHUnit.build/Release/Tests.build/DerivedSources/i386 -I/Users/gabe/Projects/gh-unit/Project/build/GHUnit.build/Release/Tests.build/DerivedSources -include /var/folders/Ex/ExrV3443Gey7aKvtaJPTTk++-FA/-Caches-/com.apple.Xcode.1299/SharedPrecompiledHeaders/Tests_Prefix-hghlcfcnwzzklmaigqxkonckwzhp/Tests_Prefix.pch -c /Users/gabe/Projects/gh-unit/Project/../Tests/GHSetUpTearDownTest.m -o /Users/gabe/Projects/gh-unit/Project/build/GHUnit.build/Release/Tests.build/Objects-normal/i386/GHSetUpTearDownTest.o0#

CCompileC build/GHUnit.build/Release/Tests.build/Objects-normal/i386/GHSlowTest.o /Users/gabe/Projects/gh-unit/Project/../Tests/GHSlowTest.m normal i386 objective-c com.apple.compilers.gcc.4_2
s305013508.996996
e305013509.234333
r1
xCompileC
xbuild/GHUnit.build/Release/Tests.build/Objects-normal/i386/GHSlowTest.o
x/Users/gabe/Projects/gh-unit/Project/../Tests/GHSlowTest.m
xnormal
xi386
xobjective-c
xcom.apple.compilers.gcc.4_2
lSLF07#2@66"Compile /Users/gabe/Projects/gh-unit/Project/../Tests/GHSlowTest.m305013508#305013509#0(0"0(0#0#58"/Users/gabe/Projects/gh-unit/Project/../Tests/GHSlowTest.m8729859904#1457"    cd /Users/gabe/Projects/gh-unit/Project    setenv LANG en_US.US-ASCII    /Developer-3.2.4/usr/bin/gcc-4.2 -x objective-c -arch i386 -fmessage-length=0 -pipe -std=c99 -Wno-trigraphs -fpascal-strings -fasm-blocks -Os -mdynamic-no-pic -Wreturn-type -Wunused-variable -isysroot /Developer-3.2.4/SDKs/MacOSX10.5.sdk -fvisibility=hidden -mmacosx-version-min=10.5 -gdwarf-2 -iquote /Users/gabe/Projects/gh-unit/Project/build/GHUnit.build/Release/Tests.build/Tests-generated-files.hmap -I/Users/gabe/Projects/gh-unit/Project/build/GHUnit.build/Release/Tests.build/Tests-own-target-headers.hmap -I/Users/gabe/Projects/gh-unit/Project/build/GHUnit.build/Release/Tests.build/Tests-all-target-headers.hmap -iquote /Users/gabe/Projects/gh-unit/Project/build/GHUnit.build/Release/Tests.build/Tests-project-headers.hmap -F/Users/gabe/Projects/gh-unit/Project/build/Release -I/Users/gabe/Projects/gh-unit/Project/build/Release/include -I/Users/gabe/Projects/gh-unit/Project/build/GHUnit.build/Release/Tests.build/DerivedSources/i386 -I/Users/gabe/Projects/gh-unit/Project/build/GHUnit.build/Release/Tests.build/DerivedSources -include /var/folders/Ex/ExrV3443Gey7aKvtaJPTTk++-FA/-Caches-/com.apple.Xcode.1299/SharedPrecompiledHeaders/Tests_Prefix-hghlcfcnwzzklmaigqxkonckwzhp/Tests_Prefix.pch -c /Users/gabe/Projects/gh-unit/Project/../Tests/GHSlowTest.m -o /Users/gabe/Projects/gh-unit/Project/build/GHUnit.build/Release/Tests.build/Objects-normal/i386/GHSlowTest.o0#

CCompileC build/GHUnit.build/Release/Tests.build/Objects-normal/i386/GHSpecialTestCase.o /Users/gabe/Projects/gh-unit/Project/../Tests/GHSpecialTestCase.m normal i386 objective-c com.apple.compilers.gcc.4_2
s305013509.205941
e305013509.418767
r1
xCompileC
xbuild/GHUnit.build/Release/Tests.build/Objects-normal/i386/GHSpecialTestCase.o
x/Users/gabe/Projects/gh-unit/Project/../Tests/GHSpecialTestCase.m
xnormal
xi386
xobjective-c
xcom.apple.compilers.gcc.4_2
lSLF07#2@73"Compile /Users/gabe/Projects/gh-unit/Project/../Tests/GHSpecialTestCase.m305013509#305013509#0(0"0(0#0#65"/Users/gabe/Projects/gh-unit/Project/../Tests/GHSpecialTestCase.m8736803840#1471"    cd /Users/gabe/Projects/gh-unit/Project    setenv LANG en_US.US-ASCII    /Developer-3.2.4/usr/bin/gcc-4.2 -x objective-c -arch i386 -fmessage-length=0 -pipe -std=c99 -Wno-trigraphs -fpascal-strings -fasm-blocks -Os -mdynamic-no-pic -Wreturn-type -Wunused-variable -isysroot /Developer-3.2.4/SDKs/MacOSX10.5.sdk -fvisibility=hidden -mmacosx-version-min=10.5 -gdwarf-2 -iquote /Users/gabe/Projects/gh-unit/Project/build/GHUnit.build/Release/Tests.build/Tests-generated-files.hmap -I/Users/gabe/Projects/gh-unit/Project/build/GHUnit.build/Release/Tests.build/Tests-own-target-headers.hmap -I/Users/gabe/Projects/gh-unit/Project/build/GHUnit.build/Release/Tests.build/Tests-all-target-headers.hmap -iquote /Users/gabe/Projects/gh-unit/Project/build/GHUnit.build/Release/Tests.build/Tests-project-headers.hmap -F/Users/gabe/Projects/gh-unit/Project/build/Release -I/Users/gabe/Projects/gh-unit/Project/build/Release/include -I/Users/gabe/Projects/gh-unit/Project/build/GHUnit.build/Release/Tests.build/DerivedSources/i386 -I/Users/gabe/Projects/gh-unit/Project/build/GHUnit.build/Release/Tests.build/DerivedSources -include /var/folders/Ex/ExrV3443Gey7aKvtaJPTTk++-FA/-Caches-/com.apple.Xcode.1299/SharedPrecompiledHeaders/Tests_Prefix-hghlcfcnwzzklmaigqxkonckwzhp/Tests_Prefix.pch -c /Users/gabe/Projects/gh-unit/Project/../Tests/GHSpecialTestCase.m -o /Users/gabe/Projects/gh-unit/Project/build/GHUnit.build/Release/Tests.build/Objects-normal/i386/GHSpecialTestCase.o0#

CCompileC build/GHUnit.build/Release/Tests.build/Objects-normal/i386/GHTestFail.o /Users/gabe/Projects/gh-unit/Project/../Tests/GHTestFail.m normal i386 objective-c com.apple.compilers.gcc.4_2
s305013509.505110
e305013509.731517
r1
xCompileC
xbuild/GHUnit.build/Release/Tests.build/Objects-normal/i386/GHTestFail.o
x/Users/gabe/Projects/gh-unit/Project/../Tests/GHTestFail.m
xnormal
xi386
xobjective-c
xcom.apple.compilers.gcc.4_2
lSLF07#2@66"Compile /Users/gabe/Projects/gh-unit/Project/../Tests/GHTestFail.m305013509#305013509#0(0"0(0#0#58"/Users/gabe/Projects/gh-unit/Project/../Tests/GHTestFail.m8745409248#1457"    cd /Users/gabe/Projects/gh-unit/Project    setenv LANG en_US.US-ASCII    /Developer-3.2.4/usr/bin/gcc-4.2 -x objective-c -arch i386 -fmessage-length=0 -pipe -std=c99 -Wno-trigraphs -fpascal-strings -fasm-blocks -Os -mdynamic-no-pic -Wreturn-type -Wunused-variable -isysroot /Developer-3.2.4/SDKs/MacOSX10.5.sdk -fvisibility=hidden -mmacosx-version-min=10.5 -gdwarf-2 -iquote /Users/gabe/Projects/gh-unit/Project/build/GHUnit.build/Release/Tests.build/Tests-generated-files.hmap -I/Users/gabe/Projects/gh-unit/Project/build/GHUnit.build/Release/Tests.build/Tests-own-target-headers.hmap -I/Users/gabe/Projects/gh-unit/Project/build/GHUnit.build/Release/Tests.build/Tests-all-target-headers.hmap -iquote /Users/gabe/Projects/gh-unit/Project/build/GHUnit.build/Release/Tests.build/Tests-project-headers.hmap -F/Users/gabe/Projects/gh-unit/Project/build/Release -I/Users/gabe/Projects/gh-unit/Project/build/Release/include -I/Users/gabe/Projects/gh-unit/Project/build/GHUnit.build/Release/Tests.build/DerivedSources/i386 -I/Users/gabe/Projects/gh-unit/Project/build/GHUnit.build/Release/Tests.build/DerivedSources -include /var/folders/Ex/ExrV3443Gey7aKvtaJPTTk++-FA/-Caches-/com.apple.Xcode.1299/SharedPrecompiledHeaders/Tests_Prefix-hghlcfcnwzzklmaigqxkonckwzhp/Tests_Prefix.pch -c /Users/gabe/Projects/gh-unit/Project/../Tests/GHTestFail.m -o /Users/gabe/Projects/gh-unit/Project/build/GHUnit.build/Release/Tests.build/Objects-normal/i386/GHTestFail.o0#

CCompileC build/GHUnit.build/Release/Tests.build/Objects-normal/i386/GHTestLogTest.o /Users/gabe/Projects/gh-unit/Project/../Tests/GHTestLogTest.m normal i386 objective-c com.apple.compilers.gcc.4_2
s305013509.750364
e305013509.986372
r1
xCompileC
xbuild/GHUnit.build/Release/Tests.build/Objects-normal/i386/GHTestLogTest.o
x/Users/gabe/Projects/gh-unit/Project/../Tests/GHTestLogTest.m
xnormal
xi386
xobjective-c
xcom.apple.compilers.gcc.4_2
lSLF07#2@69"Compile /Users/gabe/Projects/gh-unit/Project/../Tests/GHTestLogTest.m305013509#305013510#0(0"0(0#0#61"/Users/gabe/Projects/gh-unit/Project/../Tests/GHTestLogTest.m8700458592#1463"    cd /Users/gabe/Projects/gh-unit/Project    setenv LANG en_US.US-ASCII    /Developer-3.2.4/usr/bin/gcc-4.2 -x objective-c -arch i386 -fmessage-length=0 -pipe -std=c99 -Wno-trigraphs -fpascal-strings -fasm-blocks -Os -mdynamic-no-pic -Wreturn-type -Wunused-variable -isysroot /Developer-3.2.4/SDKs/MacOSX10.5.sdk -fvisibility=hidden -mmacosx-version-min=10.5 -gdwarf-2 -iquote /Users/gabe/Projects/gh-unit/Project/build/GHUnit.build/Release/Tests.build/Tests-generated-files.hmap -I/Users/gabe/Projects/gh-unit/Project/build/GHUnit.build/Release/Tests.build/Tests-own-target-headers.hmap -I/Users/gabe/Projects/gh-unit/Project/build/GHUnit.build/Release/Tests.build/Tests-all-target-headers.hmap -iquote /Users/gabe/Projects/gh-unit/Project/build/GHUnit.build/Release/Tests.build/Tests-project-headers.hmap -F/Users/gabe/Projects/gh-unit/Project/build/Release -I/Users/gabe/Projects/gh-unit/Project/build/Release/include -I/Users/gabe/Projects/gh-unit/Project/build/GHUnit.build/Release/Tests.build/DerivedSources/i386 -I/Users/gabe/Projects/gh-unit/Project/build/GHUnit.build/Release/Tests.build/DerivedSources -include /var/folders/Ex/ExrV3443Gey7aKvtaJPTTk++-FA/-Caches-/com.apple.Xcode.1299/SharedPrecompiledHeaders/Tests_Prefix-hghlcfcnwzzklmaigqxkonckwzhp/Tests_Prefix.pch -c /Users/gabe/Projects/gh-unit/Project/../Tests/GHTestLogTest.m -o /Users/gabe/Projects/gh-unit/Project/build/GHUnit.build/Release/Tests.build/Objects-normal/i386/GHTestLogTest.o0#

CCompileC build/GHUnit.build/Release/Tests.build/Objects-normal/i386/GHTestMacrosTest.o /Users/gabe/Projects/gh-unit/Project/../Tests/GHTestMacrosTest.m normal i386 objective-c com.apple.compilers.gcc.4_2
s305013509.731666
e305013510.038529
r1
xCompileC
xbuild/GHUnit.build/Release/Tests.build/Objects-normal/i386/GHTestMacrosTest.o
x/Users/gabe/Projects/gh-unit/Project/../Tests/GHTestMacrosTest.m
xnormal
xi386
xobjective-c
xcom.apple.compilers.gcc.4_2
lSLF07#2@72"Compile /Users/gabe/Projects/gh-unit/Project/../Tests/GHTestMacrosTest.m305013509#305013510#0(0"0(0#0#64"/Users/gabe/Projects/gh-unit/Project/../Tests/GHTestMacrosTest.m8702857760#1469"    cd /Users/gabe/Projects/gh-unit/Project    setenv LANG en_US.US-ASCII    /Developer-3.2.4/usr/bin/gcc-4.2 -x objective-c -arch i386 -fmessage-length=0 -pipe -std=c99 -Wno-trigraphs -fpascal-strings -fasm-blocks -Os -mdynamic-no-pic -Wreturn-type -Wunused-variable -isysroot /Developer-3.2.4/SDKs/MacOSX10.5.sdk -fvisibility=hidden -mmacosx-version-min=10.5 -gdwarf-2 -iquote /Users/gabe/Projects/gh-unit/Project/build/GHUnit.build/Release/Tests.build/Tests-generated-files.hmap -I/Users/gabe/Projects/gh-unit/Project/build/GHUnit.build/Release/Tests.build/Tests-own-target-headers.hmap -I/Users/gabe/Projects/gh-unit/Project/build/GHUnit.build/Release/Tests.build/Tests-all-target-headers.hmap -iquote /Users/gabe/Projects/gh-unit/Project/build/GHUnit.build/Release/Tests.build/Tests-project-headers.hmap -F/Users/gabe/Projects/gh-unit/Project/build/Release -I/Users/gabe/Projects/gh-unit/Project/build/Release/include -I/Users/gabe/Projects/gh-unit/Project/build/GHUnit.build/Release/Tests.build/DerivedSources/i386 -I/Users/gabe/Projects/gh-unit/Project/build/GHUnit.build/Release/Tests.build/DerivedSources -include /var/folders/Ex/ExrV3443Gey7aKvtaJPTTk++-FA/-Caches-/com.apple.Xcode.1299/SharedPrecompiledHeaders/Tests_Prefix-hghlcfcnwzzklmaigqxkonckwzhp/Tests_Prefix.pch -c /Users/gabe/Projects/gh-unit/Project/../Tests/GHTestMacrosTest.m -o /Users/gabe/Projects/gh-unit/Project/build/GHUnit.build/Release/Tests.build/Objects-normal/i386/GHTestMacrosTest.o0#

CCompileC build/GHUnit.build/Release/Tests.build/Objects-normal/i386/GHTestOnMainThread.o /Users/gabe/Projects/gh-unit/Project/../Tests/GHTestOnMainThread.m normal i386 objective-c com.apple.compilers.gcc.4_2
s305013509.621458
e305013509.950200
r1
xCompileC
xbuild/GHUnit.build/Release/Tests.build/Objects-normal/i386/GHTestOnMainThread.o
x/Users/gabe/Projects/gh-unit/Project/../Tests/GHTestOnMainThread.m
xnormal
xi386
xobjective-c
xcom.apple.compilers.gcc.4_2
lSLF07#2@74"Compile /Users/gabe/Projects/gh-unit/Project/../Tests/GHTestOnMainThread.m305013509#305013509#0(0"0(0#0#66"/Users/gabe/Projects/gh-unit/Project/../Tests/GHTestOnMainThread.m8716884608#1473"    cd /Users/gabe/Projects/gh-unit/Project    setenv LANG en_US.US-ASCII    /Developer-3.2.4/usr/bin/gcc-4.2 -x objective-c -arch i386 -fmessage-length=0 -pipe -std=c99 -Wno-trigraphs -fpascal-strings -fasm-blocks -Os -mdynamic-no-pic -Wreturn-type -Wunused-variable -isysroot /Developer-3.2.4/SDKs/MacOSX10.5.sdk -fvisibility=hidden -mmacosx-version-min=10.5 -gdwarf-2 -iquote /Users/gabe/Projects/gh-unit/Project/build/GHUnit.build/Release/Tests.build/Tests-generated-files.hmap -I/Users/gabe/Projects/gh-unit/Project/build/GHUnit.build/Release/Tests.build/Tests-own-target-headers.hmap -I/Users/gabe/Projects/gh-unit/Project/build/GHUnit.build/Release/Tests.build/Tests-all-target-headers.hmap -iquote /Users/gabe/Projects/gh-unit/Project/build/GHUnit.build/Release/Tests.build/Tests-project-headers.hmap -F/Users/gabe/Projects/gh-unit/Project/build/Release -I/Users/gabe/Projects/gh-unit/Project/build/Release/include -I/Users/gabe/Projects/gh-unit/Project/build/GHUnit.build/Release/Tests.build/DerivedSources/i386 -I/Users/gabe/Projects/gh-unit/Project/build/GHUnit.build/Release/Tests.build/DerivedSources -include /var/folders/Ex/ExrV3443Gey7aKvtaJPTTk++-FA/-Caches-/com.apple.Xcode.1299/SharedPrecompiledHeaders/Tests_Prefix-hghlcfcnwzzklmaigqxkonckwzhp/Tests_Prefix.pch -c /Users/gabe/Projects/gh-unit/Project/../Tests/GHTestOnMainThread.m -o /Users/gabe/Projects/gh-unit/Project/build/GHUnit.build/Release/Tests.build/Objects-normal/i386/GHTestOnMainThread.o0#

CCompileC build/GHUnit.build/Release/Tests.build/Objects-normal/i386/GHUnitTestMain.o /Users/gabe/Projects/gh-unit/Project/../Classes-MacOSX/GHUnitTestMain.m normal i386 objective-c com.apple.compilers.gcc.4_2
s305013509.234480
e305013509.504948
r1
xCompileC
xbuild/GHUnit.build/Release/Tests.build/Objects-normal/i386/GHUnitTestMain.o
x/Users/gabe/Projects/gh-unit/Project/../Classes-MacOSX/GHUnitTestMain.m
xnormal
xi386
xobjective-c
xcom.apple.compilers.gcc.4_2
lSLF07#2@79"Compile /Users/gabe/Projects/gh-unit/Project/../Classes-MacOSX/GHUnitTestMain.m305013509#305013509#0(0"0(0#0#71"/Users/gabe/Projects/gh-unit/Project/../Classes-MacOSX/GHUnitTestMain.m8729860480#1474"    cd /Users/gabe/Projects/gh-unit/Project    setenv LANG en_US.US-ASCII    /Developer-3.2.4/usr/bin/gcc-4.2 -x objective-c -arch i386 -fmessage-length=0 -pipe -std=c99 -Wno-trigraphs -fpascal-strings -fasm-blocks -Os -mdynamic-no-pic -Wreturn-type -Wunused-variable -isysroot /Developer-3.2.4/SDKs/MacOSX10.5.sdk -fvisibility=hidden -mmacosx-version-min=10.5 -gdwarf-2 -iquote /Users/gabe/Projects/gh-unit/Project/build/GHUnit.build/Release/Tests.build/Tests-generated-files.hmap -I/Users/gabe/Projects/gh-unit/Project/build/GHUnit.build/Release/Tests.build/Tests-own-target-headers.hmap -I/Users/gabe/Projects/gh-unit/Project/build/GHUnit.build/Release/Tests.build/Tests-all-target-headers.hmap -iquote /Users/gabe/Projects/gh-unit/Project/build/GHUnit.build/Release/Tests.build/Tests-project-headers.hmap -F/Users/gabe/Projects/gh-unit/Project/build/Release -I/Users/gabe/Projects/gh-unit/Project/build/Release/include -I/Users/gabe/Projects/gh-unit/Project/build/GHUnit.build/Release/Tests.build/DerivedSources/i386 -I/Users/gabe/Projects/gh-unit/Project/build/GHUnit.build/Release/Tests.build/DerivedSources -include /var/folders/Ex/ExrV3443Gey7aKvtaJPTTk++-FA/-Caches-/com.apple.Xcode.1299/SharedPrecompiledHeaders/Tests_Prefix-hghlcfcnwzzklmaigqxkonckwzhp/Tests_Prefix.pch -c /Users/gabe/Projects/gh-unit/Project/../Classes-MacOSX/GHUnitTestMain.m -o /Users/gabe/Projects/gh-unit/Project/build/GHUnit.build/Release/Tests.build/Objects-normal/i386/GHUnitTestMain.o0#

CCompileC build/GHUnit.build/Release/Tests.build/Objects-normal/i386/GTMSenTestCase.o /Users/gabe/Projects/gh-unit/Project/../Tests/GTM/GTMSenTestCase.m normal i386 objective-c com.apple.compilers.gcc.4_2
s305013650.554461
e305013650.839957
r1
xCompileC
xbuild/GHUnit.build/Release/Tests.build/Objects-normal/i386/GTMSenTestCase.o
x/Users/gabe/Projects/gh-unit/Project/../Tests/GTM/GTMSenTestCase.m
xnormal
xi386
xobjective-c
xcom.apple.compilers.gcc.4_2
lSLF07#2@74"Compile /Users/gabe/Projects/gh-unit/Project/../Tests/GTM/GTMSenTestCase.m305013650#305013650#0(0"0(0#0#66"/Users/gabe/Projects/gh-unit/Project/../Tests/GTM/GTMSenTestCase.m8758862944#1469"    cd /Users/gabe/Projects/gh-unit/Project    setenv LANG en_US.US-ASCII    /Developer-3.2.4/usr/bin/gcc-4.2 -x objective-c -arch i386 -fmessage-length=0 -pipe -std=c99 -Wno-trigraphs -fpascal-strings -fasm-blocks -Os -mdynamic-no-pic -Wreturn-type -Wunused-variable -isysroot /Developer-3.2.4/SDKs/MacOSX10.5.sdk -fvisibility=hidden -mmacosx-version-min=10.5 -gdwarf-2 -iquote /Users/gabe/Projects/gh-unit/Project/build/GHUnit.build/Release/Tests.build/Tests-generated-files.hmap -I/Users/gabe/Projects/gh-unit/Project/build/GHUnit.build/Release/Tests.build/Tests-own-target-headers.hmap -I/Users/gabe/Projects/gh-unit/Project/build/GHUnit.build/Release/Tests.build/Tests-all-target-headers.hmap -iquote /Users/gabe/Projects/gh-unit/Project/build/GHUnit.build/Release/Tests.build/Tests-project-headers.hmap -F/Users/gabe/Projects/gh-unit/Project/build/Release -I/Users/gabe/Projects/gh-unit/Project/build/Release/include -I/Users/gabe/Projects/gh-unit/Project/build/GHUnit.build/Release/Tests.build/DerivedSources/i386 -I/Users/gabe/Projects/gh-unit/Project/build/GHUnit.build/Release/Tests.build/DerivedSources -include /var/folders/Ex/ExrV3443Gey7aKvtaJPTTk++-FA/-Caches-/com.apple.Xcode.1299/SharedPrecompiledHeaders/Tests_Prefix-hghlcfcnwzzklmaigqxkonckwzhp/Tests_Prefix.pch -c /Users/gabe/Projects/gh-unit/Project/../Tests/GTM/GTMSenTestCase.m -o /Users/gabe/Projects/gh-unit/Project/build/GHUnit.build/Release/Tests.build/Objects-normal/i386/GTMSenTestCase.o0#

CCompileC build/GHUnit.build/Release/Tests.build/Objects-normal/ppc/GHAsyncTestCaseTest.o /Users/gabe/Projects/gh-unit/Project/../Tests/GHAsyncTestCaseTest.m normal ppc objective-c com.apple.compilers.gcc.4_2
s305013651.292163
e305013651.668536
r1
xCompileC
xbuild/GHUnit.build/Release/Tests.build/Objects-normal/ppc/GHAsyncTestCaseTest.o
x/Users/gabe/Projects/gh-unit/Project/../Tests/GHAsyncTestCaseTest.m
xnormal
xppc
xobjective-c
xcom.apple.compilers.gcc.4_2
lSLF07#2@75"Compile /Users/gabe/Projects/gh-unit/Project/../Tests/GHAsyncTestCaseTest.m305013651#305013651#0(0"0(0#0#67"/Users/gabe/Projects/gh-unit/Project/../Tests/GHAsyncTestCaseTest.m8728149312#1482"    cd /Users/gabe/Projects/gh-unit/Project    setenv LANG en_US.US-ASCII    /Developer-3.2.4/usr/bin/gcc-4.2 -x objective-c -arch ppc -fmessage-length=0 -pipe -std=c99 -Wno-trigraphs -fpascal-strings -fasm-blocks -Os -mdynamic-no-pic -Wreturn-type -Wunused-variable -isysroot /Developer-3.2.4/SDKs/MacOSX10.5.sdk -mtune=G4 -fvisibility=hidden -mmacosx-version-min=10.5 -gdwarf-2 -iquote /Users/gabe/Projects/gh-unit/Project/build/GHUnit.build/Release/Tests.build/Tests-generated-files.hmap -I/Users/gabe/Projects/gh-unit/Project/build/GHUnit.build/Release/Tests.build/Tests-own-target-headers.hmap -I/Users/gabe/Projects/gh-unit/Project/build/GHUnit.build/Release/Tests.build/Tests-all-target-headers.hmap -iquote /Users/gabe/Projects/gh-unit/Project/build/GHUnit.build/Release/Tests.build/Tests-project-headers.hmap -F/Users/gabe/Projects/gh-unit/Project/build/Release -I/Users/gabe/Projects/gh-unit/Project/build/Release/include -I/Users/gabe/Projects/gh-unit/Project/build/GHUnit.build/Release/Tests.build/DerivedSources/ppc -I/Users/gabe/Projects/gh-unit/Project/build/GHUnit.build/Release/Tests.build/DerivedSources -include /var/folders/Ex/ExrV3443Gey7aKvtaJPTTk++-FA/-Caches-/com.apple.Xcode.1299/SharedPrecompiledHeaders/Tests_Prefix-evvyfngimdqbfgcnixrnsubjzysr/Tests_Prefix.pch -c /Users/gabe/Projects/gh-unit/Project/../Tests/GHAsyncTestCaseTest.m -o /Users/gabe/Projects/gh-unit/Project/build/GHUnit.build/Release/Tests.build/Objects-normal/ppc/GHAsyncTestCaseTest.o0#

CCompileC build/GHUnit.build/Release/Tests.build/Objects-normal/ppc/GHGTMTestCaseTest.o /Users/gabe/Projects/gh-unit/Project/../Tests/GHGTMTestCaseTest.m normal ppc objective-c com.apple.compilers.gcc.4_2
s305013650.960951
e305013651.238437
r1
xCompileC
xbuild/GHUnit.build/Release/Tests.build/Objects-normal/ppc/GHGTMTestCaseTest.o
x/Users/gabe/Projects/gh-unit/Project/../Tests/GHGTMTestCaseTest.m
xnormal
xppc
xobjective-c
xcom.apple.compilers.gcc.4_2
lSLF07#2@73"Compile /Users/gabe/Projects/gh-unit/Project/../Tests/GHGTMTestCaseTest.m305013650#305013651#0(0"0(0#0#65"/Users/gabe/Projects/gh-unit/Project/../Tests/GHGTMTestCaseTest.m8735054816#1478"    cd /Users/gabe/Projects/gh-unit/Project    setenv LANG en_US.US-ASCII    /Developer-3.2.4/usr/bin/gcc-4.2 -x objective-c -arch ppc -fmessage-length=0 -pipe -std=c99 -Wno-trigraphs -fpascal-strings -fasm-blocks -Os -mdynamic-no-pic -Wreturn-type -Wunused-variable -isysroot /Developer-3.2.4/SDKs/MacOSX10.5.sdk -mtune=G4 -fvisibility=hidden -mmacosx-version-min=10.5 -gdwarf-2 -iquote /Users/gabe/Projects/gh-unit/Project/build/GHUnit.build/Release/Tests.build/Tests-generated-files.hmap -I/Users/gabe/Projects/gh-unit/Project/build/GHUnit.build/Release/Tests.build/Tests-own-target-headers.hmap -I/Users/gabe/Projects/gh-unit/Project/build/GHUnit.build/Release/Tests.build/Tests-all-target-headers.hmap -iquote /Users/gabe/Projects/gh-unit/Project/build/GHUnit.build/Release/Tests.build/Tests-project-headers.hmap -F/Users/gabe/Projects/gh-unit/Project/build/Release -I/Users/gabe/Projects/gh-unit/Project/build/Release/include -I/Users/gabe/Projects/gh-unit/Project/build/GHUnit.build/Release/Tests.build/DerivedSources/ppc -I/Users/gabe/Projects/gh-unit/Project/build/GHUnit.build/Release/Tests.build/DerivedSources -include /var/folders/Ex/ExrV3443Gey7aKvtaJPTTk++-FA/-Caches-/com.apple.Xcode.1299/SharedPrecompiledHeaders/Tests_Prefix-evvyfngimdqbfgcnixrnsubjzysr/Tests_Prefix.pch -c /Users/gabe/Projects/gh-unit/Project/../Tests/GHGTMTestCaseTest.m -o /Users/gabe/Projects/gh-unit/Project/build/GHUnit.build/Release/Tests.build/Objects-normal/ppc/GHGTMTestCaseTest.o0#

CCompileC build/GHUnit.build/Release/Tests.build/Objects-normal/ppc/GHMockNSURLConnectionTest.o /Users/gabe/Projects/gh-unit/Project/../Tests/GHMockNSURLConnectionTest.m normal ppc objective-c com.apple.compilers.gcc.4_2
s305013651.212204
e305013651.688590
r1
xCompileC
xbuild/GHUnit.build/Release/Tests.build/Objects-normal/ppc/GHMockNSURLConnectionTest.o
x/Users/gabe/Projects/gh-unit/Project/../Tests/GHMockNSURLConnectionTest.m
xnormal
xppc
xobjective-c
xcom.apple.compilers.gcc.4_2
lSLF07#2@81"Compile /Users/gabe/Projects/gh-unit/Project/../Tests/GHMockNSURLConnectionTest.m305013651#305013651#0(0"0(0#0#73"/Users/gabe/Projects/gh-unit/Project/../Tests/GHMockNSURLConnectionTest.m8729564032#1494"    cd /Users/gabe/Projects/gh-unit/Project    setenv LANG en_US.US-ASCII    /Developer-3.2.4/usr/bin/gcc-4.2 -x objective-c -arch ppc -fmessage-length=0 -pipe -std=c99 -Wno-trigraphs -fpascal-strings -fasm-blocks -Os -mdynamic-no-pic -Wreturn-type -Wunused-variable -isysroot /Developer-3.2.4/SDKs/MacOSX10.5.sdk -mtune=G4 -fvisibility=hidden -mmacosx-version-min=10.5 -gdwarf-2 -iquote /Users/gabe/Projects/gh-unit/Project/build/GHUnit.build/Release/Tests.build/Tests-generated-files.hmap -I/Users/gabe/Projects/gh-unit/Project/build/GHUnit.build/Release/Tests.build/Tests-own-target-headers.hmap -I/Users/gabe/Projects/gh-unit/Project/build/GHUnit.build/Release/Tests.build/Tests-all-target-headers.hmap -iquote /Users/gabe/Projects/gh-unit/Project/build/GHUnit.build/Release/Tests.build/Tests-project-headers.hmap -F/Users/gabe/Projects/gh-unit/Project/build/Release -I/Users/gabe/Projects/gh-unit/Project/build/Release/include -I/Users/gabe/Projects/gh-unit/Project/build/GHUnit.build/Release/Tests.build/DerivedSources/ppc -I/Users/gabe/Projects/gh-unit/Project/build/GHUnit.build/Release/Tests.build/DerivedSources -include /var/folders/Ex/ExrV3443Gey7aKvtaJPTTk++-FA/-Caches-/com.apple.Xcode.1299/SharedPrecompiledHeaders/Tests_Prefix-evvyfngimdqbfgcnixrnsubjzysr/Tests_Prefix.pch -c /Users/gabe/Projects/gh-unit/Project/../Tests/GHMockNSURLConnectionTest.m -o /Users/gabe/Projects/gh-unit/Project/build/GHUnit.build/Release/Tests.build/Objects-normal/ppc/GHMockNSURLConnectionTest.o0#

CCompileC build/GHUnit.build/Release/Tests.build/Objects-normal/ppc/GHNSLocaleMockTest.o /Users/gabe/Projects/gh-unit/Project/../Tests/GHNSLocaleMockTest.m normal ppc objective-c com.apple.compilers.gcc.4_2
s305013651.238687
e305013651.493733
r1
xCompileC
xbuild/GHUnit.build/Release/Tests.build/Objects-normal/ppc/GHNSLocaleMockTest.o
x/Users/gabe/Projects/gh-unit/Project/../Tests/GHNSLocaleMockTest.m
xnormal
xppc
xobjective-c
xcom.apple.compilers.gcc.4_2
lSLF07#2@74"Compile /Users/gabe/Projects/gh-unit/Project/../Tests/GHNSLocaleMockTest.m305013651#305013651#0(0"0(0#0#66"/Users/gabe/Projects/gh-unit/Project/../Tests/GHNSLocaleMockTest.m8729007616#1480"    cd /Users/gabe/Projects/gh-unit/Project    setenv LANG en_US.US-ASCII    /Developer-3.2.4/usr/bin/gcc-4.2 -x objective-c -arch ppc -fmessage-length=0 -pipe -std=c99 -Wno-trigraphs -fpascal-strings -fasm-blocks -Os -mdynamic-no-pic -Wreturn-type -Wunused-variable -isysroot /Developer-3.2.4/SDKs/MacOSX10.5.sdk -mtune=G4 -fvisibility=hidden -mmacosx-version-min=10.5 -gdwarf-2 -iquote /Users/gabe/Projects/gh-unit/Project/build/GHUnit.build/Release/Tests.build/Tests-generated-files.hmap -I/Users/gabe/Projects/gh-unit/Project/build/GHUnit.build/Release/Tests.build/Tests-own-target-headers.hmap -I/Users/gabe/Projects/gh-unit/Project/build/GHUnit.build/Release/Tests.build/Tests-all-target-headers.hmap -iquote /Users/gabe/Projects/gh-unit/Project/build/GHUnit.build/Release/Tests.build/Tests-project-headers.hmap -F/Users/gabe/Projects/gh-unit/Project/build/Release -I/Users/gabe/Projects/gh-unit/Project/build/Release/include -I/Users/gabe/Projects/gh-unit/Project/build/GHUnit.build/Release/Tests.build/DerivedSources/ppc -I/Users/gabe/Projects/gh-unit/Project/build/GHUnit.build/Release/Tests.build/DerivedSources -include /var/folders/Ex/ExrV3443Gey7aKvtaJPTTk++-FA/-Caches-/com.apple.Xcode.1299/SharedPrecompiledHeaders/Tests_Prefix-evvyfngimdqbfgcnixrnsubjzysr/Tests_Prefix.pch -c /Users/gabe/Projects/gh-unit/Project/../Tests/GHNSLocaleMockTest.m -o /Users/gabe/Projects/gh-unit/Project/build/GHUnit.build/Release/Tests.build/Objects-normal/ppc/GHNSLocaleMockTest.o0#

CCompileC build/GHUnit.build/Release/Tests.build/Objects-normal/ppc/GHRegisterTestCaseClassTest.o /Users/gabe/Projects/gh-unit/Project/../Tests/GHRegisterTestCaseClassTest.m normal ppc objective-c com.apple.compilers.gcc.4_2
s305013650.978822
e305013651.212045
r1
xCompileC
xbuild/GHUnit.build/Release/Tests.build/Objects-normal/ppc/GHRegisterTestCaseClassTest.o
x/Users/gabe/Projects/gh-unit/Project/../Tests/GHRegisterTestCaseClassTest.m
xnormal
xppc
xobjective-c
xcom.apple.compilers.gcc.4_2
lSLF07#2@83"Compile /Users/gabe/Projects/gh-unit/Project/../Tests/GHRegisterTestCaseClassTest.m305013650#305013651#0(0"0(0#0#75"/Users/gabe/Projects/gh-unit/Project/../Tests/GHRegisterTestCaseClassTest.m8731667296#1498"    cd /Users/gabe/Projects/gh-unit/Project    setenv LANG en_US.US-ASCII    /Developer-3.2.4/usr/bin/gcc-4.2 -x objective-c -arch ppc -fmessage-length=0 -pipe -std=c99 -Wno-trigraphs -fpascal-strings -fasm-blocks -Os -mdynamic-no-pic -Wreturn-type -Wunused-variable -isysroot /Developer-3.2.4/SDKs/MacOSX10.5.sdk -mtune=G4 -fvisibility=hidden -mmacosx-version-min=10.5 -gdwarf-2 -iquote /Users/gabe/Projects/gh-unit/Project/build/GHUnit.build/Release/Tests.build/Tests-generated-files.hmap -I/Users/gabe/Projects/gh-unit/Project/build/GHUnit.build/Release/Tests.build/Tests-own-target-headers.hmap -I/Users/gabe/Projects/gh-unit/Project/build/GHUnit.build/Release/Tests.build/Tests-all-target-headers.hmap -iquote /Users/gabe/Projects/gh-unit/Project/build/GHUnit.build/Release/Tests.build/Tests-project-headers.hmap -F/Users/gabe/Projects/gh-unit/Project/build/Release -I/Users/gabe/Projects/gh-unit/Project/build/Release/include -I/Users/gabe/Projects/gh-unit/Project/build/GHUnit.build/Release/Tests.build/DerivedSources/ppc -I/Users/gabe/Projects/gh-unit/Project/build/GHUnit.build/Release/Tests.build/DerivedSources -include /var/folders/Ex/ExrV3443Gey7aKvtaJPTTk++-FA/-Caches-/com.apple.Xcode.1299/SharedPrecompiledHeaders/Tests_Prefix-evvyfngimdqbfgcnixrnsubjzysr/Tests_Prefix.pch -c /Users/gabe/Projects/gh-unit/Project/../Tests/GHRegisterTestCaseClassTest.m -o /Users/gabe/Projects/gh-unit/Project/build/GHUnit.build/Release/Tests.build/Objects-normal/ppc/GHRegisterTestCaseClassTest.o0#

CCompileC build/GHUnit.build/Release/Tests.build/Objects-normal/ppc/GHSenTestingTest.o /Users/gabe/Projects/gh-unit/Project/../Tests/GHSenTestingTest.m normal ppc objective-c com.apple.compilers.gcc.4_2
s305013650.558335
e305013650.761034
r1
xCompileC
xbuild/GHUnit.build/Release/Tests.build/Objects-normal/ppc/GHSenTestingTest.o
x/Users/gabe/Projects/gh-unit/Project/../Tests/GHSenTestingTest.m
xnormal
xppc
xobjective-c
xcom.apple.compilers.gcc.4_2
lSLF07#2@72"Compile /Users/gabe/Projects/gh-unit/Project/../Tests/GHSenTestingTest.m305013650#305013650#0(0"0(0#0#64"/Users/gabe/Projects/gh-unit/Project/../Tests/GHSenTestingTest.m8750468576#1476"    cd /Users/gabe/Projects/gh-unit/Project    setenv LANG en_US.US-ASCII    /Developer-3.2.4/usr/bin/gcc-4.2 -x objective-c -arch ppc -fmessage-length=0 -pipe -std=c99 -Wno-trigraphs -fpascal-strings -fasm-blocks -Os -mdynamic-no-pic -Wreturn-type -Wunused-variable -isysroot /Developer-3.2.4/SDKs/MacOSX10.5.sdk -mtune=G4 -fvisibility=hidden -mmacosx-version-min=10.5 -gdwarf-2 -iquote /Users/gabe/Projects/gh-unit/Project/build/GHUnit.build/Release/Tests.build/Tests-generated-files.hmap -I/Users/gabe/Projects/gh-unit/Project/build/GHUnit.build/Release/Tests.build/Tests-own-target-headers.hmap -I/Users/gabe/Projects/gh-unit/Project/build/GHUnit.build/Release/Tests.build/Tests-all-target-headers.hmap -iquote /Users/gabe/Projects/gh-unit/Project/build/GHUnit.build/Release/Tests.build/Tests-project-headers.hmap -F/Users/gabe/Projects/gh-unit/Project/build/Release -I/Users/gabe/Projects/gh-unit/Project/build/Release/include -I/Users/gabe/Projects/gh-unit/Project/build/GHUnit.build/Release/Tests.build/DerivedSources/ppc -I/Users/gabe/Projects/gh-unit/Project/build/GHUnit.build/Release/Tests.build/DerivedSources -include /var/folders/Ex/ExrV3443Gey7aKvtaJPTTk++-FA/-Caches-/com.apple.Xcode.1299/SharedPrecompiledHeaders/Tests_Prefix-evvyfngimdqbfgcnixrnsubjzysr/Tests_Prefix.pch -c /Users/gabe/Projects/gh-unit/Project/../Tests/GHSenTestingTest.m -o /Users/gabe/Projects/gh-unit/Project/build/GHUnit.build/Release/Tests.build/Objects-normal/ppc/GHSenTestingTest.o0#

CCompileC build/GHUnit.build/Release/Tests.build/Objects-normal/ppc/GHSetUpTearDownTest.o /Users/gabe/Projects/gh-unit/Project/../Tests/GHSetUpTearDownTest.m normal ppc objective-c com.apple.compilers.gcc.4_2
s305013650.737967
e305013651.076223
r1
xCompileC
xbuild/GHUnit.build/Release/Tests.build/Objects-normal/ppc/GHSetUpTearDownTest.o
x/Users/gabe/Projects/gh-unit/Project/../Tests/GHSetUpTearDownTest.m
xnormal
xppc
xobjective-c
xcom.apple.compilers.gcc.4_2
lSLF07#2@75"Compile /Users/gabe/Projects/gh-unit/Project/../Tests/GHSetUpTearDownTest.m305013650#305013651#0(0"0(0#0#67"/Users/gabe/Projects/gh-unit/Project/../Tests/GHSetUpTearDownTest.m8744623776#1482"    cd /Users/gabe/Projects/gh-unit/Project    setenv LANG en_US.US-ASCII    /Developer-3.2.4/usr/bin/gcc-4.2 -x objective-c -arch ppc -fmessage-length=0 -pipe -std=c99 -Wno-trigraphs -fpascal-strings -fasm-blocks -Os -mdynamic-no-pic -Wreturn-type -Wunused-variable -isysroot /Developer-3.2.4/SDKs/MacOSX10.5.sdk -mtune=G4 -fvisibility=hidden -mmacosx-version-min=10.5 -gdwarf-2 -iquote /Users/gabe/Projects/gh-unit/Project/build/GHUnit.build/Release/Tests.build/Tests-generated-files.hmap -I/Users/gabe/Projects/gh-unit/Project/build/GHUnit.build/Release/Tests.build/Tests-own-target-headers.hmap -I/Users/gabe/Projects/gh-unit/Project/build/GHUnit.build/Release/Tests.build/Tests-all-target-headers.hmap -iquote /Users/gabe/Projects/gh-unit/Project/build/GHUnit.build/Release/Tests.build/Tests-project-headers.hmap -F/Users/gabe/Projects/gh-unit/Project/build/Release -I/Users/gabe/Projects/gh-unit/Project/build/Release/include -I/Users/gabe/Projects/gh-unit/Project/build/GHUnit.build/Release/Tests.build/DerivedSources/ppc -I/Users/gabe/Projects/gh-unit/Project/build/GHUnit.build/Release/Tests.build/DerivedSources -include /var/folders/Ex/ExrV3443Gey7aKvtaJPTTk++-FA/-Caches-/com.apple.Xcode.1299/SharedPrecompiledHeaders/Tests_Prefix-evvyfngimdqbfgcnixrnsubjzysr/Tests_Prefix.pch -c /Users/gabe/Projects/gh-unit/Project/../Tests/GHSetUpTearDownTest.m -o /Users/gabe/Projects/gh-unit/Project/build/GHUnit.build/Release/Tests.build/Objects-normal/ppc/GHSetUpTearDownTest.o0#

CCompileC build/GHUnit.build/Release/Tests.build/Objects-normal/ppc/GHSlowTest.o /Users/gabe/Projects/gh-unit/Project/../Tests/GHSlowTest.m normal ppc objective-c com.apple.compilers.gcc.4_2
s305013650.759465
e305013650.960801
r1
xCompileC
xbuild/GHUnit.build/Release/Tests.build/Objects-normal/ppc/GHSlowTest.o
x/Users/gabe/Projects/gh-unit/Project/../Tests/GHSlowTest.m
xnormal
xppc
xobjective-c
xcom.apple.compilers.gcc.4_2
lSLF07#2@66"Compile /Users/gabe/Projects/gh-unit/Project/../Tests/GHSlowTest.m305013650#305013651#0(0"0(0#0#58"/Users/gabe/Projects/gh-unit/Project/../Tests/GHSlowTest.m8743984928#1464"    cd /Users/gabe/Projects/gh-unit/Project    setenv LANG en_US.US-ASCII    /Developer-3.2.4/usr/bin/gcc-4.2 -x objective-c -arch ppc -fmessage-length=0 -pipe -std=c99 -Wno-trigraphs -fpascal-strings -fasm-blocks -Os -mdynamic-no-pic -Wreturn-type -Wunused-variable -isysroot /Developer-3.2.4/SDKs/MacOSX10.5.sdk -mtune=G4 -fvisibility=hidden -mmacosx-version-min=10.5 -gdwarf-2 -iquote /Users/gabe/Projects/gh-unit/Project/build/GHUnit.build/Release/Tests.build/Tests-generated-files.hmap -I/Users/gabe/Projects/gh-unit/Project/build/GHUnit.build/Release/Tests.build/Tests-own-target-headers.hmap -I/Users/gabe/Projects/gh-unit/Project/build/GHUnit.build/Release/Tests.build/Tests-all-target-headers.hmap -iquote /Users/gabe/Projects/gh-unit/Project/build/GHUnit.build/Release/Tests.build/Tests-project-headers.hmap -F/Users/gabe/Projects/gh-unit/Project/build/Release -I/Users/gabe/Projects/gh-unit/Project/build/Release/include -I/Users/gabe/Projects/gh-unit/Project/build/GHUnit.build/Release/Tests.build/DerivedSources/ppc -I/Users/gabe/Projects/gh-unit/Project/build/GHUnit.build/Release/Tests.build/DerivedSources -include /var/folders/Ex/ExrV3443Gey7aKvtaJPTTk++-FA/-Caches-/com.apple.Xcode.1299/SharedPrecompiledHeaders/Tests_Prefix-evvyfngimdqbfgcnixrnsubjzysr/Tests_Prefix.pch -c /Users/gabe/Projects/gh-unit/Project/../Tests/GHSlowTest.m -o /Users/gabe/Projects/gh-unit/Project/build/GHUnit.build/Release/Tests.build/Objects-normal/ppc/GHSlowTest.o0#

CCompileC build/GHUnit.build/Release/Tests.build/Objects-normal/ppc/GHSpecialTestCase.o /Users/gabe/Projects/gh-unit/Project/../Tests/GHSpecialTestCase.m normal ppc objective-c com.apple.compilers.gcc.4_2
s305013651.053577
e305013651.290593
r1
xCompileC
xbuild/GHUnit.build/Release/Tests.build/Objects-normal/ppc/GHSpecialTestCase.o
x/Users/gabe/Projects/gh-unit/Project/../Tests/GHSpecialTestCase.m
xnormal
xppc
xobjective-c
xcom.apple.compilers.gcc.4_2
lSLF07#2@73"Compile /Users/gabe/Projects/gh-unit/Project/../Tests/GHSpecialTestCase.m305013651#305013651#0(0"0(0#0#65"/Users/gabe/Projects/gh-unit/Project/../Tests/GHSpecialTestCase.m8731291520#1478"    cd /Users/gabe/Projects/gh-unit/Project    setenv LANG en_US.US-ASCII    /Developer-3.2.4/usr/bin/gcc-4.2 -x objective-c -arch ppc -fmessage-length=0 -pipe -std=c99 -Wno-trigraphs -fpascal-strings -fasm-blocks -Os -mdynamic-no-pic -Wreturn-type -Wunused-variable -isysroot /Developer-3.2.4/SDKs/MacOSX10.5.sdk -mtune=G4 -fvisibility=hidden -mmacosx-version-min=10.5 -gdwarf-2 -iquote /Users/gabe/Projects/gh-unit/Project/build/GHUnit.build/Release/Tests.build/Tests-generated-files.hmap -I/Users/gabe/Projects/gh-unit/Project/build/GHUnit.build/Release/Tests.build/Tests-own-target-headers.hmap -I/Users/gabe/Projects/gh-unit/Project/build/GHUnit.build/Release/Tests.build/Tests-all-target-headers.hmap -iquote /Users/gabe/Projects/gh-unit/Project/build/GHUnit.build/Release/Tests.build/Tests-project-headers.hmap -F/Users/gabe/Projects/gh-unit/Project/build/Release -I/Users/gabe/Projects/gh-unit/Project/build/Release/include -I/Users/gabe/Projects/gh-unit/Project/build/GHUnit.build/Release/Tests.build/DerivedSources/ppc -I/Users/gabe/Projects/gh-unit/Project/build/GHUnit.build/Release/Tests.build/DerivedSources -include /var/folders/Ex/ExrV3443Gey7aKvtaJPTTk++-FA/-Caches-/com.apple.Xcode.1299/SharedPrecompiledHeaders/Tests_Prefix-evvyfngimdqbfgcnixrnsubjzysr/Tests_Prefix.pch -c /Users/gabe/Projects/gh-unit/Project/../Tests/GHSpecialTestCase.m -o /Users/gabe/Projects/gh-unit/Project/build/GHUnit.build/Release/Tests.build/Objects-normal/ppc/GHSpecialTestCase.o0#

CCompileC build/GHUnit.build/Release/Tests.build/Objects-normal/ppc/GHTestFail.o /Users/gabe/Projects/gh-unit/Project/../Tests/GHTestFail.m normal ppc objective-c com.apple.compilers.gcc.4_2
s305013651.332785
e305013651.585356
r1
xCompileC
xbuild/GHUnit.build/Release/Tests.build/Objects-normal/ppc/GHTestFail.o
x/Users/gabe/Projects/gh-unit/Project/../Tests/GHTestFail.m
xnormal
xppc
xobjective-c
xcom.apple.compilers.gcc.4_2
lSLF07#2@66"Compile /Users/gabe/Projects/gh-unit/Project/../Tests/GHTestFail.m305013651#305013651#0(0"0(0#0#58"/Users/gabe/Projects/gh-unit/Project/../Tests/GHTestFail.m8727427936#1464"    cd /Users/gabe/Projects/gh-unit/Project    setenv LANG en_US.US-ASCII    /Developer-3.2.4/usr/bin/gcc-4.2 -x objective-c -arch ppc -fmessage-length=0 -pipe -std=c99 -Wno-trigraphs -fpascal-strings -fasm-blocks -Os -mdynamic-no-pic -Wreturn-type -Wunused-variable -isysroot /Developer-3.2.4/SDKs/MacOSX10.5.sdk -mtune=G4 -fvisibility=hidden -mmacosx-version-min=10.5 -gdwarf-2 -iquote /Users/gabe/Projects/gh-unit/Project/build/GHUnit.build/Release/Tests.build/Tests-generated-files.hmap -I/Users/gabe/Projects/gh-unit/Project/build/GHUnit.build/Release/Tests.build/Tests-own-target-headers.hmap -I/Users/gabe/Projects/gh-unit/Project/build/GHUnit.build/Release/Tests.build/Tests-all-target-headers.hmap -iquote /Users/gabe/Projects/gh-unit/Project/build/GHUnit.build/Release/Tests.build/Tests-project-headers.hmap -F/Users/gabe/Projects/gh-unit/Project/build/Release -I/Users/gabe/Projects/gh-unit/Project/build/Release/include -I/Users/gabe/Projects/gh-unit/Project/build/GHUnit.build/Release/Tests.build/DerivedSources/ppc -I/Users/gabe/Projects/gh-unit/Project/build/GHUnit.build/Release/Tests.build/DerivedSources -include /var/folders/Ex/ExrV3443Gey7aKvtaJPTTk++-FA/-Caches-/com.apple.Xcode.1299/SharedPrecompiledHeaders/Tests_Prefix-evvyfngimdqbfgcnixrnsubjzysr/Tests_Prefix.pch -c /Users/gabe/Projects/gh-unit/Project/../Tests/GHTestFail.m -o /Users/gabe/Projects/gh-unit/Project/build/GHUnit.build/Release/Tests.build/Objects-normal/ppc/GHTestFail.o0#

CCompileC build/GHUnit.build/Release/Tests.build/Objects-normal/ppc/GHTestLogTest.o /Users/gabe/Projects/gh-unit/Project/../Tests/GHTestLogTest.m normal ppc objective-c com.apple.compilers.gcc.4_2
s305013651.668705
e305013651.836453
r1
xCompileC
xbuild/GHUnit.build/Release/Tests.build/Objects-normal/ppc/GHTestLogTest.o
x/Users/gabe/Projects/gh-unit/Project/../Tests/GHTestLogTest.m
xnormal
xppc
xobjective-c
xcom.apple.compilers.gcc.4_2
lSLF07#2@69"Compile /Users/gabe/Projects/gh-unit/Project/../Tests/GHTestLogTest.m305013651#305013651#0(0"0(0#0#61"/Users/gabe/Projects/gh-unit/Project/../Tests/GHTestLogTest.m8763242272#1470"    cd /Users/gabe/Projects/gh-unit/Project    setenv LANG en_US.US-ASCII    /Developer-3.2.4/usr/bin/gcc-4.2 -x objective-c -arch ppc -fmessage-length=0 -pipe -std=c99 -Wno-trigraphs -fpascal-strings -fasm-blocks -Os -mdynamic-no-pic -Wreturn-type -Wunused-variable -isysroot /Developer-3.2.4/SDKs/MacOSX10.5.sdk -mtune=G4 -fvisibility=hidden -mmacosx-version-min=10.5 -gdwarf-2 -iquote /Users/gabe/Projects/gh-unit/Project/build/GHUnit.build/Release/Tests.build/Tests-generated-files.hmap -I/Users/gabe/Projects/gh-unit/Project/build/GHUnit.build/Release/Tests.build/Tests-own-target-headers.hmap -I/Users/gabe/Projects/gh-unit/Project/build/GHUnit.build/Release/Tests.build/Tests-all-target-headers.hmap -iquote /Users/gabe/Projects/gh-unit/Project/build/GHUnit.build/Release/Tests.build/Tests-project-headers.hmap -F/Users/gabe/Projects/gh-unit/Project/build/Release -I/Users/gabe/Projects/gh-unit/Project/build/Release/include -I/Users/gabe/Projects/gh-unit/Project/build/GHUnit.build/Release/Tests.build/DerivedSources/ppc -I/Users/gabe/Projects/gh-unit/Project/build/GHUnit.build/Release/Tests.build/DerivedSources -include /var/folders/Ex/ExrV3443Gey7aKvtaJPTTk++-FA/-Caches-/com.apple.Xcode.1299/SharedPrecompiledHeaders/Tests_Prefix-evvyfngimdqbfgcnixrnsubjzysr/Tests_Prefix.pch -c /Users/gabe/Projects/gh-unit/Project/../Tests/GHTestLogTest.m -o /Users/gabe/Projects/gh-unit/Project/build/GHUnit.build/Release/Tests.build/Objects-normal/ppc/GHTestLogTest.o0#

CCompileC build/GHUnit.build/Release/Tests.build/Objects-normal/ppc/GHTestMacrosTest.o /Users/gabe/Projects/gh-unit/Project/../Tests/GHTestMacrosTest.m normal ppc objective-c com.apple.compilers.gcc.4_2
s305013651.585507
e305013651.807249
r1
xCompileC
xbuild/GHUnit.build/Release/Tests.build/Objects-normal/ppc/GHTestMacrosTest.o
x/Users/gabe/Projects/gh-unit/Project/../Tests/GHTestMacrosTest.m
xnormal
xppc
xobjective-c
xcom.apple.compilers.gcc.4_2
lSLF07#2@72"Compile /Users/gabe/Projects/gh-unit/Project/../Tests/GHTestMacrosTest.m305013651#305013651#0(0"0(0#0#64"/Users/gabe/Projects/gh-unit/Project/../Tests/GHTestMacrosTest.m8757542784#1476"    cd /Users/gabe/Projects/gh-unit/Project    setenv LANG en_US.US-ASCII    /Developer-3.2.4/usr/bin/gcc-4.2 -x objective-c -arch ppc -fmessage-length=0 -pipe -std=c99 -Wno-trigraphs -fpascal-strings -fasm-blocks -Os -mdynamic-no-pic -Wreturn-type -Wunused-variable -isysroot /Developer-3.2.4/SDKs/MacOSX10.5.sdk -mtune=G4 -fvisibility=hidden -mmacosx-version-min=10.5 -gdwarf-2 -iquote /Users/gabe/Projects/gh-unit/Project/build/GHUnit.build/Release/Tests.build/Tests-generated-files.hmap -I/Users/gabe/Projects/gh-unit/Project/build/GHUnit.build/Release/Tests.build/Tests-own-target-headers.hmap -I/Users/gabe/Projects/gh-unit/Project/build/GHUnit.build/Release/Tests.build/Tests-all-target-headers.hmap -iquote /Users/gabe/Projects/gh-unit/Project/build/GHUnit.build/Release/Tests.build/Tests-project-headers.hmap -F/Users/gabe/Projects/gh-unit/Project/build/Release -I/Users/gabe/Projects/gh-unit/Project/build/Release/include -I/Users/gabe/Projects/gh-unit/Project/build/GHUnit.build/Release/Tests.build/DerivedSources/ppc -I/Users/gabe/Projects/gh-unit/Project/build/GHUnit.build/Release/Tests.build/DerivedSources -include /var/folders/Ex/ExrV3443Gey7aKvtaJPTTk++-FA/-Caches-/com.apple.Xcode.1299/SharedPrecompiledHeaders/Tests_Prefix-evvyfngimdqbfgcnixrnsubjzysr/Tests_Prefix.pch -c /Users/gabe/Projects/gh-unit/Project/../Tests/GHTestMacrosTest.m -o /Users/gabe/Projects/gh-unit/Project/build/GHUnit.build/Release/Tests.build/Objects-normal/ppc/GHTestMacrosTest.o0#

CCompileC build/GHUnit.build/Release/Tests.build/Objects-normal/ppc/GHTestOnMainThread.o /Users/gabe/Projects/gh-unit/Project/../Tests/GHTestOnMainThread.m normal ppc objective-c com.apple.compilers.gcc.4_2
s305013651.493872
e305013651.767169
r1
xCompileC
xbuild/GHUnit.build/Release/Tests.build/Objects-normal/ppc/GHTestOnMainThread.o
x/Users/gabe/Projects/gh-unit/Project/../Tests/GHTestOnMainThread.m
xnormal
xppc
xobjective-c
xcom.apple.compilers.gcc.4_2
lSLF07#2@74"Compile /Users/gabe/Projects/gh-unit/Project/../Tests/GHTestOnMainThread.m305013651#305013651#0(0"0(0#0#66"/Users/gabe/Projects/gh-unit/Project/../Tests/GHTestOnMainThread.m8725876832#1480"    cd /Users/gabe/Projects/gh-unit/Project    setenv LANG en_US.US-ASCII    /Developer-3.2.4/usr/bin/gcc-4.2 -x objective-c -arch ppc -fmessage-length=0 -pipe -std=c99 -Wno-trigraphs -fpascal-strings -fasm-blocks -Os -mdynamic-no-pic -Wreturn-type -Wunused-variable -isysroot /Developer-3.2.4/SDKs/MacOSX10.5.sdk -mtune=G4 -fvisibility=hidden -mmacosx-version-min=10.5 -gdwarf-2 -iquote /Users/gabe/Projects/gh-unit/Project/build/GHUnit.build/Release/Tests.build/Tests-generated-files.hmap -I/Users/gabe/Projects/gh-unit/Project/build/GHUnit.build/Release/Tests.build/Tests-own-target-headers.hmap -I/Users/gabe/Projects/gh-unit/Project/build/GHUnit.build/Release/Tests.build/Tests-all-target-headers.hmap -iquote /Users/gabe/Projects/gh-unit/Project/build/GHUnit.build/Release/Tests.build/Tests-project-headers.hmap -F/Users/gabe/Projects/gh-unit/Project/build/Release -I/Users/gabe/Projects/gh-unit/Project/build/Release/include -I/Users/gabe/Projects/gh-unit/Project/build/GHUnit.build/Release/Tests.build/DerivedSources/ppc -I/Users/gabe/Projects/gh-unit/Project/build/GHUnit.build/Release/Tests.build/DerivedSources -include /var/folders/Ex/ExrV3443Gey7aKvtaJPTTk++-FA/-Caches-/com.apple.Xcode.1299/SharedPrecompiledHeaders/Tests_Prefix-evvyfngimdqbfgcnixrnsubjzysr/Tests_Prefix.pch -c /Users/gabe/Projects/gh-unit/Project/../Tests/GHTestOnMainThread.m -o /Users/gabe/Projects/gh-unit/Project/build/GHUnit.build/Release/Tests.build/Objects-normal/ppc/GHTestOnMainThread.o0#

CCompileC build/GHUnit.build/Release/Tests.build/Objects-normal/ppc/GHUnitTestMain.o /Users/gabe/Projects/gh-unit/Project/../Classes-MacOSX/GHUnitTestMain.m normal ppc objective-c com.apple.compilers.gcc.4_2
s305013651.076588
e305013651.332622
r1
xCompileC
xbuild/GHUnit.build/Release/Tests.build/Objects-normal/ppc/GHUnitTestMain.o
x/Users/gabe/Projects/gh-unit/Project/../Classes-MacOSX/GHUnitTestMain.m
xnormal
xppc
xobjective-c
xcom.apple.compilers.gcc.4_2
lSLF07#2@79"Compile /Users/gabe/Projects/gh-unit/Project/../Classes-MacOSX/GHUnitTestMain.m305013651#305013651#0(0"0(0#0#71"/Users/gabe/Projects/gh-unit/Project/../Classes-MacOSX/GHUnitTestMain.m8744043520#1481"    cd /Users/gabe/Projects/gh-unit/Project    setenv LANG en_US.US-ASCII    /Developer-3.2.4/usr/bin/gcc-4.2 -x objective-c -arch ppc -fmessage-length=0 -pipe -std=c99 -Wno-trigraphs -fpascal-strings -fasm-blocks -Os -mdynamic-no-pic -Wreturn-type -Wunused-variable -isysroot /Developer-3.2.4/SDKs/MacOSX10.5.sdk -mtune=G4 -fvisibility=hidden -mmacosx-version-min=10.5 -gdwarf-2 -iquote /Users/gabe/Projects/gh-unit/Project/build/GHUnit.build/Release/Tests.build/Tests-generated-files.hmap -I/Users/gabe/Projects/gh-unit/Project/build/GHUnit.build/Release/Tests.build/Tests-own-target-headers.hmap -I/Users/gabe/Projects/gh-unit/Project/build/GHUnit.build/Release/Tests.build/Tests-all-target-headers.hmap -iquote /Users/gabe/Projects/gh-unit/Project/build/GHUnit.build/Release/Tests.build/Tests-project-headers.hmap -F/Users/gabe/Projects/gh-unit/Project/build/Release -I/Users/gabe/Projects/gh-unit/Project/build/Release/include -I/Users/gabe/Projects/gh-unit/Project/build/GHUnit.build/Release/Tests.build/DerivedSources/ppc -I/Users/gabe/Projects/gh-unit/Project/build/GHUnit.build/Release/Tests.build/DerivedSources -include /var/folders/Ex/ExrV3443Gey7aKvtaJPTTk++-FA/-Caches-/com.apple.Xcode.1299/SharedPrecompiledHeaders/Tests_Prefix-evvyfngimdqbfgcnixrnsubjzysr/Tests_Prefix.pch -c /Users/gabe/Projects/gh-unit/Project/../Classes-MacOSX/GHUnitTestMain.m -o /Users/gabe/Projects/gh-unit/Project/build/GHUnit.build/Release/Tests.build/Objects-normal/ppc/GHUnitTestMain.o0#

CCompileC build/GHUnit.build/Release/Tests.build/Objects-normal/ppc/GTMSenTestCase.o /Users/gabe/Projects/gh-unit/Project/../Tests/GTM/GTMSenTestCase.m normal ppc objective-c com.apple.compilers.gcc.4_2
s305013650.761177
e305013651.053240
r1
xCompileC
xbuild/GHUnit.build/Release/Tests.build/Objects-normal/ppc/GTMSenTestCase.o
x/Users/gabe/Projects/gh-unit/Project/../Tests/GTM/GTMSenTestCase.m
xnormal
xppc
xobjective-c
xcom.apple.compilers.gcc.4_2
lSLF07#2@74"Compile /Users/gabe/Projects/gh-unit/Project/../Tests/GTM/GTMSenTestCase.m305013650#305013651#0(0"0(0#0#66"/Users/gabe/Projects/gh-unit/Project/../Tests/GTM/GTMSenTestCase.m8743506144#1476"    cd /Users/gabe/Projects/gh-unit/Project    setenv LANG en_US.US-ASCII    /Developer-3.2.4/usr/bin/gcc-4.2 -x objective-c -arch ppc -fmessage-length=0 -pipe -std=c99 -Wno-trigraphs -fpascal-strings -fasm-blocks -Os -mdynamic-no-pic -Wreturn-type -Wunused-variable -isysroot /Developer-3.2.4/SDKs/MacOSX10.5.sdk -mtune=G4 -fvisibility=hidden -mmacosx-version-min=10.5 -gdwarf-2 -iquote /Users/gabe/Projects/gh-unit/Project/build/GHUnit.build/Release/Tests.build/Tests-generated-files.hmap -I/Users/gabe/Projects/gh-unit/Project/build/GHUnit.build/Release/Tests.build/Tests-own-target-headers.hmap -I/Users/gabe/Projects/gh-unit/Project/build/GHUnit.build/Release/Tests.build/Tests-all-target-headers.hmap -iquote /Users/gabe/Projects/gh-unit/Project/build/GHUnit.build/Release/Tests.build/Tests-project-headers.hmap -F/Users/gabe/Projects/gh-unit/Project/build/Release -I/Users/gabe/Projects/gh-unit/Project/build/Release/include -I/Users/gabe/Projects/gh-unit/Project/build/GHUnit.build/Release/Tests.build/DerivedSources/ppc -I/Users/gabe/Projects/gh-unit/Project/build/GHUnit.build/Release/Tests.build/DerivedSources -include /var/folders/Ex/ExrV3443Gey7aKvtaJPTTk++-FA/-Caches-/com.apple.Xcode.1299/SharedPrecompiledHeaders/Tests_Prefix-evvyfngimdqbfgcnixrnsubjzysr/Tests_Prefix.pch -c /Users/gabe/Projects/gh-unit/Project/../Tests/GTM/GTMSenTestCase.m -o /Users/gabe/Projects/gh-unit/Project/build/GHUnit.build/Release/Tests.build/Objects-normal/ppc/GTMSenTestCase.o0#

CCompileC build/GHUnit.build/Release/Tests.build/Objects-normal/x86_64/GHAsyncTestCaseTest.o /Users/gabe/Projects/gh-unit/Project/../Tests/GHAsyncTestCaseTest.m normal x86_64 objective-c com.apple.compilers.gcc.4_2
s305013508.448194
e305013508.732869
r1
xCompileC
xbuild/GHUnit.build/Release/Tests.build/Objects-normal/x86_64/GHAsyncTestCaseTest.o
x/Users/gabe/Projects/gh-unit/Project/../Tests/GHAsyncTestCaseTest.m
xnormal
xx86_64
xobjective-c
xcom.apple.compilers.gcc.4_2
lSLF07#2@75"Compile /Users/gabe/Projects/gh-unit/Project/../Tests/GHAsyncTestCaseTest.m305013508#305013508#0(0"0(0#0#67"/Users/gabe/Projects/gh-unit/Project/../Tests/GHAsyncTestCaseTest.m8708204992#1481"    cd /Users/gabe/Projects/gh-unit/Project    setenv LANG en_US.US-ASCII    /Developer-3.2.4/usr/bin/gcc-4.2 -x objective-c -arch x86_64 -fmessage-length=0 -pipe -std=c99 -Wno-trigraphs -fpascal-strings -fasm-blocks -Os -mdynamic-no-pic -Wreturn-type -Wunused-variable -isysroot /Developer-3.2.4/SDKs/MacOSX10.5.sdk -fvisibility=hidden -mmacosx-version-min=10.5 -gdwarf-2 -iquote /Users/gabe/Projects/gh-unit/Project/build/GHUnit.build/Release/Tests.build/Tests-generated-files.hmap -I/Users/gabe/Projects/gh-unit/Project/build/GHUnit.build/Release/Tests.build/Tests-own-target-headers.hmap -I/Users/gabe/Projects/gh-unit/Project/build/GHUnit.build/Release/Tests.build/Tests-all-target-headers.hmap -iquote /Users/gabe/Projects/gh-unit/Project/build/GHUnit.build/Release/Tests.build/Tests-project-headers.hmap -F/Users/gabe/Projects/gh-unit/Project/build/Release -I/Users/gabe/Projects/gh-unit/Project/build/Release/include -I/Users/gabe/Projects/gh-unit/Project/build/GHUnit.build/Release/Tests.build/DerivedSources/x86_64 -I/Users/gabe/Projects/gh-unit/Project/build/GHUnit.build/Release/Tests.build/DerivedSources -include /var/folders/Ex/ExrV3443Gey7aKvtaJPTTk++-FA/-Caches-/com.apple.Xcode.1299/SharedPrecompiledHeaders/Tests_Prefix-dluzdvmotkpjhaboufagezukcfrf/Tests_Prefix.pch -c /Users/gabe/Projects/gh-unit/Project/../Tests/GHAsyncTestCaseTest.m -o /Users/gabe/Projects/gh-unit/Project/build/GHUnit.build/Release/Tests.build/Objects-normal/x86_64/GHAsyncTestCaseTest.o0#

CCompileC build/GHUnit.build/Release/Tests.build/Objects-normal/x86_64/GHGTMTestCaseTest.o /Users/gabe/Projects/gh-unit/Project/../Tests/GHGTMTestCaseTest.m normal x86_64 objective-c com.apple.compilers.gcc.4_2
s305013508.210734
e305013508.360437
r0
xCompileC
xbuild/GHUnit.build/Release/Tests.build/Objects-normal/x86_64/GHGTMTestCaseTest.o
x/Users/gabe/Projects/gh-unit/Project/../Tests/GHGTMTestCaseTest.m
xnormal
xx86_64
xobjective-c
xcom.apple.compilers.gcc.4_2
oIn file included from /Users/gabe/Projects/gh-unit/Project/../Tests/GHGTMTestCaseTest.m:9:
o/Users/gabe/Projects/gh-unit/Project/../Tests/GTM/GTMSenTestCase.h:57:40: error: SenTestingKit/SenTestingKit.h: No such file or directory
oIn file included from /Users/gabe/Projects/gh-unit/Project/../Tests/GHGTMTestCaseTest.m:9:
o/Users/gabe/Projects/gh-unit/Project/../Tests/GTM/GTMSenTestCase.h:1004: error: cannot find interface declaration for 'SenTestCase', superclass of 'GTMTestCase'
o/Users/gabe/Projects/gh-unit/Project/../Tests/GHGTMTestCaseTest.m: In function '-[GHGTMTestCaseTest test]':
o/Users/gabe/Projects/gh-unit/Project/../Tests/GHGTMTestCaseTest.m:18: warning: implicit declaration of function 'STAssertTrue'
lSLF07#2@73"Compile /Users/gabe/Projects/gh-unit/Project/../Tests/GHGTMTestCaseTest.m305013508#305013508#0(716"In file included from /Users/gabe/Projects/gh-unit/Project/../Tests/GHGTMTestCaseTest.m:9:/Users/gabe/Projects/gh-unit/Project/../Tests/GTM/GTMSenTestCase.h:57:40: error: SenTestingKit/SenTestingKit.h: No such file or directoryIn file included from /Users/gabe/Projects/gh-unit/Project/../Tests/GHGTMTestCaseTest.m:9:/Users/gabe/Projects/gh-unit/Project/../Tests/GTM/GTMSenTestCase.h:1004: error: cannot find interface declaration for 'SenTestCase', superclass of 'GTMTestCase'/Users/gabe/Projects/gh-unit/Project/../Tests/GHGTMTestCaseTest.m: In function '-[GHGTMTestCaseTest test]':/Users/gabe/Projects/gh-unit/Project/../Tests/GHGTMTestCaseTest.m:18: warning: implicit declaration of function 'STAssertTrue'3(4@56"SenTestingKit/SenTestingKit.h: No such file or directory305013508#91#138#2(7@87"In file included from /Users/gabe/Projects/gh-unit/Project/../Tests/GHGTMTestCaseTest.m305013508#18446744073709551615#0#0(6@65"/Users/gabe/Projects/gh-unit/Project/../Tests/GHGTMTestCaseTest.m303155834#9#0#9#0#0"0(13@126"SenTestingKit/SenTestingKit.h: No such file or directory in /Users/gabe/Projects/gh-unit/Project/../Tests/GTM/GTMSenTestCase.h305013508#18446744073709551615#0#0(6@66"/Users/gabe/Projects/gh-unit/Project/../Tests/GTM/GTMSenTestCase.h305011062#57#0#57#0#0"0(6@66"/Users/gabe/Projects/gh-unit/Project/../Tests/GTM/GTMSenTestCase.h305011062#57#0#57#0#28"*: No such file or directory0(4@80"Cannot find interface declaration for 'SenTestCase', superclass of 'GTMTestCase'305013508#320#161#2(7@87"In file included from /Users/gabe/Projects/gh-unit/Project/../Tests/GHGTMTestCaseTest.m305013508#18446744073709551615#0#0(6@65"/Users/gabe/Projects/gh-unit/Project/../Tests/GHGTMTestCaseTest.m303155834#9#0#9#0#0"0(13@150"Cannot find interface declaration for 'SenTestCase', superclass of 'GTMTestCase' in /Users/gabe/Projects/gh-unit/Project/../Tests/GTM/GTMSenTestCase.h305013508#18446744073709551615#0#0(6@66"/Users/gabe/Projects/gh-unit/Project/../Tests/GTM/GTMSenTestCase.h305011062#1004#0#1004#0#0"0(6@66"/Users/gabe/Projects/gh-unit/Project/../Tests/GTM/GTMSenTestCase.h305011062#1004#0#1004#0#60"cannot find interface declaration for '*', superclass of '*'0(22@47"Implicit declaration of function 'STAssertTrue'305013508#589#127#0(6@65"/Users/gabe/Projects/gh-unit/Project/../Tests/GHGTMTestCaseTest.m303155834#18#0#18#0#36"implicit declaration of function '*'0(0#0#65"/Users/gabe/Projects/gh-unit/Project/../Tests/GHGTMTestCaseTest.m8729055008#1477"    cd /Users/gabe/Projects/gh-unit/Project    setenv LANG en_US.US-ASCII    /Developer-3.2.4/usr/bin/gcc-4.2 -x objective-c -arch x86_64 -fmessage-length=0 -pipe -std=c99 -Wno-trigraphs -fpascal-strings -fasm-blocks -Os -mdynamic-no-pic -Wreturn-type -Wunused-variable -isysroot /Developer-3.2.4/SDKs/MacOSX10.5.sdk -fvisibility=hidden -mmacosx-version-min=10.5 -gdwarf-2 -iquote /Users/gabe/Projects/gh-unit/Project/build/GHUnit.build/Release/Tests.build/Tests-generated-files.hmap -I/Users/gabe/Projects/gh-unit/Project/build/GHUnit.build/Release/Tests.build/Tests-own-target-headers.hmap -I/Users/gabe/Projects/gh-unit/Project/build/GHUnit.build/Release/Tests.build/Tests-all-target-headers.hmap -iquote /Users/gabe/Projects/gh-unit/Project/build/GHUnit.build/Release/Tests.build/Tests-project-headers.hmap -F/Users/gabe/Projects/gh-unit/Project/build/Release -I/Users/gabe/Projects/gh-unit/Project/build/Release/include -I/Users/gabe/Projects/gh-unit/Project/build/GHUnit.build/Release/Tests.build/DerivedSources/x86_64 -I/Users/gabe/Projects/gh-unit/Project/build/GHUnit.build/Release/Tests.build/DerivedSources -include /var/folders/Ex/ExrV3443Gey7aKvtaJPTTk++-FA/-Caches-/com.apple.Xcode.1299/SharedPrecompiledHeaders/Tests_Prefix-dluzdvmotkpjhaboufagezukcfrf/Tests_Prefix.pch -c /Users/gabe/Projects/gh-unit/Project/../Tests/GHGTMTestCaseTest.m -o /Users/gabe/Projects/gh-unit/Project/build/GHUnit.build/Release/Tests.build/Objects-normal/x86_64/GHGTMTestCaseTest.o1#

CCompileC build/GHUnit.build/Release/Tests.build/Objects-normal/x86_64/GHMockNSURLConnectionTest.o /Users/gabe/Projects/gh-unit/Project/../Tests/GHMockNSURLConnectionTest.m normal x86_64 objective-c com.apple.compilers.gcc.4_2
s305013508.360590
e305013508.820656
r1
xCompileC
xbuild/GHUnit.build/Release/Tests.build/Objects-normal/x86_64/GHMockNSURLConnectionTest.o
x/Users/gabe/Projects/gh-unit/Project/../Tests/GHMockNSURLConnectionTest.m
xnormal
xx86_64
xobjective-c
xcom.apple.compilers.gcc.4_2
lSLF07#2@81"Compile /Users/gabe/Projects/gh-unit/Project/../Tests/GHMockNSURLConnectionTest.m305013508#305013508#0(0"0(0#0#73"/Users/gabe/Projects/gh-unit/Project/../Tests/GHMockNSURLConnectionTest.m8680584480#1493"    cd /Users/gabe/Projects/gh-unit/Project    setenv LANG en_US.US-ASCII    /Developer-3.2.4/usr/bin/gcc-4.2 -x objective-c -arch x86_64 -fmessage-length=0 -pipe -std=c99 -Wno-trigraphs -fpascal-strings -fasm-blocks -Os -mdynamic-no-pic -Wreturn-type -Wunused-variable -isysroot /Developer-3.2.4/SDKs/MacOSX10.5.sdk -fvisibility=hidden -mmacosx-version-min=10.5 -gdwarf-2 -iquote /Users/gabe/Projects/gh-unit/Project/build/GHUnit.build/Release/Tests.build/Tests-generated-files.hmap -I/Users/gabe/Projects/gh-unit/Project/build/GHUnit.build/Release/Tests.build/Tests-own-target-headers.hmap -I/Users/gabe/Projects/gh-unit/Project/build/GHUnit.build/Release/Tests.build/Tests-all-target-headers.hmap -iquote /Users/gabe/Projects/gh-unit/Project/build/GHUnit.build/Release/Tests.build/Tests-project-headers.hmap -F/Users/gabe/Projects/gh-unit/Project/build/Release -I/Users/gabe/Projects/gh-unit/Project/build/Release/include -I/Users/gabe/Projects/gh-unit/Project/build/GHUnit.build/Release/Tests.build/DerivedSources/x86_64 -I/Users/gabe/Projects/gh-unit/Project/build/GHUnit.build/Release/Tests.build/DerivedSources -include /var/folders/Ex/ExrV3443Gey7aKvtaJPTTk++-FA/-Caches-/com.apple.Xcode.1299/SharedPrecompiledHeaders/Tests_Prefix-dluzdvmotkpjhaboufagezukcfrf/Tests_Prefix.pch -c /Users/gabe/Projects/gh-unit/Project/../Tests/GHMockNSURLConnectionTest.m -o /Users/gabe/Projects/gh-unit/Project/build/GHUnit.build/Release/Tests.build/Objects-normal/x86_64/GHMockNSURLConnectionTest.o0#

CCompileC build/GHUnit.build/Release/Tests.build/Objects-normal/x86_64/GHNSLocaleMockTest.o /Users/gabe/Projects/gh-unit/Project/../Tests/GHNSLocaleMockTest.m normal x86_64 objective-c com.apple.compilers.gcc.4_2
s305013508.416790
e305013508.662735
r1
xCompileC
xbuild/GHUnit.build/Release/Tests.build/Objects-normal/x86_64/GHNSLocaleMockTest.o
x/Users/gabe/Projects/gh-unit/Project/../Tests/GHNSLocaleMockTest.m
xnormal
xx86_64
xobjective-c
xcom.apple.compilers.gcc.4_2
lSLF07#2@74"Compile /Users/gabe/Projects/gh-unit/Project/../Tests/GHNSLocaleMockTest.m305013508#305013508#0(0"0(0#0#66"/Users/gabe/Projects/gh-unit/Project/../Tests/GHNSLocaleMockTest.m8710691744#1479"    cd /Users/gabe/Projects/gh-unit/Project    setenv LANG en_US.US-ASCII    /Developer-3.2.4/usr/bin/gcc-4.2 -x objective-c -arch x86_64 -fmessage-length=0 -pipe -std=c99 -Wno-trigraphs -fpascal-strings -fasm-blocks -Os -mdynamic-no-pic -Wreturn-type -Wunused-variable -isysroot /Developer-3.2.4/SDKs/MacOSX10.5.sdk -fvisibility=hidden -mmacosx-version-min=10.5 -gdwarf-2 -iquote /Users/gabe/Projects/gh-unit/Project/build/GHUnit.build/Release/Tests.build/Tests-generated-files.hmap -I/Users/gabe/Projects/gh-unit/Project/build/GHUnit.build/Release/Tests.build/Tests-own-target-headers.hmap -I/Users/gabe/Projects/gh-unit/Project/build/GHUnit.build/Release/Tests.build/Tests-all-target-headers.hmap -iquote /Users/gabe/Projects/gh-unit/Project/build/GHUnit.build/Release/Tests.build/Tests-project-headers.hmap -F/Users/gabe/Projects/gh-unit/Project/build/Release -I/Users/gabe/Projects/gh-unit/Project/build/Release/include -I/Users/gabe/Projects/gh-unit/Project/build/GHUnit.build/Release/Tests.build/DerivedSources/x86_64 -I/Users/gabe/Projects/gh-unit/Project/build/GHUnit.build/Release/Tests.build/DerivedSources -include /var/folders/Ex/ExrV3443Gey7aKvtaJPTTk++-FA/-Caches-/com.apple.Xcode.1299/SharedPrecompiledHeaders/Tests_Prefix-dluzdvmotkpjhaboufagezukcfrf/Tests_Prefix.pch -c /Users/gabe/Projects/gh-unit/Project/../Tests/GHNSLocaleMockTest.m -o /Users/gabe/Projects/gh-unit/Project/build/GHUnit.build/Release/Tests.build/Objects-normal/x86_64/GHNSLocaleMockTest.o0#

CCompileC build/GHUnit.build/Release/Tests.build/Objects-normal/x86_64/GHRegisterTestCaseClassTest.o /Users/gabe/Projects/gh-unit/Project/../Tests/GHRegisterTestCaseClassTest.m normal x86_64 objective-c com.apple.compilers.gcc.4_2
s305013508.214218
e305013508.416621
r1
xCompileC
xbuild/GHUnit.build/Release/Tests.build/Objects-normal/x86_64/GHRegisterTestCaseClassTest.o
x/Users/gabe/Projects/gh-unit/Project/../Tests/GHRegisterTestCaseClassTest.m
xnormal
xx86_64
xobjective-c
xcom.apple.compilers.gcc.4_2
lSLF07#2@83"Compile /Users/gabe/Projects/gh-unit/Project/../Tests/GHRegisterTestCaseClassTest.m305013508#305013508#0(0"0(0#0#75"/Users/gabe/Projects/gh-unit/Project/../Tests/GHRegisterTestCaseClassTest.m8716168992#1497"    cd /Users/gabe/Projects/gh-unit/Project    setenv LANG en_US.US-ASCII    /Developer-3.2.4/usr/bin/gcc-4.2 -x objective-c -arch x86_64 -fmessage-length=0 -pipe -std=c99 -Wno-trigraphs -fpascal-strings -fasm-blocks -Os -mdynamic-no-pic -Wreturn-type -Wunused-variable -isysroot /Developer-3.2.4/SDKs/MacOSX10.5.sdk -fvisibility=hidden -mmacosx-version-min=10.5 -gdwarf-2 -iquote /Users/gabe/Projects/gh-unit/Project/build/GHUnit.build/Release/Tests.build/Tests-generated-files.hmap -I/Users/gabe/Projects/gh-unit/Project/build/GHUnit.build/Release/Tests.build/Tests-own-target-headers.hmap -I/Users/gabe/Projects/gh-unit/Project/build/GHUnit.build/Release/Tests.build/Tests-all-target-headers.hmap -iquote /Users/gabe/Projects/gh-unit/Project/build/GHUnit.build/Release/Tests.build/Tests-project-headers.hmap -F/Users/gabe/Projects/gh-unit/Project/build/Release -I/Users/gabe/Projects/gh-unit/Project/build/Release/include -I/Users/gabe/Projects/gh-unit/Project/build/GHUnit.build/Release/Tests.build/DerivedSources/x86_64 -I/Users/gabe/Projects/gh-unit/Project/build/GHUnit.build/Release/Tests.build/DerivedSources -include /var/folders/Ex/ExrV3443Gey7aKvtaJPTTk++-FA/-Caches-/com.apple.Xcode.1299/SharedPrecompiledHeaders/Tests_Prefix-dluzdvmotkpjhaboufagezukcfrf/Tests_Prefix.pch -c /Users/gabe/Projects/gh-unit/Project/../Tests/GHRegisterTestCaseClassTest.m -o /Users/gabe/Projects/gh-unit/Project/build/GHUnit.build/Release/Tests.build/Objects-normal/x86_64/GHRegisterTestCaseClassTest.o0#

CCompileC build/GHUnit.build/Release/Tests.build/Objects-normal/x86_64/GHSenTestingTest.o /Users/gabe/Projects/gh-unit/Project/../Tests/GHSenTestingTest.m normal x86_64 objective-c com.apple.compilers.gcc.4_2
s305013507.971329
e305013508.209942
r0
xCompileC
xbuild/GHUnit.build/Release/Tests.build/Objects-normal/x86_64/GHSenTestingTest.o
x/Users/gabe/Projects/gh-unit/Project/../Tests/GHSenTestingTest.m
xnormal
xx86_64
xobjective-c
xcom.apple.compilers.gcc.4_2
o/Users/gabe/Projects/gh-unit/Project/../Tests/GHSenTestingTest.m:10:40: error: SenTestingKit/SenTestingKit.h: No such file or directory
o/Users/gabe/Projects/gh-unit/Project/../Tests/GHSenTestingTest.m:13: error: cannot find interface declaration for 'SenTestCase', superclass of 'GHSenTestingTest'
o/Users/gabe/Projects/gh-unit/Project/../Tests/GHSenTestingTest.m: In function '-[GHSenTestingTest test]':
o/Users/gabe/Projects/gh-unit/Project/../Tests/GHSenTestingTest.m:19: warning: implicit declaration of function 'STAssertTrue'
o/Users/gabe/Projects/gh-unit/Project/../Tests/GHSenTestingTest.m: At top level:
o/Users/gabe/Projects/gh-unit/Project/../Tests/GHSenTestingTest.m:28: error: cannot find interface declaration for 'SenTestCase', superclass of 'GHSenTestFailWithException'
o/Users/gabe/Projects/gh-unit/Project/../Tests/GHSenTestingTest.m: In function '-[GHSenTestFailWithException testFailWithException]':
o/Users/gabe/Projects/gh-unit/Project/../Tests/GHSenTestingTest.m:41: warning: implicit declaration of function 'STFail'
o/Users/gabe/Projects/gh-unit/Project/../Tests/GHSenTestingTest.m: In function '-[GHSenTestFailWithException testFailWithExceptionCall_EXPECTED]':
o/Users/gabe/Projects/gh-unit/Project/../Tests/GHSenTestingTest.m:46: error: no super class declared in @interface for 'GHSenTestFailWithException'
lSLF07#2@72"Compile /Users/gabe/Projects/gh-unit/Project/../Tests/GHSenTestingTest.m305013507#305013508#0(1328"/Users/gabe/Projects/gh-unit/Project/../Tests/GHSenTestingTest.m:10:40: error: SenTestingKit/SenTestingKit.h: No such file or directory/Users/gabe/Projects/gh-unit/Project/../Tests/GHSenTestingTest.m:13: error: cannot find interface declaration for 'SenTestCase', superclass of 'GHSenTestingTest'/Users/gabe/Projects/gh-unit/Project/../Tests/GHSenTestingTest.m: In function '-[GHSenTestingTest test]':/Users/gabe/Projects/gh-unit/Project/../Tests/GHSenTestingTest.m:19: warning: implicit declaration of function 'STAssertTrue'/Users/gabe/Projects/gh-unit/Project/../Tests/GHSenTestingTest.m: At top level:/Users/gabe/Projects/gh-unit/Project/../Tests/GHSenTestingTest.m:28: error: cannot find interface declaration for 'SenTestCase', superclass of 'GHSenTestFailWithException'/Users/gabe/Projects/gh-unit/Project/../Tests/GHSenTestingTest.m: In function '-[GHSenTestFailWithException testFailWithException]':/Users/gabe/Projects/gh-unit/Project/../Tests/GHSenTestingTest.m:41: warning: implicit declaration of function 'STFail'/Users/gabe/Projects/gh-unit/Project/../Tests/GHSenTestingTest.m: In function '-[GHSenTestFailWithException testFailWithExceptionCall_EXPECTED]':/Users/gabe/Projects/gh-unit/Project/../Tests/GHSenTestingTest.m:46: error: no super class declared in @interface for 'GHSenTestFailWithException'7(4@56"SenTestingKit/SenTestingKit.h: No such file or directory305013508#0#136#0(6@64"/Users/gabe/Projects/gh-unit/Project/../Tests/GHSenTestingTest.m303155834#10#0#10#0#28"*: No such file or directory0(4@85"Cannot find interface declaration for 'SenTestCase', superclass of 'GHSenTestingTest'305013508#136#162#0(6@64"/Users/gabe/Projects/gh-unit/Project/../Tests/GHSenTestingTest.m303155834#13#0#13#0#60"cannot find interface declaration for '*', superclass of '*'0(22@47"Implicit declaration of function 'STAssertTrue'305013508#404#126#0(6@64"/Users/gabe/Projects/gh-unit/Project/../Tests/GHSenTestingTest.m303155834#19#0#19#0#36"implicit declaration of function '*'0(23@13"At top level:305013508#530#80#0(6@64"/Users/gabe/Projects/gh-unit/Project/../Tests/GHSenTestingTest.m303155834#0#0#0#0#0"0(4@95"Cannot find interface declaration for 'SenTestCase', superclass of 'GHSenTestFailWithException'305013508#610#172#0(6@64"/Users/gabe/Projects/gh-unit/Project/../Tests/GHSenTestingTest.m303155834#28#0#28#0#60"cannot find interface declaration for '*', superclass of '*'0(22@41"Implicit declaration of function 'STFail'305013508#915#120#0(6@64"/Users/gabe/Projects/gh-unit/Project/../Tests/GHSenTestingTest.m303155834#41#0#41#0#36"implicit declaration of function '*'0(4@70"No super class declared in @interface for 'GHSenTestFailWithException'305013508#1181#147#0(6@64"/Users/gabe/Projects/gh-unit/Project/../Tests/GHSenTestingTest.m303155834#46#0#46#0#0"0(0#0#64"/Users/gabe/Projects/gh-unit/Project/../Tests/GHSenTestingTest.m8737219488#1475"    cd /Users/gabe/Projects/gh-unit/Project    setenv LANG en_US.US-ASCII    /Developer-3.2.4/usr/bin/gcc-4.2 -x objective-c -arch x86_64 -fmessage-length=0 -pipe -std=c99 -Wno-trigraphs -fpascal-strings -fasm-blocks -Os -mdynamic-no-pic -Wreturn-type -Wunused-variable -isysroot /Developer-3.2.4/SDKs/MacOSX10.5.sdk -fvisibility=hidden -mmacosx-version-min=10.5 -gdwarf-2 -iquote /Users/gabe/Projects/gh-unit/Project/build/GHUnit.build/Release/Tests.build/Tests-generated-files.hmap -I/Users/gabe/Projects/gh-unit/Project/build/GHUnit.build/Release/Tests.build/Tests-own-target-headers.hmap -I/Users/gabe/Projects/gh-unit/Project/build/GHUnit.build/Release/Tests.build/Tests-all-target-headers.hmap -iquote /Users/gabe/Projects/gh-unit/Project/build/GHUnit.build/Release/Tests.build/Tests-project-headers.hmap -F/Users/gabe/Projects/gh-unit/Project/build/Release -I/Users/gabe/Projects/gh-unit/Project/build/Release/include -I/Users/gabe/Projects/gh-unit/Project/build/GHUnit.build/Release/Tests.build/DerivedSources/x86_64 -I/Users/gabe/Projects/gh-unit/Project/build/GHUnit.build/Release/Tests.build/DerivedSources -include /var/folders/Ex/ExrV3443Gey7aKvtaJPTTk++-FA/-Caches-/com.apple.Xcode.1299/SharedPrecompiledHeaders/Tests_Prefix-dluzdvmotkpjhaboufagezukcfrf/Tests_Prefix.pch -c /Users/gabe/Projects/gh-unit/Project/../Tests/GHSenTestingTest.m -o /Users/gabe/Projects/gh-unit/Project/build/GHUnit.build/Release/Tests.build/Objects-normal/x86_64/GHSenTestingTest.o1#

CCompileC build/GHUnit.build/Release/Tests.build/Objects-normal/x86_64/GHSetUpTearDownTest.o /Users/gabe/Projects/gh-unit/Project/../Tests/GHSetUpTearDownTest.m normal x86_64 objective-c com.apple.compilers.gcc.4_2
s305013507.973201
e305013508.348690
r1
xCompileC
xbuild/GHUnit.build/Release/Tests.build/Objects-normal/x86_64/GHSetUpTearDownTest.o
x/Users/gabe/Projects/gh-unit/Project/../Tests/GHSetUpTearDownTest.m
xnormal
xx86_64
xobjective-c
xcom.apple.compilers.gcc.4_2
lSLF07#2@75"Compile /Users/gabe/Projects/gh-unit/Project/../Tests/GHSetUpTearDownTest.m305013507#305013508#0(0"0(0#0#67"/Users/gabe/Projects/gh-unit/Project/../Tests/GHSetUpTearDownTest.m8734837472#1481"    cd /Users/gabe/Projects/gh-unit/Project    setenv LANG en_US.US-ASCII    /Developer-3.2.4/usr/bin/gcc-4.2 -x objective-c -arch x86_64 -fmessage-length=0 -pipe -std=c99 -Wno-trigraphs -fpascal-strings -fasm-blocks -Os -mdynamic-no-pic -Wreturn-type -Wunused-variable -isysroot /Developer-3.2.4/SDKs/MacOSX10.5.sdk -fvisibility=hidden -mmacosx-version-min=10.5 -gdwarf-2 -iquote /Users/gabe/Projects/gh-unit/Project/build/GHUnit.build/Release/Tests.build/Tests-generated-files.hmap -I/Users/gabe/Projects/gh-unit/Project/build/GHUnit.build/Release/Tests.build/Tests-own-target-headers.hmap -I/Users/gabe/Projects/gh-unit/Project/build/GHUnit.build/Release/Tests.build/Tests-all-target-headers.hmap -iquote /Users/gabe/Projects/gh-unit/Project/build/GHUnit.build/Release/Tests.build/Tests-project-headers.hmap -F/Users/gabe/Projects/gh-unit/Project/build/Release -I/Users/gabe/Projects/gh-unit/Project/build/Release/include -I/Users/gabe/Projects/gh-unit/Project/build/GHUnit.build/Release/Tests.build/DerivedSources/x86_64 -I/Users/gabe/Projects/gh-unit/Project/build/GHUnit.build/Release/Tests.build/DerivedSources -include /var/folders/Ex/ExrV3443Gey7aKvtaJPTTk++-FA/-Caches-/com.apple.Xcode.1299/SharedPrecompiledHeaders/Tests_Prefix-dluzdvmotkpjhaboufagezukcfrf/Tests_Prefix.pch -c /Users/gabe/Projects/gh-unit/Project/../Tests/GHSetUpTearDownTest.m -o /Users/gabe/Projects/gh-unit/Project/build/GHUnit.build/Release/Tests.build/Objects-normal/x86_64/GHSetUpTearDownTest.o0#

CCompileC build/GHUnit.build/Release/Tests.build/Objects-normal/x86_64/GHSlowTest.o /Users/gabe/Projects/gh-unit/Project/../Tests/GHSlowTest.m normal x86_64 objective-c com.apple.compilers.gcc.4_2
s305013507.974600
e305013508.260765
r1
xCompileC
xbuild/GHUnit.build/Release/Tests.build/Objects-normal/x86_64/GHSlowTest.o
x/Users/gabe/Projects/gh-unit/Project/../Tests/GHSlowTest.m
xnormal
xx86_64
xobjective-c
xcom.apple.compilers.gcc.4_2
lSLF07#2@66"Compile /Users/gabe/Projects/gh-unit/Project/../Tests/GHSlowTest.m305013507#305013508#0(0"0(0#0#58"/Users/gabe/Projects/gh-unit/Project/../Tests/GHSlowTest.m8728083488#1463"    cd /Users/gabe/Projects/gh-unit/Project    setenv LANG en_US.US-ASCII    /Developer-3.2.4/usr/bin/gcc-4.2 -x objective-c -arch x86_64 -fmessage-length=0 -pipe -std=c99 -Wno-trigraphs -fpascal-strings -fasm-blocks -Os -mdynamic-no-pic -Wreturn-type -Wunused-variable -isysroot /Developer-3.2.4/SDKs/MacOSX10.5.sdk -fvisibility=hidden -mmacosx-version-min=10.5 -gdwarf-2 -iquote /Users/gabe/Projects/gh-unit/Project/build/GHUnit.build/Release/Tests.build/Tests-generated-files.hmap -I/Users/gabe/Projects/gh-unit/Project/build/GHUnit.build/Release/Tests.build/Tests-own-target-headers.hmap -I/Users/gabe/Projects/gh-unit/Project/build/GHUnit.build/Release/Tests.build/Tests-all-target-headers.hmap -iquote /Users/gabe/Projects/gh-unit/Project/build/GHUnit.build/Release/Tests.build/Tests-project-headers.hmap -F/Users/gabe/Projects/gh-unit/Project/build/Release -I/Users/gabe/Projects/gh-unit/Project/build/Release/include -I/Users/gabe/Projects/gh-unit/Project/build/GHUnit.build/Release/Tests.build/DerivedSources/x86_64 -I/Users/gabe/Projects/gh-unit/Project/build/GHUnit.build/Release/Tests.build/DerivedSources -include /var/folders/Ex/ExrV3443Gey7aKvtaJPTTk++-FA/-Caches-/com.apple.Xcode.1299/SharedPrecompiledHeaders/Tests_Prefix-dluzdvmotkpjhaboufagezukcfrf/Tests_Prefix.pch -c /Users/gabe/Projects/gh-unit/Project/../Tests/GHSlowTest.m -o /Users/gabe/Projects/gh-unit/Project/build/GHUnit.build/Release/Tests.build/Objects-normal/x86_64/GHSlowTest.o0#

CCompileC build/GHUnit.build/Release/Tests.build/Objects-normal/x86_64/GHSpecialTestCase.o /Users/gabe/Projects/gh-unit/Project/../Tests/GHSpecialTestCase.m normal x86_64 objective-c com.apple.compilers.gcc.4_2
s305013508.260923
e305013508.448043
r1
xCompileC
xbuild/GHUnit.build/Release/Tests.build/Objects-normal/x86_64/GHSpecialTestCase.o
x/Users/gabe/Projects/gh-unit/Project/../Tests/GHSpecialTestCase.m
xnormal
xx86_64
xobjective-c
xcom.apple.compilers.gcc.4_2
lSLF07#2@73"Compile /Users/gabe/Projects/gh-unit/Project/../Tests/GHSpecialTestCase.m305013508#305013508#0(0"0(0#0#65"/Users/gabe/Projects/gh-unit/Project/../Tests/GHSpecialTestCase.m8712932736#1477"    cd /Users/gabe/Projects/gh-unit/Project    setenv LANG en_US.US-ASCII    /Developer-3.2.4/usr/bin/gcc-4.2 -x objective-c -arch x86_64 -fmessage-length=0 -pipe -std=c99 -Wno-trigraphs -fpascal-strings -fasm-blocks -Os -mdynamic-no-pic -Wreturn-type -Wunused-variable -isysroot /Developer-3.2.4/SDKs/MacOSX10.5.sdk -fvisibility=hidden -mmacosx-version-min=10.5 -gdwarf-2 -iquote /Users/gabe/Projects/gh-unit/Project/build/GHUnit.build/Release/Tests.build/Tests-generated-files.hmap -I/Users/gabe/Projects/gh-unit/Project/build/GHUnit.build/Release/Tests.build/Tests-own-target-headers.hmap -I/Users/gabe/Projects/gh-unit/Project/build/GHUnit.build/Release/Tests.build/Tests-all-target-headers.hmap -iquote /Users/gabe/Projects/gh-unit/Project/build/GHUnit.build/Release/Tests.build/Tests-project-headers.hmap -F/Users/gabe/Projects/gh-unit/Project/build/Release -I/Users/gabe/Projects/gh-unit/Project/build/Release/include -I/Users/gabe/Projects/gh-unit/Project/build/GHUnit.build/Release/Tests.build/DerivedSources/x86_64 -I/Users/gabe/Projects/gh-unit/Project/build/GHUnit.build/Release/Tests.build/DerivedSources -include /var/folders/Ex/ExrV3443Gey7aKvtaJPTTk++-FA/-Caches-/com.apple.Xcode.1299/SharedPrecompiledHeaders/Tests_Prefix-dluzdvmotkpjhaboufagezukcfrf/Tests_Prefix.pch -c /Users/gabe/Projects/gh-unit/Project/../Tests/GHSpecialTestCase.m -o /Users/gabe/Projects/gh-unit/Project/build/GHUnit.build/Release/Tests.build/Objects-normal/x86_64/GHSpecialTestCase.o0#

CCompileC build/GHUnit.build/Release/Tests.build/Objects-normal/x86_64/GHTestFail.o /Users/gabe/Projects/gh-unit/Project/../Tests/GHTestFail.m normal x86_64 objective-c com.apple.compilers.gcc.4_2
s305013508.591807
e305013508.811543
r1
xCompileC
xbuild/GHUnit.build/Release/Tests.build/Objects-normal/x86_64/GHTestFail.o
x/Users/gabe/Projects/gh-unit/Project/../Tests/GHTestFail.m
xnormal
xx86_64
xobjective-c
xcom.apple.compilers.gcc.4_2
lSLF07#2@66"Compile /Users/gabe/Projects/gh-unit/Project/../Tests/GHTestFail.m305013508#305013508#0(0"0(0#0#58"/Users/gabe/Projects/gh-unit/Project/../Tests/GHTestFail.m8715961472#1463"    cd /Users/gabe/Projects/gh-unit/Project    setenv LANG en_US.US-ASCII    /Developer-3.2.4/usr/bin/gcc-4.2 -x objective-c -arch x86_64 -fmessage-length=0 -pipe -std=c99 -Wno-trigraphs -fpascal-strings -fasm-blocks -Os -mdynamic-no-pic -Wreturn-type -Wunused-variable -isysroot /Developer-3.2.4/SDKs/MacOSX10.5.sdk -fvisibility=hidden -mmacosx-version-min=10.5 -gdwarf-2 -iquote /Users/gabe/Projects/gh-unit/Project/build/GHUnit.build/Release/Tests.build/Tests-generated-files.hmap -I/Users/gabe/Projects/gh-unit/Project/build/GHUnit.build/Release/Tests.build/Tests-own-target-headers.hmap -I/Users/gabe/Projects/gh-unit/Project/build/GHUnit.build/Release/Tests.build/Tests-all-target-headers.hmap -iquote /Users/gabe/Projects/gh-unit/Project/build/GHUnit.build/Release/Tests.build/Tests-project-headers.hmap -F/Users/gabe/Projects/gh-unit/Project/build/Release -I/Users/gabe/Projects/gh-unit/Project/build/Release/include -I/Users/gabe/Projects/gh-unit/Project/build/GHUnit.build/Release/Tests.build/DerivedSources/x86_64 -I/Users/gabe/Projects/gh-unit/Project/build/GHUnit.build/Release/Tests.build/DerivedSources -include /var/folders/Ex/ExrV3443Gey7aKvtaJPTTk++-FA/-Caches-/com.apple.Xcode.1299/SharedPrecompiledHeaders/Tests_Prefix-dluzdvmotkpjhaboufagezukcfrf/Tests_Prefix.pch -c /Users/gabe/Projects/gh-unit/Project/../Tests/GHTestFail.m -o /Users/gabe/Projects/gh-unit/Project/build/GHUnit.build/Release/Tests.build/Objects-normal/x86_64/GHTestFail.o0#

CCompileC build/GHUnit.build/Release/Tests.build/Objects-normal/x86_64/GHTestLogTest.o /Users/gabe/Projects/gh-unit/Project/../Tests/GHTestLogTest.m normal x86_64 objective-c com.apple.compilers.gcc.4_2
s305013508.811700
e305013509.052514
r1
xCompileC
xbuild/GHUnit.build/Release/Tests.build/Objects-normal/x86_64/GHTestLogTest.o
x/Users/gabe/Projects/gh-unit/Project/../Tests/GHTestLogTest.m
xnormal
xx86_64
xobjective-c
xcom.apple.compilers.gcc.4_2
lSLF07#2@69"Compile /Users/gabe/Projects/gh-unit/Project/../Tests/GHTestLogTest.m305013508#305013509#0(0"0(0#0#61"/Users/gabe/Projects/gh-unit/Project/../Tests/GHTestLogTest.m8702302240#1469"    cd /Users/gabe/Projects/gh-unit/Project    setenv LANG en_US.US-ASCII    /Developer-3.2.4/usr/bin/gcc-4.2 -x objective-c -arch x86_64 -fmessage-length=0 -pipe -std=c99 -Wno-trigraphs -fpascal-strings -fasm-blocks -Os -mdynamic-no-pic -Wreturn-type -Wunused-variable -isysroot /Developer-3.2.4/SDKs/MacOSX10.5.sdk -fvisibility=hidden -mmacosx-version-min=10.5 -gdwarf-2 -iquote /Users/gabe/Projects/gh-unit/Project/build/GHUnit.build/Release/Tests.build/Tests-generated-files.hmap -I/Users/gabe/Projects/gh-unit/Project/build/GHUnit.build/Release/Tests.build/Tests-own-target-headers.hmap -I/Users/gabe/Projects/gh-unit/Project/build/GHUnit.build/Release/Tests.build/Tests-all-target-headers.hmap -iquote /Users/gabe/Projects/gh-unit/Project/build/GHUnit.build/Release/Tests.build/Tests-project-headers.hmap -F/Users/gabe/Projects/gh-unit/Project/build/Release -I/Users/gabe/Projects/gh-unit/Project/build/Release/include -I/Users/gabe/Projects/gh-unit/Project/build/GHUnit.build/Release/Tests.build/DerivedSources/x86_64 -I/Users/gabe/Projects/gh-unit/Project/build/GHUnit.build/Release/Tests.build/DerivedSources -include /var/folders/Ex/ExrV3443Gey7aKvtaJPTTk++-FA/-Caches-/com.apple.Xcode.1299/SharedPrecompiledHeaders/Tests_Prefix-dluzdvmotkpjhaboufagezukcfrf/Tests_Prefix.pch -c /Users/gabe/Projects/gh-unit/Project/../Tests/GHTestLogTest.m -o /Users/gabe/Projects/gh-unit/Project/build/GHUnit.build/Release/Tests.build/Objects-normal/x86_64/GHTestLogTest.o0#

CCompileC build/GHUnit.build/Release/Tests.build/Objects-normal/x86_64/GHTestMacrosTest.o /Users/gabe/Projects/gh-unit/Project/../Tests/GHTestMacrosTest.m normal x86_64 objective-c com.apple.compilers.gcc.4_2
s305013508.733036
e305013508.996828
r1
xCompileC
xbuild/GHUnit.build/Release/Tests.build/Objects-normal/x86_64/GHTestMacrosTest.o
x/Users/gabe/Projects/gh-unit/Project/../Tests/GHTestMacrosTest.m
xnormal
xx86_64
xobjective-c
xcom.apple.compilers.gcc.4_2
lSLF07#2@72"Compile /Users/gabe/Projects/gh-unit/Project/../Tests/GHTestMacrosTest.m305013508#305013508#0(0"0(0#0#64"/Users/gabe/Projects/gh-unit/Project/../Tests/GHTestMacrosTest.m8703737344#1475"    cd /Users/gabe/Projects/gh-unit/Project    setenv LANG en_US.US-ASCII    /Developer-3.2.4/usr/bin/gcc-4.2 -x objective-c -arch x86_64 -fmessage-length=0 -pipe -std=c99 -Wno-trigraphs -fpascal-strings -fasm-blocks -Os -mdynamic-no-pic -Wreturn-type -Wunused-variable -isysroot /Developer-3.2.4/SDKs/MacOSX10.5.sdk -fvisibility=hidden -mmacosx-version-min=10.5 -gdwarf-2 -iquote /Users/gabe/Projects/gh-unit/Project/build/GHUnit.build/Release/Tests.build/Tests-generated-files.hmap -I/Users/gabe/Projects/gh-unit/Project/build/GHUnit.build/Release/Tests.build/Tests-own-target-headers.hmap -I/Users/gabe/Projects/gh-unit/Project/build/GHUnit.build/Release/Tests.build/Tests-all-target-headers.hmap -iquote /Users/gabe/Projects/gh-unit/Project/build/GHUnit.build/Release/Tests.build/Tests-project-headers.hmap -F/Users/gabe/Projects/gh-unit/Project/build/Release -I/Users/gabe/Projects/gh-unit/Project/build/Release/include -I/Users/gabe/Projects/gh-unit/Project/build/GHUnit.build/Release/Tests.build/DerivedSources/x86_64 -I/Users/gabe/Projects/gh-unit/Project/build/GHUnit.build/Release/Tests.build/DerivedSources -include /var/folders/Ex/ExrV3443Gey7aKvtaJPTTk++-FA/-Caches-/com.apple.Xcode.1299/SharedPrecompiledHeaders/Tests_Prefix-dluzdvmotkpjhaboufagezukcfrf/Tests_Prefix.pch -c /Users/gabe/Projects/gh-unit/Project/../Tests/GHTestMacrosTest.m -o /Users/gabe/Projects/gh-unit/Project/build/GHUnit.build/Release/Tests.build/Objects-normal/x86_64/GHTestMacrosTest.o0#

CCompileC build/GHUnit.build/Release/Tests.build/Objects-normal/x86_64/GHTestOnMainThread.o /Users/gabe/Projects/gh-unit/Project/../Tests/GHTestOnMainThread.m normal x86_64 objective-c com.apple.compilers.gcc.4_2
s305013508.662967
e305013509.004617
r1
xCompileC
xbuild/GHUnit.build/Release/Tests.build/Objects-normal/x86_64/GHTestOnMainThread.o
x/Users/gabe/Projects/gh-unit/Project/../Tests/GHTestOnMainThread.m
xnormal
xx86_64
xobjective-c
xcom.apple.compilers.gcc.4_2
lSLF07#2@74"Compile /Users/gabe/Projects/gh-unit/Project/../Tests/GHTestOnMainThread.m305013508#305013509#0(0"0(0#0#66"/Users/gabe/Projects/gh-unit/Project/../Tests/GHTestOnMainThread.m8690446176#1479"    cd /Users/gabe/Projects/gh-unit/Project    setenv LANG en_US.US-ASCII    /Developer-3.2.4/usr/bin/gcc-4.2 -x objective-c -arch x86_64 -fmessage-length=0 -pipe -std=c99 -Wno-trigraphs -fpascal-strings -fasm-blocks -Os -mdynamic-no-pic -Wreturn-type -Wunused-variable -isysroot /Developer-3.2.4/SDKs/MacOSX10.5.sdk -fvisibility=hidden -mmacosx-version-min=10.5 -gdwarf-2 -iquote /Users/gabe/Projects/gh-unit/Project/build/GHUnit.build/Release/Tests.build/Tests-generated-files.hmap -I/Users/gabe/Projects/gh-unit/Project/build/GHUnit.build/Release/Tests.build/Tests-own-target-headers.hmap -I/Users/gabe/Projects/gh-unit/Project/build/GHUnit.build/Release/Tests.build/Tests-all-target-headers.hmap -iquote /Users/gabe/Projects/gh-unit/Project/build/GHUnit.build/Release/Tests.build/Tests-project-headers.hmap -F/Users/gabe/Projects/gh-unit/Project/build/Release -I/Users/gabe/Projects/gh-unit/Project/build/Release/include -I/Users/gabe/Projects/gh-unit/Project/build/GHUnit.build/Release/Tests.build/DerivedSources/x86_64 -I/Users/gabe/Projects/gh-unit/Project/build/GHUnit.build/Release/Tests.build/DerivedSources -include /var/folders/Ex/ExrV3443Gey7aKvtaJPTTk++-FA/-Caches-/com.apple.Xcode.1299/SharedPrecompiledHeaders/Tests_Prefix-dluzdvmotkpjhaboufagezukcfrf/Tests_Prefix.pch -c /Users/gabe/Projects/gh-unit/Project/../Tests/GHTestOnMainThread.m -o /Users/gabe/Projects/gh-unit/Project/build/GHUnit.build/Release/Tests.build/Objects-normal/x86_64/GHTestOnMainThread.o0#

CCompileC build/GHUnit.build/Release/Tests.build/Objects-normal/x86_64/GHUnitTestMain.o /Users/gabe/Projects/gh-unit/Project/../Classes-MacOSX/GHUnitTestMain.m normal x86_64 objective-c com.apple.compilers.gcc.4_2
s305013508.348847
e305013508.591640
r1
xCompileC
xbuild/GHUnit.build/Release/Tests.build/Objects-normal/x86_64/GHUnitTestMain.o
x/Users/gabe/Projects/gh-unit/Project/../Classes-MacOSX/GHUnitTestMain.m
xnormal
xx86_64
xobjective-c
xcom.apple.compilers.gcc.4_2
lSLF07#2@79"Compile /Users/gabe/Projects/gh-unit/Project/../Classes-MacOSX/GHUnitTestMain.m305013508#305013508#0(0"0(0#0#71"/Users/gabe/Projects/gh-unit/Project/../Classes-MacOSX/GHUnitTestMain.m8682947104#1480"    cd /Users/gabe/Projects/gh-unit/Project    setenv LANG en_US.US-ASCII    /Developer-3.2.4/usr/bin/gcc-4.2 -x objective-c -arch x86_64 -fmessage-length=0 -pipe -std=c99 -Wno-trigraphs -fpascal-strings -fasm-blocks -Os -mdynamic-no-pic -Wreturn-type -Wunused-variable -isysroot /Developer-3.2.4/SDKs/MacOSX10.5.sdk -fvisibility=hidden -mmacosx-version-min=10.5 -gdwarf-2 -iquote /Users/gabe/Projects/gh-unit/Project/build/GHUnit.build/Release/Tests.build/Tests-generated-files.hmap -I/Users/gabe/Projects/gh-unit/Project/build/GHUnit.build/Release/Tests.build/Tests-own-target-headers.hmap -I/Users/gabe/Projects/gh-unit/Project/build/GHUnit.build/Release/Tests.build/Tests-all-target-headers.hmap -iquote /Users/gabe/Projects/gh-unit/Project/build/GHUnit.build/Release/Tests.build/Tests-project-headers.hmap -F/Users/gabe/Projects/gh-unit/Project/build/Release -I/Users/gabe/Projects/gh-unit/Project/build/Release/include -I/Users/gabe/Projects/gh-unit/Project/build/GHUnit.build/Release/Tests.build/DerivedSources/x86_64 -I/Users/gabe/Projects/gh-unit/Project/build/GHUnit.build/Release/Tests.build/DerivedSources -include /var/folders/Ex/ExrV3443Gey7aKvtaJPTTk++-FA/-Caches-/com.apple.Xcode.1299/SharedPrecompiledHeaders/Tests_Prefix-dluzdvmotkpjhaboufagezukcfrf/Tests_Prefix.pch -c /Users/gabe/Projects/gh-unit/Project/../Classes-MacOSX/GHUnitTestMain.m -o /Users/gabe/Projects/gh-unit/Project/build/GHUnit.build/Release/Tests.build/Objects-normal/x86_64/GHUnitTestMain.o0#

CCompileC build/GHUnit.build/Release/Tests.build/Objects-normal/x86_64/GTMSenTestCase.o /Users/gabe/Projects/gh-unit/Project/../Tests/GTM/GTMSenTestCase.m normal x86_64 objective-c com.apple.compilers.gcc.4_2
s305013507.976071
e305013508.210398
r0
xCompileC
xbuild/GHUnit.build/Release/Tests.build/Objects-normal/x86_64/GTMSenTestCase.o
x/Users/gabe/Projects/gh-unit/Project/../Tests/GTM/GTMSenTestCase.m
xnormal
xx86_64
xobjective-c
xcom.apple.compilers.gcc.4_2
oIn file included from /Users/gabe/Projects/gh-unit/Project/../Tests/GTM/GTMSenTestCase.m:19:
o/Users/gabe/Projects/gh-unit/Project/../Tests/GTM/GTMSenTestCase.h:57:40: error: SenTestingKit/SenTestingKit.h: No such file or directory
oIn file included from /Users/gabe/Projects/gh-unit/Project/../Tests/GTM/GTMSenTestCase.m:19:
o/Users/gabe/Projects/gh-unit/Project/../Tests/GTM/GTMSenTestCase.h:1004: error: cannot find interface declaration for 'SenTestCase', superclass of 'GTMTestCase'
o/Users/gabe/Projects/gh-unit/Project/../Tests/GTM/GTMSenTestCase.m:288: error: cannot find interface declaration for 'SenTestCase', superclass of 'GTMTestCase'
o/Users/gabe/Projects/gh-unit/Project/../Tests/GTM/GTMSenTestCase.m: In function '-[GTMTestCase invokeTest]':
o/Users/gabe/Projects/gh-unit/Project/../Tests/GTM/GTMSenTestCase.m:296: error: no super class declared in @interface for 'GTMTestCase'
lSLF07#2@74"Compile /Users/gabe/Projects/gh-unit/Project/../Tests/GTM/GTMSenTestCase.m305013507#305013508#0(889"In file included from /Users/gabe/Projects/gh-unit/Project/../Tests/GTM/GTMSenTestCase.m:19:/Users/gabe/Projects/gh-unit/Project/../Tests/GTM/GTMSenTestCase.h:57:40: error: SenTestingKit/SenTestingKit.h: No such file or directoryIn file included from /Users/gabe/Projects/gh-unit/Project/../Tests/GTM/GTMSenTestCase.m:19:/Users/gabe/Projects/gh-unit/Project/../Tests/GTM/GTMSenTestCase.h:1004: error: cannot find interface declaration for 'SenTestCase', superclass of 'GTMTestCase'/Users/gabe/Projects/gh-unit/Project/../Tests/GTM/GTMSenTestCase.m:288: error: cannot find interface declaration for 'SenTestCase', superclass of 'GTMTestCase'/Users/gabe/Projects/gh-unit/Project/../Tests/GTM/GTMSenTestCase.m: In function '-[GTMTestCase invokeTest]':/Users/gabe/Projects/gh-unit/Project/../Tests/GTM/GTMSenTestCase.m:296: error: no super class declared in @interface for 'GTMTestCase'4(4@56"SenTestingKit/SenTestingKit.h: No such file or directory305013508#93#138#2(7@88"In file included from /Users/gabe/Projects/gh-unit/Project/../Tests/GTM/GTMSenTestCase.m305013508#18446744073709551615#0#0(6@66"/Users/gabe/Projects/gh-unit/Project/../Tests/GTM/GTMSenTestCase.m303155834#19#0#19#0#0"0(13@126"SenTestingKit/SenTestingKit.h: No such file or directory in /Users/gabe/Projects/gh-unit/Project/../Tests/GTM/GTMSenTestCase.h305013508#18446744073709551615#0#0(6@66"/Users/gabe/Projects/gh-unit/Project/../Tests/GTM/GTMSenTestCase.h305011062#57#0#57#0#0"0(6@66"/Users/gabe/Projects/gh-unit/Project/../Tests/GTM/GTMSenTestCase.h305011062#57#0#57#0#28"*: No such file or directory0(4@80"Cannot find interface declaration for 'SenTestCase', superclass of 'GTMTestCase'305013508#324#161#2(7@88"In file included from /Users/gabe/Projects/gh-unit/Project/../Tests/GTM/GTMSenTestCase.m305013508#18446744073709551615#0#0(6@66"/Users/gabe/Projects/gh-unit/Project/../Tests/GTM/GTMSenTestCase.m303155834#19#0#19#0#0"0(13@150"Cannot find interface declaration for 'SenTestCase', superclass of 'GTMTestCase' in /Users/gabe/Projects/gh-unit/Project/../Tests/GTM/GTMSenTestCase.h305013508#18446744073709551615#0#0(6@66"/Users/gabe/Projects/gh-unit/Project/../Tests/GTM/GTMSenTestCase.h305011062#1004#0#1004#0#0"0(6@66"/Users/gabe/Projects/gh-unit/Project/../Tests/GTM/GTMSenTestCase.h305011062#1004#0#1004#0#60"cannot find interface declaration for '*', superclass of '*'0(4@80"Cannot find interface declaration for 'SenTestCase', superclass of 'GTMTestCase'305013508#485#160#0(6@66"/Users/gabe/Projects/gh-unit/Project/../Tests/GTM/GTMSenTestCase.m303155834#288#0#288#0#60"cannot find interface declaration for '*', superclass of '*'0(4@55"No super class declared in @interface for 'GTMTestCase'305013508#754#135#0(6@66"/Users/gabe/Projects/gh-unit/Project/../Tests/GTM/GTMSenTestCase.m303155834#296#0#296#0#0"0(0#0#66"/Users/gabe/Projects/gh-unit/Project/../Tests/GTM/GTMSenTestCase.m8723430784#1475"    cd /Users/gabe/Projects/gh-unit/Project    setenv LANG en_US.US-ASCII    /Developer-3.2.4/usr/bin/gcc-4.2 -x objective-c -arch x86_64 -fmessage-length=0 -pipe -std=c99 -Wno-trigraphs -fpascal-strings -fasm-blocks -Os -mdynamic-no-pic -Wreturn-type -Wunused-variable -isysroot /Developer-3.2.4/SDKs/MacOSX10.5.sdk -fvisibility=hidden -mmacosx-version-min=10.5 -gdwarf-2 -iquote /Users/gabe/Projects/gh-unit/Project/build/GHUnit.build/Release/Tests.build/Tests-generated-files.hmap -I/Users/gabe/Projects/gh-unit/Project/build/GHUnit.build/Release/Tests.build/Tests-own-target-headers.hmap -I/Users/gabe/Projects/gh-unit/Project/build/GHUnit.build/Release/Tests.build/Tests-all-target-headers.hmap -iquote /Users/gabe/Projects/gh-unit/Project/build/GHUnit.build/Release/Tests.build/Tests-project-headers.hmap -F/Users/gabe/Projects/gh-unit/Project/build/Release -I/Users/gabe/Projects/gh-unit/Project/build/Release/include -I/Users/gabe/Projects/gh-unit/Project/build/GHUnit.build/Release/Tests.build/DerivedSources/x86_64 -I/Users/gabe/Projects/gh-unit/Project/build/GHUnit.build/Release/Tests.build/DerivedSources -include /var/folders/Ex/ExrV3443Gey7aKvtaJPTTk++-FA/-Caches-/com.apple.Xcode.1299/SharedPrecompiledHeaders/Tests_Prefix-dluzdvmotkpjhaboufagezukcfrf/Tests_Prefix.pch -c /Users/gabe/Projects/gh-unit/Project/../Tests/GTM/GTMSenTestCase.m -o /Users/gabe/Projects/gh-unit/Project/build/GHUnit.build/Release/Tests.build/Objects-normal/x86_64/GTMSenTestCase.o1#

CCpResource build/Release/Tests.app/Contents/Resources/example.json ../Tests/Data/example.json
s305013500.587047
e305013500.592378
r1
xCpResource
xbuild/Release/Tests.app/Contents/Resources/example.json
x../Tests/Data/example.json
lSLF07#2@31"Copy ../Tests/Data/example.json305013500#305013500#0(0"0(0#0#63"/Users/gabe/Projects/gh-unit/Project/../Tests/Data/example.json8741777632#363"    cd /Users/gabe/Projects/gh-unit/Project    /Developer-3.2.4/Library/PrivateFrameworks/DevToolsCore.framework/Resources/pbxcp -exclude .DS_Store -exclude CVS -exclude .svn -strip-debug-symbols -resolve-src-symlinks /Users/gabe/Projects/gh-unit/Project/../Tests/Data/example.json /Users/gabe/Projects/gh-unit/Project/build/Release/Tests.app/Contents/Resources0#

CCreateUniversalBinary /Users/gabe/Projects/gh-unit/Project/build/Release/Tests.app/Contents/MacOS/Tests normal "i386 ppc"
s305013741.611221
e305013741.616595
r1
xCreateUniversalBinary
x/Users/gabe/Projects/gh-unit/Project/build/Release/Tests.app/Contents/MacOS/Tests
xnormal
xi386 ppc
lSLF07#2@84"CreateUniversalBinary build/Release/Tests.app/Contents/MacOS/Tests normal "i386 ppc"305013741#305013741#0(0"0(0#0#45"/Users/gabe/Projects/gh-unit/Project/i386 ppc8747554016#363"    cd /Users/gabe/Projects/gh-unit/Project    /usr/bin/lipo -create /Users/gabe/Projects/gh-unit/Project/build/GHUnit.build/Release/Tests.build/Objects-normal/i386/Tests /Users/gabe/Projects/gh-unit/Project/build/GHUnit.build/Release/Tests.build/Objects-normal/ppc/Tests -output /Users/gabe/Projects/gh-unit/Project/build/Release/Tests.app/Contents/MacOS/Tests0#

CCreateUniversalBinary /Users/gabe/Projects/gh-unit/Project/build/Release/Tests.app/Contents/MacOS/Tests normal "x86_64 i386 ppc"
r0

CGenerateDSYMFile /Users/gabe/Projects/gh-unit/Project/build/Release/Tests.app.dSYM /Users/gabe/Projects/gh-unit/Project/build/Release/Tests.app/Contents/MacOS/Tests
s305013741.616690
e305013741.639469
r1
xGenerateDSYMFile
x/Users/gabe/Projects/gh-unit/Project/build/Release/Tests.app.dSYM
x/Users/gabe/Projects/gh-unit/Project/build/Release/Tests.app/Contents/MacOS/Tests
lSLF07#2@90"GenerateDSYMFile build/Release/Tests.app.dSYM build/Release/Tests.app/Contents/MacOS/Tests305013741#305013741#0(0"0(0#0#81"/Users/gabe/Projects/gh-unit/Project/build/Release/Tests.app/Contents/MacOS/Tests8744552960#233"    cd /Users/gabe/Projects/gh-unit/Project    /Developer-3.2.4/usr/bin/dsymutil /Users/gabe/Projects/gh-unit/Project/build/Release/Tests.app/Contents/MacOS/Tests -o /Users/gabe/Projects/gh-unit/Project/build/Release/Tests.app.dSYM0#

CLd /Users/gabe/Projects/gh-unit/Project/build/GHUnit.build/Release/Tests.build/Objects-normal/i386/Tests normal i386
s305013741.522704
e305013741.611126
r1
xLd
x/Users/gabe/Projects/gh-unit/Project/build/GHUnit.build/Release/Tests.build/Objects-normal/i386/Tests
xnormal
xi386
lSLF07#2@106"Link /Users/gabe/Projects/gh-unit/Project/build/GHUnit.build/Release/Tests.build/Objects-normal/i386/Tests305013741#305013741#0(0"0(0#0#0"8710369664#625"    cd /Users/gabe/Projects/gh-unit/Project    setenv MACOSX_DEPLOYMENT_TARGET 10.5    /Developer-3.2.4/usr/bin/gcc-4.2 -arch i386 -isysroot /Developer-3.2.4/SDKs/MacOSX10.5.sdk -L/Users/gabe/Projects/gh-unit/Project/build/Release -F/Users/gabe/Projects/gh-unit/Project/build/Release -filelist /Users/gabe/Projects/gh-unit/Project/build/GHUnit.build/Release/Tests.build/Objects-normal/i386/Tests.LinkFileList -mmacosx-version-min=10.5 -framework Foundation -framework AppKit -framework GHUnit -framework SenTestingKit -o /Users/gabe/Projects/gh-unit/Project/build/GHUnit.build/Release/Tests.build/Objects-normal/i386/Tests0#

CLd /Users/gabe/Projects/gh-unit/Project/build/GHUnit.build/Release/Tests.build/Objects-normal/ppc/Tests normal ppc
s305013741.525507
e305013741.610727
r1
xLd
x/Users/gabe/Projects/gh-unit/Project/build/GHUnit.build/Release/Tests.build/Objects-normal/ppc/Tests
xnormal
xppc
lSLF07#2@105"Link /Users/gabe/Projects/gh-unit/Project/build/GHUnit.build/Release/Tests.build/Objects-normal/ppc/Tests305013741#305013741#0(0"0(0#0#0"8705177152#622"    cd /Users/gabe/Projects/gh-unit/Project    setenv MACOSX_DEPLOYMENT_TARGET 10.5    /Developer-3.2.4/usr/bin/gcc-4.2 -arch ppc -isysroot /Developer-3.2.4/SDKs/MacOSX10.5.sdk -L/Users/gabe/Projects/gh-unit/Project/build/Release -F/Users/gabe/Projects/gh-unit/Project/build/Release -filelist /Users/gabe/Projects/gh-unit/Project/build/GHUnit.build/Release/Tests.build/Objects-normal/ppc/Tests.LinkFileList -mmacosx-version-min=10.5 -framework Foundation -framework AppKit -framework GHUnit -framework SenTestingKit -o /Users/gabe/Projects/gh-unit/Project/build/GHUnit.build/Release/Tests.build/Objects-normal/ppc/Tests0#

CLd /Users/gabe/Projects/gh-unit/Project/build/GHUnit.build/Release/Tests.build/Objects-normal/x86_64/Tests normal x86_64
r0

CPBXCp build/Release/SenTestingKit.framework /Developer-3.2.4/Library/Frameworks/SenTestingKit.framework
s305013510.979942
e305013511.201717
r1
xPBXCp
xbuild/Release/SenTestingKit.framework
x/Developer-3.2.4/Library/Frameworks/SenTestingKit.framework
ostrip: changes being made to the file will invalidate the code signature in: /Developer-3.2.4/Library/Frameworks/SenTestingKit.framework/Versions/A/SenTestingKit (for architecture x86_64)
ostrip: changes being made to the file will invalidate the code signature in: /Developer-3.2.4/Library/Frameworks/SenTestingKit.framework/Versions/A/SenTestingKit (for architecture i386)
ostrip: changes being made to the file will invalidate the code signature in: /Developer-3.2.4/Library/Frameworks/SenTestingKit.framework/Versions/A/SenTestingKit (for architecture ppc7400)
lSLF07#2@64"Copy /Developer-3.2.4/Library/Frameworks/SenTestingKit.framework305013510#305013511#0(563"strip: changes being made to the file will invalidate the code signature in: /Developer-3.2.4/Library/Frameworks/SenTestingKit.framework/Versions/A/SenTestingKit (for architecture x86_64)strip: changes being made to the file will invalidate the code signature in: /Developer-3.2.4/Library/Frameworks/SenTestingKit.framework/Versions/A/SenTestingKit (for architecture i386)strip: changes being made to the file will invalidate the code signature in: /Developer-3.2.4/Library/Frameworks/SenTestingKit.framework/Versions/A/SenTestingKit (for architecture ppc7400)0(0#0#59"/Developer-3.2.4/Library/Frameworks/SenTestingKit.framework8672816928#330"    cd /Users/gabe/Projects/gh-unit/Project    /Developer-3.2.4/Library/PrivateFrameworks/DevToolsCore.framework/Resources/pbxcp -exclude .DS_Store -exclude CVS -exclude .svn -strip-debug-symbols -resolve-src-symlinks /Developer-3.2.4/Library/Frameworks/SenTestingKit.framework /Users/gabe/Projects/gh-unit/Project/build/Release0#

CPhaseScriptExecution "Run Script" /Users/gabe/Projects/gh-unit/Project/build/GHUnit.build/Release/Tests.build/Script-00C1A2DC0F5284E700FCCA14.sh
s305013743.553169
e305013743.573897
r1
xPhaseScriptExecution
xRun Script
x/Users/gabe/Projects/gh-unit/Project/build/GHUnit.build/Release/Tests.build/Script-00C1A2DC0F5284E700FCCA14.sh
lSLF07#2@36"Run custom shell script 'Run Script'305013743#305013743#0(0"0(0#0#0"8757912416#170"    cd /Users/gabe/Projects/gh-unit/Project    /bin/sh -c /Users/gabe/Projects/gh-unit/Project/build/GHUnit.build/Release/Tests.build/Script-00C1A2DC0F5284E700FCCA14.sh0#

CProcessInfoPlistFile /Users/gabe/Projects/gh-unit/Project/build/Release/Tests.app/Contents/Info.plist Test-Info.plist
s305013647.437523
e305013647.441586
r0
xProcessInfoPlistFile
x/Users/gabe/Projects/gh-unit/Project/build/Release/Tests.app/Contents/Info.plist
xTest-Info.plist
lSLF07#2@23"Process Test-Info.plist305013647#305013647#0(90"error: The file Test-Info.plist couldnt be opened because there is no such file.1(4@82"The file Test-Info.plist couldnt be opened because there is no such file.305013647#18446744073709551615#0#0(6@0"305013647#0#0#0#0#0"0(0#0#52"/Users/gabe/Projects/gh-unit/Project/Test-Info.plist8753427520#301"    cd /Users/gabe/Projects/gh-unit/Project    builtin-infoPlistUtility Test-Info.plist -genpkginfo /Users/gabe/Projects/gh-unit/Project/build/Release/Tests.app/Contents/PkgInfo -expandbuildsettings -platform macosx -o /Users/gabe/Projects/gh-unit/Project/build/Release/Tests.app/Contents/Info.plist1#

CProcessInfoPlistFile /Users/gabe/Projects/gh-unit/Project/build/Release/Tests.app/Contents/Info.plist Tests-Info.plist
s305013666.894245
e305013666.899017
r1
xProcessInfoPlistFile
x/Users/gabe/Projects/gh-unit/Project/build/Release/Tests.app/Contents/Info.plist
xTests-Info.plist
lSLF07#2@24"Process Tests-Info.plist305013666#305013666#0(0"0(0#0#53"/Users/gabe/Projects/gh-unit/Project/Tests-Info.plist8643570464#302"    cd /Users/gabe/Projects/gh-unit/Project    builtin-infoPlistUtility Tests-Info.plist -genpkginfo /Users/gabe/Projects/gh-unit/Project/build/Release/Tests.app/Contents/PkgInfo -expandbuildsettings -platform macosx -o /Users/gabe/Projects/gh-unit/Project/build/Release/Tests.app/Contents/Info.plist0#

CProcessPCH /var/folders/Ex/ExrV3443Gey7aKvtaJPTTk++-FA/-Caches-/com.apple.Xcode.1299/SharedPrecompiledHeaders/Tests_Prefix-dluzdvmotkpjhaboufagezukcfrf/Tests_Prefix.pch.gch Tests_Prefix.pch normal x86_64 objective-c com.apple.compilers.gcc.4_2
s305013500.592509
e305013507.686503
r1
xProcessPCH
x/var/folders/Ex/ExrV3443Gey7aKvtaJPTTk++-FA/-Caches-/com.apple.Xcode.1299/SharedPrecompiledHeaders/Tests_Prefix-dluzdvmotkpjhaboufagezukcfrf/Tests_Prefix.pch.gch
xTests_Prefix.pch
xnormal
xx86_64
xobjective-c
xcom.apple.compilers.gcc.4_2
lSLF07#2@27"Precompile Tests_Prefix.pch305013500#305013507#0(0"0(0#0#53"/Users/gabe/Projects/gh-unit/Project/Tests_Prefix.pch8739809984#1349"    cd /Users/gabe/Projects/gh-unit/Project    setenv LANG en_US.US-ASCII    /Developer-3.2.4/usr/bin/gcc-4.2 -x objective-c-header -arch x86_64 -fmessage-length=0 -pipe -std=c99 -Wno-trigraphs -fpascal-strings -fasm-blocks -Os -mdynamic-no-pic -Wreturn-type -Wunused-variable -isysroot /Developer-3.2.4/SDKs/MacOSX10.5.sdk -fvisibility=hidden -mmacosx-version-min=10.5 -gdwarf-2 -iquote /Users/gabe/Projects/gh-unit/Project/build/GHUnit.build/Release/Tests.build/Tests-generated-files.hmap -I/Users/gabe/Projects/gh-unit/Project/build/GHUnit.build/Release/Tests.build/Tests-own-target-headers.hmap -I/Users/gabe/Projects/gh-unit/Project/build/GHUnit.build/Release/Tests.build/Tests-all-target-headers.hmap -iquote /Users/gabe/Projects/gh-unit/Project/build/GHUnit.build/Release/Tests.build/Tests-project-headers.hmap -F/Users/gabe/Projects/gh-unit/Project/build/Release -I/Users/gabe/Projects/gh-unit/Project/build/Release/include -I/Users/gabe/Projects/gh-unit/Project/build/GHUnit.build/Release/Tests.build/DerivedSources/x86_64 -I/Users/gabe/Projects/gh-unit/Project/build/GHUnit.build/Release/Tests.build/DerivedSources -c /Users/gabe/Projects/gh-unit/Project/Tests_Prefix.pch -o /var/folders/Ex/ExrV3443Gey7aKvtaJPTTk++-FA/-Caches-/com.apple.Xcode.1299/SharedPrecompiledHeaders/Tests_Prefix-dluzdvmotkpjhaboufagezukcfrf/Tests_Prefix.pch.gch0#

CProcessPCH /var/folders/Ex/ExrV3443Gey7aKvtaJPTTk++-FA/-Caches-/com.apple.Xcode.1299/SharedPrecompiledHeaders/Tests_Prefix-evvyfngimdqbfgcnixrnsubjzysr/Tests_Prefix.pch.gch Tests_Prefix.pch normal ppc objective-c com.apple.compilers.gcc.4_2
s305013647.441988
e305013650.383574
r1
xProcessPCH
x/var/folders/Ex/ExrV3443Gey7aKvtaJPTTk++-FA/-Caches-/com.apple.Xcode.1299/SharedPrecompiledHeaders/Tests_Prefix-evvyfngimdqbfgcnixrnsubjzysr/Tests_Prefix.pch.gch
xTests_Prefix.pch
xnormal
xppc
xobjective-c
xcom.apple.compilers.gcc.4_2
lSLF07#2@27"Precompile Tests_Prefix.pch305013647#305013650#0(0"0(0#0#53"/Users/gabe/Projects/gh-unit/Project/Tests_Prefix.pch8747172544#1353"    cd /Users/gabe/Projects/gh-unit/Project    setenv LANG en_US.US-ASCII    /Developer-3.2.4/usr/bin/gcc-4.2 -x objective-c-header -arch ppc -fmessage-length=0 -pipe -std=c99 -Wno-trigraphs -fpascal-strings -fasm-blocks -Os -mdynamic-no-pic -Wreturn-type -Wunused-variable -isysroot /Developer-3.2.4/SDKs/MacOSX10.5.sdk -mtune=G4 -fvisibility=hidden -mmacosx-version-min=10.5 -gdwarf-2 -iquote /Users/gabe/Projects/gh-unit/Project/build/GHUnit.build/Release/Tests.build/Tests-generated-files.hmap -I/Users/gabe/Projects/gh-unit/Project/build/GHUnit.build/Release/Tests.build/Tests-own-target-headers.hmap -I/Users/gabe/Projects/gh-unit/Project/build/GHUnit.build/Release/Tests.build/Tests-all-target-headers.hmap -iquote /Users/gabe/Projects/gh-unit/Project/build/GHUnit.build/Release/Tests.build/Tests-project-headers.hmap -F/Users/gabe/Projects/gh-unit/Project/build/Release -I/Users/gabe/Projects/gh-unit/Project/build/Release/include -I/Users/gabe/Projects/gh-unit/Project/build/GHUnit.build/Release/Tests.build/DerivedSources/ppc -I/Users/gabe/Projects/gh-unit/Project/build/GHUnit.build/Release/Tests.build/DerivedSources -c /Users/gabe/Projects/gh-unit/Project/Tests_Prefix.pch -o /var/folders/Ex/ExrV3443Gey7aKvtaJPTTk++-FA/-Caches-/com.apple.Xcode.1299/SharedPrecompiledHeaders/Tests_Prefix-evvyfngimdqbfgcnixrnsubjzysr/Tests_Prefix.pch.gch0#

CProcessPCH /var/folders/Ex/ExrV3443Gey7aKvtaJPTTk++-FA/-Caches-/com.apple.Xcode.1299/SharedPrecompiledHeaders/Tests_Prefix-fstlyidtcbodrndbqcuhrfiovrzo/Tests_Prefix.pch.gch Tests_Prefix.pch normal ppc objective-c com.apple.compilers.gcc.4_2
s305013500.594199
e305013507.512651
r1
xProcessPCH
x/var/folders/Ex/ExrV3443Gey7aKvtaJPTTk++-FA/-Caches-/com.apple.Xcode.1299/SharedPrecompiledHeaders/Tests_Prefix-fstlyidtcbodrndbqcuhrfiovrzo/Tests_Prefix.pch.gch
xTests_Prefix.pch
xnormal
xppc
xobjective-c
xcom.apple.compilers.gcc.4_2
lSLF07#2@27"Precompile Tests_Prefix.pch305013500#305013507#0(0"0(0#0#53"/Users/gabe/Projects/gh-unit/Project/Tests_Prefix.pch8733378080#1353"    cd /Users/gabe/Projects/gh-unit/Project    setenv LANG en_US.US-ASCII    /Developer-3.2.4/usr/bin/gcc-4.2 -x objective-c-header -arch ppc -fmessage-length=0 -pipe -std=c99 -Wno-trigraphs -fpascal-strings -fasm-blocks -Os -mdynamic-no-pic -Wreturn-type -Wunused-variable -isysroot /Developer-3.2.4/SDKs/MacOSX10.5.sdk -mtune=G5 -fvisibility=hidden -mmacosx-version-min=10.5 -gdwarf-2 -iquote /Users/gabe/Projects/gh-unit/Project/build/GHUnit.build/Release/Tests.build/Tests-generated-files.hmap -I/Users/gabe/Projects/gh-unit/Project/build/GHUnit.build/Release/Tests.build/Tests-own-target-headers.hmap -I/Users/gabe/Projects/gh-unit/Project/build/GHUnit.build/Release/Tests.build/Tests-all-target-headers.hmap -iquote /Users/gabe/Projects/gh-unit/Project/build/GHUnit.build/Release/Tests.build/Tests-project-headers.hmap -F/Users/gabe/Projects/gh-unit/Project/build/Release -I/Users/gabe/Projects/gh-unit/Project/build/Release/include -I/Users/gabe/Projects/gh-unit/Project/build/GHUnit.build/Release/Tests.build/DerivedSources/ppc -I/Users/gabe/Projects/gh-unit/Project/build/GHUnit.build/Release/Tests.build/DerivedSources -c /Users/gabe/Projects/gh-unit/Project/Tests_Prefix.pch -o /var/folders/Ex/ExrV3443Gey7aKvtaJPTTk++-FA/-Caches-/com.apple.Xcode.1299/SharedPrecompiledHeaders/Tests_Prefix-fstlyidtcbodrndbqcuhrfiovrzo/Tests_Prefix.pch.gch0#

CProcessPCH /var/folders/Ex/ExrV3443Gey7aKvtaJPTTk++-FA/-Caches-/com.apple.Xcode.1299/SharedPrecompiledHeaders/Tests_Prefix-hghlcfcnwzzklmaigqxkonckwzhp/Tests_Prefix.pch.gch Tests_Prefix.pch normal i386 objective-c com.apple.compilers.gcc.4_2
s305013500.593341
e305013507.971163
r1
xProcessPCH
x/var/folders/Ex/ExrV3443Gey7aKvtaJPTTk++-FA/-Caches-/com.apple.Xcode.1299/SharedPrecompiledHeaders/Tests_Prefix-hghlcfcnwzzklmaigqxkonckwzhp/Tests_Prefix.pch.gch
xTests_Prefix.pch
xnormal
xi386
xobjective-c
xcom.apple.compilers.gcc.4_2
lSLF07#2@27"Precompile Tests_Prefix.pch305013500#305013507#0(0"0(0#0#53"/Users/gabe/Projects/gh-unit/Project/Tests_Prefix.pch8736113408#1345"    cd /Users/gabe/Projects/gh-unit/Project    setenv LANG en_US.US-ASCII    /Developer-3.2.4/usr/bin/gcc-4.2 -x objective-c-header -arch i386 -fmessage-length=0 -pipe -std=c99 -Wno-trigraphs -fpascal-strings -fasm-blocks -Os -mdynamic-no-pic -Wreturn-type -Wunused-variable -isysroot /Developer-3.2.4/SDKs/MacOSX10.5.sdk -fvisibility=hidden -mmacosx-version-min=10.5 -gdwarf-2 -iquote /Users/gabe/Projects/gh-unit/Project/build/GHUnit.build/Release/Tests.build/Tests-generated-files.hmap -I/Users/gabe/Projects/gh-unit/Project/build/GHUnit.build/Release/Tests.build/Tests-own-target-headers.hmap -I/Users/gabe/Projects/gh-unit/Project/build/GHUnit.build/Release/Tests.build/Tests-all-target-headers.hmap -iquote /Users/gabe/Projects/gh-unit/Project/build/GHUnit.build/Release/Tests.build/Tests-project-headers.hmap -F/Users/gabe/Projects/gh-unit/Project/build/Release -I/Users/gabe/Projects/gh-unit/Project/build/Release/include -I/Users/gabe/Projects/gh-unit/Project/build/GHUnit.build/Release/Tests.build/DerivedSources/i386 -I/Users/gabe/Projects/gh-unit/Project/build/GHUnit.build/Release/Tests.build/DerivedSources -c /Users/gabe/Projects/gh-unit/Project/Tests_Prefix.pch -o /var/folders/Ex/ExrV3443Gey7aKvtaJPTTk++-FA/-Caches-/com.apple.Xcode.1299/SharedPrecompiledHeaders/Tests_Prefix-hghlcfcnwzzklmaigqxkonckwzhp/Tests_Prefix.pch.gch0#

CTouch /Users/gabe/Projects/gh-unit/Project/build/Release/Tests.app
s305013741.652169
e305013741.654522
r1
xTouch
x/Users/gabe/Projects/gh-unit/Project/build/Release/Tests.app
lSLF07#2@66"Touch /Users/gabe/Projects/gh-unit/Project/build/Release/Tests.app305013741#305013741#0(0"0(0#0#0"8727992416#127"    cd /Users/gabe/Projects/gh-unit/Project    /usr/bin/touch -c /Users/gabe/Projects/gh-unit/Project/build/Release/Tests.app0#

